
Gurobi 6.5.0 (linux64) logging started Mon 06 Jun 2016 12:46:28 PM EDT

Optimize a model with 216 rows, 1 columns and 136 nonzeros
Coefficient statistics:
  Matrix range    [1e+00, 1e+00]
  Objective range [1e+00, 1e+00]
  Bounds range    [0e+00, 0e+00]
  RHS range       [0e+00, 0e+00]
Found heuristic solution: objective 0
Presolve removed 216 rows and 1 columns
Presolve time: 0.01s
Presolve: All rows and columns removed

Explored 0 nodes (0 simplex iterations) in 0.01 seconds
Thread count was 1 (of 1 available processors)

Optimal solution found (tolerance 1.00e-04)
Best objective 0.000000000000e+00, best bound 0.000000000000e+00, gap 0.0%

Gurobi 6.5.0 (linux64) logging started Mon 06 Jun 2016 12:47:27 PM EDT

Optimize a model with 216 rows, 1 columns and 136 nonzeros
Coefficient statistics:
  Matrix range    [1e+00, 1e+00]
  Objective range [1e+00, 1e+00]
  Bounds range    [0e+00, 0e+00]
  RHS range       [0e+00, 0e+00]
Found heuristic solution: objective 0
Presolve removed 216 rows and 1 columns
Presolve time: 0.00s
Presolve: All rows and columns removed

Explored 0 nodes (0 simplex iterations) in 0.00 seconds
Thread count was 1 (of 1 available processors)

Optimal solution found (tolerance 1.00e-04)
Best objective 0.000000000000e+00, best bound 0.000000000000e+00, gap 0.0%

Gurobi 6.5.0 (linux64) logging started Mon 06 Jun 2016 12:51:50 PM EDT

Optimize a model with 216 rows, 1 columns and 136 nonzeros
Coefficient statistics:
  Matrix range    [1e+00, 1e+00]
  Objective range [1e+00, 1e+00]
  Bounds range    [0e+00, 0e+00]
  RHS range       [0e+00, 0e+00]
Found heuristic solution: objective 0
Presolve removed 216 rows and 1 columns
Presolve time: 0.00s
Presolve: All rows and columns removed

Explored 0 nodes (0 simplex iterations) in 0.00 seconds
Thread count was 1 (of 1 available processors)

Optimal solution found (tolerance 1.00e-04)
Best objective 0.000000000000e+00, best bound 0.000000000000e+00, gap 0.0%

Gurobi 6.5.0 (linux64) logging started Mon 06 Jun 2016 12:51:51 PM EDT

Optimize a model with 216 rows, 1 columns and 136 nonzeros
Coefficient statistics:
  Matrix range    [1e+00, 1e+00]
  Objective range [1e+00, 1e+00]
  Bounds range    [0e+00, 0e+00]
  RHS range       [0e+00, 0e+00]
Found heuristic solution: objective 0
Presolve removed 216 rows and 1 columns
Presolve time: 0.00s
Presolve: All rows and columns removed

Explored 0 nodes (0 simplex iterations) in 0.00 seconds
Thread count was 1 (of 1 available processors)

Optimal solution found (tolerance 1.00e-04)
Best objective 0.000000000000e+00, best bound 0.000000000000e+00, gap 0.0%

Gurobi 6.5.0 (linux64) logging started Mon 06 Jun 2016 12:52:33 PM EDT

Optimize a model with 216 rows, 1 columns and 136 nonzeros
Coefficient statistics:
  Matrix range    [1e+00, 1e+00]
  Objective range [1e+00, 1e+00]
  Bounds range    [0e+00, 0e+00]
  RHS range       [0e+00, 0e+00]
Found heuristic solution: objective 0
Presolve removed 216 rows and 1 columns
Presolve time: 0.00s
Presolve: All rows and columns removed

Explored 0 nodes (0 simplex iterations) in 0.00 seconds
Thread count was 1 (of 1 available processors)

Optimal solution found (tolerance 1.00e-04)
Best objective 0.000000000000e+00, best bound 0.000000000000e+00, gap 0.0%

Gurobi 6.5.0 (linux64) logging started Mon Jun  6 12:52:33 2016

Optimize a model with 216 rows, 1 columns and 136 nonzeros
Coefficient statistics:
  Matrix range    [1e+00, 1e+00]
  Objective range [1e+00, 1e+00]
  Bounds range    [0e+00, 0e+00]
  RHS range       [0e+00, 0e+00]
Found heuristic solution: objective 0
Presolve removed 216 rows and 1 columns
Presolve time: 0.00s
Presolve: All rows and columns removed

Explored 0 nodes (0 simplex iterations) in 0.00 seconds
Thread count was 1 (of 1 available processors)

Optimal solution found (tolerance 1.00e-04)
Best objective 0.000000000000e+00, best bound 0.000000000000e+00, gap 0.0%

Gurobi 6.5.0 (linux64) logging started Mon 06 Jun 2016 12:53:07 PM EDT

Optimize a model with 216 rows, 1 columns and 136 nonzeros
Coefficient statistics:
  Matrix range    [1e+00, 1e+00]
  Objective range [1e+00, 1e+00]
  Bounds range    [0e+00, 0e+00]
  RHS range       [0e+00, 0e+00]
Found heuristic solution: objective 0
Presolve removed 216 rows and 1 columns
Presolve time: 0.00s
Presolve: All rows and columns removed

Explored 0 nodes (0 simplex iterations) in 0.00 seconds
Thread count was 1 (of 1 available processors)

Optimal solution found (tolerance 1.00e-04)
Best objective 0.000000000000e+00, best bound 0.000000000000e+00, gap 0.0%

Gurobi 6.5.0 (linux64) logging started Mon 06 Jun 2016 12:56:15 PM EDT

Optimize a model with 216 rows, 1 columns and 136 nonzeros
Coefficient statistics:
  Matrix range    [1e+00, 1e+00]
  Objective range [1e+00, 1e+00]
  Bounds range    [0e+00, 0e+00]
  RHS range       [0e+00, 0e+00]
Found heuristic solution: objective 0
Presolve removed 216 rows and 1 columns
Presolve time: 0.00s
Presolve: All rows and columns removed

Explored 0 nodes (0 simplex iterations) in 0.00 seconds
Thread count was 1 (of 1 available processors)

Optimal solution found (tolerance 1.00e-04)
Best objective 0.000000000000e+00, best bound 0.000000000000e+00, gap 0.0%

Gurobi 6.5.0 (linux64) logging started Mon 06 Jun 2016 12:57:35 PM EDT

Optimize a model with 216 rows, 1 columns and 136 nonzeros
Coefficient statistics:
  Matrix range    [1e+00, 1e+00]
  Objective range [1e+00, 1e+00]
  Bounds range    [0e+00, 0e+00]
  RHS range       [0e+00, 0e+00]
Found heuristic solution: objective 0
Presolve removed 216 rows and 1 columns
Presolve time: 0.00s
Presolve: All rows and columns removed

Explored 0 nodes (0 simplex iterations) in 0.00 seconds
Thread count was 1 (of 1 available processors)

Optimal solution found (tolerance 1.00e-04)
Best objective 0.000000000000e+00, best bound 0.000000000000e+00, gap 0.0%

Gurobi 6.5.0 (linux64) logging started Mon 06 Jun 2016 12:58:47 PM EDT

Optimize a model with 216 rows, 1 columns and 136 nonzeros
Coefficient statistics:
  Matrix range    [1e+00, 1e+00]
  Objective range [1e+00, 1e+00]
  Bounds range    [0e+00, 0e+00]
  RHS range       [0e+00, 0e+00]
Found heuristic solution: objective 0
Presolve removed 216 rows and 1 columns
Presolve time: 0.00s
Presolve: All rows and columns removed

Explored 0 nodes (0 simplex iterations) in 0.00 seconds
Thread count was 1 (of 1 available processors)

Optimal solution found (tolerance 1.00e-04)
Best objective 0.000000000000e+00, best bound 0.000000000000e+00, gap 0.0%

Gurobi 6.5.0 (linux64) logging started Mon 06 Jun 2016 01:03:15 PM EDT

Optimize a model with 216 rows, 1 columns and 136 nonzeros
Coefficient statistics:
  Matrix range    [1e+00, 1e+00]
  Objective range [1e+00, 1e+00]
  Bounds range    [0e+00, 0e+00]
  RHS range       [0e+00, 0e+00]
Found heuristic solution: objective 0
Presolve removed 216 rows and 1 columns
Presolve time: 0.00s
Presolve: All rows and columns removed

Explored 0 nodes (0 simplex iterations) in 0.00 seconds
Thread count was 1 (of 1 available processors)

Optimal solution found (tolerance 1.00e-04)
Best objective 0.000000000000e+00, best bound 0.000000000000e+00, gap 0.0%

Gurobi 6.5.0 (linux64) logging started Mon 06 Jun 2016 01:06:13 PM EDT

Optimize a model with 216 rows, 1 columns and 136 nonzeros
Coefficient statistics:
  Matrix range    [1e+00, 1e+00]
  Objective range [1e+00, 1e+00]
  Bounds range    [0e+00, 0e+00]
  RHS range       [0e+00, 0e+00]
Found heuristic solution: objective 0
Presolve removed 216 rows and 1 columns
Presolve time: 0.00s
Presolve: All rows and columns removed

Explored 0 nodes (0 simplex iterations) in 0.00 seconds
Thread count was 1 (of 1 available processors)

Optimal solution found (tolerance 1.00e-04)
Best objective 0.000000000000e+00, best bound 0.000000000000e+00, gap 0.0%

Gurobi 6.5.0 (linux64) logging started Mon 06 Jun 2016 01:06:52 PM EDT

Optimize a model with 216 rows, 1 columns and 136 nonzeros
Coefficient statistics:
  Matrix range    [1e+00, 1e+00]
  Objective range [1e+00, 1e+00]
  Bounds range    [0e+00, 0e+00]
  RHS range       [0e+00, 0e+00]
Found heuristic solution: objective 0
Presolve removed 216 rows and 1 columns
Presolve time: 0.00s
Presolve: All rows and columns removed

Explored 0 nodes (0 simplex iterations) in 0.00 seconds
Thread count was 1 (of 1 available processors)

Optimal solution found (tolerance 1.00e-04)
Best objective 0.000000000000e+00, best bound 0.000000000000e+00, gap 0.0%

Gurobi 6.5.0 (linux64) logging started Mon 06 Jun 2016 01:07:33 PM EDT

Optimize a model with 216 rows, 1 columns and 136 nonzeros
Coefficient statistics:
  Matrix range    [1e+00, 1e+00]
  Objective range [1e+00, 1e+00]
  Bounds range    [0e+00, 0e+00]
  RHS range       [0e+00, 0e+00]
Found heuristic solution: objective 0
Presolve removed 216 rows and 1 columns
Presolve time: 0.00s
Presolve: All rows and columns removed

Explored 0 nodes (0 simplex iterations) in 0.00 seconds
Thread count was 1 (of 1 available processors)

Optimal solution found (tolerance 1.00e-04)
Best objective 0.000000000000e+00, best bound 0.000000000000e+00, gap 0.0%

Gurobi 6.5.0 (linux64) logging started Mon 06 Jun 2016 01:08:17 PM EDT

Optimize a model with 216 rows, 1 columns and 136 nonzeros
Coefficient statistics:
  Matrix range    [1e+00, 1e+00]
  Objective range [1e+00, 1e+00]
  Bounds range    [0e+00, 0e+00]
  RHS range       [0e+00, 0e+00]
Found heuristic solution: objective 0
Presolve removed 216 rows and 1 columns
Presolve time: 0.00s
Presolve: All rows and columns removed

Explored 0 nodes (0 simplex iterations) in 0.00 seconds
Thread count was 1 (of 1 available processors)

Optimal solution found (tolerance 1.00e-04)
Best objective 0.000000000000e+00, best bound 0.000000000000e+00, gap 0.0%

Gurobi 6.5.0 (linux64) logging started Mon 06 Jun 2016 01:08:28 PM EDT

Optimize a model with 216 rows, 1 columns and 136 nonzeros
Coefficient statistics:
  Matrix range    [1e+00, 1e+00]
  Objective range [1e+00, 1e+00]
  Bounds range    [0e+00, 0e+00]
  RHS range       [0e+00, 0e+00]
Found heuristic solution: objective 0
Presolve removed 216 rows and 1 columns
Presolve time: 0.00s
Presolve: All rows and columns removed

Explored 0 nodes (0 simplex iterations) in 0.00 seconds
Thread count was 1 (of 1 available processors)

Optimal solution found (tolerance 1.00e-04)
Best objective 0.000000000000e+00, best bound 0.000000000000e+00, gap 0.0%

Gurobi 6.5.0 (linux64) logging started Mon 06 Jun 2016 01:08:29 PM EDT

Optimize a model with 216 rows, 1 columns and 136 nonzeros
Coefficient statistics:
  Matrix range    [1e+00, 1e+00]
  Objective range [1e+00, 1e+00]
  Bounds range    [0e+00, 0e+00]
  RHS range       [0e+00, 0e+00]
Found heuristic solution: objective 0
Presolve removed 216 rows and 1 columns
Presolve time: 0.00s
Presolve: All rows and columns removed

Explored 0 nodes (0 simplex iterations) in 0.00 seconds
Thread count was 1 (of 1 available processors)

Optimal solution found (tolerance 1.00e-04)
Best objective 0.000000000000e+00, best bound 0.000000000000e+00, gap 0.0%

Gurobi 6.5.0 (linux64) logging started Mon 06 Jun 2016 01:08:30 PM EDT

Optimize a model with 216 rows, 1 columns and 136 nonzeros
Coefficient statistics:
  Matrix range    [1e+00, 1e+00]
  Objective range [1e+00, 1e+00]
  Bounds range    [0e+00, 0e+00]
  RHS range       [0e+00, 0e+00]
Found heuristic solution: objective 0
Presolve removed 216 rows and 1 columns
Presolve time: 0.00s
Presolve: All rows and columns removed

Explored 0 nodes (0 simplex iterations) in 0.00 seconds
Thread count was 1 (of 1 available processors)

Optimal solution found (tolerance 1.00e-04)
Best objective 0.000000000000e+00, best bound 0.000000000000e+00, gap 0.0%

Gurobi 6.5.0 (linux64) logging started Mon 06 Jun 2016 01:08:31 PM EDT

Optimize a model with 216 rows, 1 columns and 136 nonzeros
Coefficient statistics:
  Matrix range    [1e+00, 1e+00]
  Objective range [1e+00, 1e+00]
  Bounds range    [0e+00, 0e+00]
  RHS range       [0e+00, 0e+00]
Found heuristic solution: objective 0
Presolve removed 216 rows and 1 columns
Presolve time: 0.00s
Presolve: All rows and columns removed

Explored 0 nodes (0 simplex iterations) in 0.00 seconds
Thread count was 1 (of 1 available processors)

Optimal solution found (tolerance 1.00e-04)
Best objective 0.000000000000e+00, best bound 0.000000000000e+00, gap 0.0%

Gurobi 6.5.0 (linux64) logging started Mon 06 Jun 2016 01:08:32 PM EDT

Optimize a model with 216 rows, 1 columns and 136 nonzeros
Coefficient statistics:
  Matrix range    [1e+00, 1e+00]
  Objective range [1e+00, 1e+00]
  Bounds range    [0e+00, 0e+00]
  RHS range       [0e+00, 0e+00]
Found heuristic solution: objective 0
Presolve removed 216 rows and 1 columns
Presolve time: 0.00s
Presolve: All rows and columns removed

Explored 0 nodes (0 simplex iterations) in 0.00 seconds
Thread count was 1 (of 1 available processors)

Optimal solution found (tolerance 1.00e-04)
Best objective 0.000000000000e+00, best bound 0.000000000000e+00, gap 0.0%

Gurobi 6.5.0 (linux64) logging started Mon 06 Jun 2016 01:08:33 PM EDT

Optimize a model with 216 rows, 1 columns and 136 nonzeros
Coefficient statistics:
  Matrix range    [1e+00, 1e+00]
  Objective range [1e+00, 1e+00]
  Bounds range    [0e+00, 0e+00]
  RHS range       [0e+00, 0e+00]
Found heuristic solution: objective 0
Presolve removed 216 rows and 1 columns
Presolve time: 0.00s
Presolve: All rows and columns removed

Explored 0 nodes (0 simplex iterations) in 0.00 seconds
Thread count was 1 (of 1 available processors)

Optimal solution found (tolerance 1.00e-04)
Best objective 0.000000000000e+00, best bound 0.000000000000e+00, gap 0.0%

Gurobi 6.5.0 (linux64) logging started Mon 06 Jun 2016 01:08:34 PM EDT

Optimize a model with 216 rows, 1 columns and 136 nonzeros
Coefficient statistics:
  Matrix range    [1e+00, 1e+00]
  Objective range [1e+00, 1e+00]
  Bounds range    [0e+00, 0e+00]
  RHS range       [0e+00, 0e+00]
Found heuristic solution: objective 0
Presolve removed 216 rows and 1 columns
Presolve time: 0.00s
Presolve: All rows and columns removed

Explored 0 nodes (0 simplex iterations) in 0.00 seconds
Thread count was 1 (of 1 available processors)

Optimal solution found (tolerance 1.00e-04)
Best objective 0.000000000000e+00, best bound 0.000000000000e+00, gap 0.0%

Gurobi 6.5.0 (linux64) logging started Mon 06 Jun 2016 01:08:35 PM EDT

Optimize a model with 216 rows, 1 columns and 136 nonzeros
Coefficient statistics:
  Matrix range    [1e+00, 1e+00]
  Objective range [1e+00, 1e+00]
  Bounds range    [0e+00, 0e+00]
  RHS range       [0e+00, 0e+00]
Found heuristic solution: objective 0
Presolve removed 216 rows and 1 columns
Presolve time: 0.00s
Presolve: All rows and columns removed

Explored 0 nodes (0 simplex iterations) in 0.00 seconds
Thread count was 1 (of 1 available processors)

Optimal solution found (tolerance 1.00e-04)
Best objective 0.000000000000e+00, best bound 0.000000000000e+00, gap 0.0%

Gurobi 6.5.0 (linux64) logging started Mon 06 Jun 2016 01:08:36 PM EDT

Optimize a model with 216 rows, 1 columns and 136 nonzeros
Coefficient statistics:
  Matrix range    [1e+00, 1e+00]
  Objective range [1e+00, 1e+00]
  Bounds range    [0e+00, 0e+00]
  RHS range       [0e+00, 0e+00]
Found heuristic solution: objective 0
Presolve removed 216 rows and 1 columns
Presolve time: 0.00s
Presolve: All rows and columns removed

Explored 0 nodes (0 simplex iterations) in 0.00 seconds
Thread count was 1 (of 1 available processors)

Optimal solution found (tolerance 1.00e-04)
Best objective 0.000000000000e+00, best bound 0.000000000000e+00, gap 0.0%

Gurobi 6.5.0 (linux64) logging started Mon 06 Jun 2016 01:08:37 PM EDT

Optimize a model with 216 rows, 1 columns and 136 nonzeros
Coefficient statistics:
  Matrix range    [1e+00, 1e+00]
  Objective range [1e+00, 1e+00]
  Bounds range    [0e+00, 0e+00]
  RHS range       [0e+00, 0e+00]
Found heuristic solution: objective 0
Presolve removed 216 rows and 1 columns
Presolve time: 0.00s
Presolve: All rows and columns removed

Explored 0 nodes (0 simplex iterations) in 0.00 seconds
Thread count was 1 (of 1 available processors)

Optimal solution found (tolerance 1.00e-04)
Best objective 0.000000000000e+00, best bound 0.000000000000e+00, gap 0.0%

Gurobi 6.5.0 (linux64) logging started Mon 06 Jun 2016 01:08:38 PM EDT

Optimize a model with 216 rows, 1 columns and 136 nonzeros
Coefficient statistics:
  Matrix range    [1e+00, 1e+00]
  Objective range [1e+00, 1e+00]
  Bounds range    [0e+00, 0e+00]
  RHS range       [0e+00, 0e+00]
Found heuristic solution: objective 0
Presolve removed 216 rows and 1 columns
Presolve time: 0.00s
Presolve: All rows and columns removed

Explored 0 nodes (0 simplex iterations) in 0.00 seconds
Thread count was 1 (of 1 available processors)

Optimal solution found (tolerance 1.00e-04)
Best objective 0.000000000000e+00, best bound 0.000000000000e+00, gap 0.0%

Gurobi 6.5.0 (linux64) logging started Mon 06 Jun 2016 01:08:39 PM EDT

Optimize a model with 216 rows, 1 columns and 136 nonzeros
Coefficient statistics:
  Matrix range    [1e+00, 1e+00]
  Objective range [1e+00, 1e+00]
  Bounds range    [0e+00, 0e+00]
  RHS range       [0e+00, 0e+00]
Found heuristic solution: objective 0
Presolve removed 216 rows and 1 columns
Presolve time: 0.00s
Presolve: All rows and columns removed

Explored 0 nodes (0 simplex iterations) in 0.00 seconds
Thread count was 1 (of 1 available processors)

Optimal solution found (tolerance 1.00e-04)
Best objective 0.000000000000e+00, best bound 0.000000000000e+00, gap 0.0%

Gurobi 6.5.0 (linux64) logging started Mon 06 Jun 2016 01:08:40 PM EDT

Optimize a model with 216 rows, 1 columns and 136 nonzeros
Coefficient statistics:
  Matrix range    [1e+00, 1e+00]
  Objective range [1e+00, 1e+00]
  Bounds range    [0e+00, 0e+00]
  RHS range       [0e+00, 0e+00]
Found heuristic solution: objective 0
Presolve removed 216 rows and 1 columns
Presolve time: 0.00s
Presolve: All rows and columns removed

Explored 0 nodes (0 simplex iterations) in 0.00 seconds
Thread count was 1 (of 1 available processors)

Optimal solution found (tolerance 1.00e-04)
Best objective 0.000000000000e+00, best bound 0.000000000000e+00, gap 0.0%

Gurobi 6.5.0 (linux64) logging started Mon 06 Jun 2016 01:08:41 PM EDT

Optimize a model with 216 rows, 1 columns and 136 nonzeros
Coefficient statistics:
  Matrix range    [1e+00, 1e+00]
  Objective range [1e+00, 1e+00]
  Bounds range    [0e+00, 0e+00]
  RHS range       [0e+00, 0e+00]
Found heuristic solution: objective 0
Presolve removed 216 rows and 1 columns
Presolve time: 0.00s
Presolve: All rows and columns removed

Explored 0 nodes (0 simplex iterations) in 0.00 seconds
Thread count was 1 (of 1 available processors)

Optimal solution found (tolerance 1.00e-04)
Best objective 0.000000000000e+00, best bound 0.000000000000e+00, gap 0.0%

Gurobi 6.5.0 (linux64) logging started Mon 06 Jun 2016 01:08:42 PM EDT

Optimize a model with 216 rows, 1 columns and 136 nonzeros
Coefficient statistics:
  Matrix range    [1e+00, 1e+00]
  Objective range [1e+00, 1e+00]
  Bounds range    [0e+00, 0e+00]
  RHS range       [0e+00, 0e+00]
Found heuristic solution: objective 0
Presolve removed 216 rows and 1 columns
Presolve time: 0.00s
Presolve: All rows and columns removed

Explored 0 nodes (0 simplex iterations) in 0.00 seconds
Thread count was 1 (of 1 available processors)

Optimal solution found (tolerance 1.00e-04)
Best objective 0.000000000000e+00, best bound 0.000000000000e+00, gap 0.0%

Gurobi 6.5.0 (linux64) logging started Mon 06 Jun 2016 01:08:54 PM EDT

Optimize a model with 216 rows, 1 columns and 136 nonzeros
Coefficient statistics:
  Matrix range    [1e+00, 1e+00]
  Objective range [1e+00, 1e+00]
  Bounds range    [0e+00, 0e+00]
  RHS range       [0e+00, 0e+00]
Found heuristic solution: objective 0
Presolve removed 216 rows and 1 columns
Presolve time: 0.00s
Presolve: All rows and columns removed

Explored 0 nodes (0 simplex iterations) in 0.00 seconds
Thread count was 1 (of 1 available processors)

Optimal solution found (tolerance 1.00e-04)
Best objective 0.000000000000e+00, best bound 0.000000000000e+00, gap 0.0%

Gurobi 6.5.0 (linux64) logging started Mon 06 Jun 2016 01:08:56 PM EDT

Optimize a model with 216 rows, 1 columns and 136 nonzeros
Coefficient statistics:
  Matrix range    [1e+00, 1e+00]
  Objective range [1e+00, 1e+00]
  Bounds range    [0e+00, 0e+00]
  RHS range       [0e+00, 0e+00]
Found heuristic solution: objective 0
Presolve removed 216 rows and 1 columns
Presolve time: 0.00s
Presolve: All rows and columns removed

Explored 0 nodes (0 simplex iterations) in 0.00 seconds
Thread count was 1 (of 1 available processors)

Optimal solution found (tolerance 1.00e-04)
Best objective 0.000000000000e+00, best bound 0.000000000000e+00, gap 0.0%

Gurobi 6.5.0 (linux64) logging started Mon 06 Jun 2016 01:08:56 PM EDT

Optimize a model with 216 rows, 1 columns and 136 nonzeros
Coefficient statistics:
  Matrix range    [1e+00, 1e+00]
  Objective range [1e+00, 1e+00]
  Bounds range    [0e+00, 0e+00]
  RHS range       [0e+00, 0e+00]
Found heuristic solution: objective 0
Presolve removed 216 rows and 1 columns
Presolve time: 0.00s
Presolve: All rows and columns removed

Explored 0 nodes (0 simplex iterations) in 0.00 seconds
Thread count was 1 (of 1 available processors)

Optimal solution found (tolerance 1.00e-04)
Best objective 0.000000000000e+00, best bound 0.000000000000e+00, gap 0.0%

Gurobi 6.5.0 (linux64) logging started Mon 06 Jun 2016 01:08:57 PM EDT

Optimize a model with 216 rows, 1 columns and 136 nonzeros
Coefficient statistics:
  Matrix range    [1e+00, 1e+00]
  Objective range [1e+00, 1e+00]
  Bounds range    [0e+00, 0e+00]
  RHS range       [0e+00, 0e+00]
Found heuristic solution: objective 0
Presolve removed 216 rows and 1 columns
Presolve time: 0.00s
Presolve: All rows and columns removed

Explored 0 nodes (0 simplex iterations) in 0.00 seconds
Thread count was 1 (of 1 available processors)

Optimal solution found (tolerance 1.00e-04)
Best objective 0.000000000000e+00, best bound 0.000000000000e+00, gap 0.0%

Gurobi 6.5.0 (linux64) logging started Mon 06 Jun 2016 01:08:58 PM EDT

Optimize a model with 216 rows, 1 columns and 136 nonzeros
Coefficient statistics:
  Matrix range    [1e+00, 1e+00]
  Objective range [1e+00, 1e+00]
  Bounds range    [0e+00, 0e+00]
  RHS range       [0e+00, 0e+00]
Found heuristic solution: objective 0
Presolve removed 216 rows and 1 columns
Presolve time: 0.00s
Presolve: All rows and columns removed

Explored 0 nodes (0 simplex iterations) in 0.00 seconds
Thread count was 1 (of 1 available processors)

Optimal solution found (tolerance 1.00e-04)
Best objective 0.000000000000e+00, best bound 0.000000000000e+00, gap 0.0%

Gurobi 6.5.0 (linux64) logging started Mon 06 Jun 2016 01:08:59 PM EDT

Optimize a model with 216 rows, 1 columns and 136 nonzeros
Coefficient statistics:
  Matrix range    [1e+00, 1e+00]
  Objective range [1e+00, 1e+00]
  Bounds range    [0e+00, 0e+00]
  RHS range       [0e+00, 0e+00]
Found heuristic solution: objective 0
Presolve removed 216 rows and 1 columns
Presolve time: 0.00s
Presolve: All rows and columns removed

Explored 0 nodes (0 simplex iterations) in 0.00 seconds
Thread count was 1 (of 1 available processors)

Optimal solution found (tolerance 1.00e-04)
Best objective 0.000000000000e+00, best bound 0.000000000000e+00, gap 0.0%

Gurobi 6.5.0 (linux64) logging started Mon 06 Jun 2016 01:09:00 PM EDT

Optimize a model with 216 rows, 1 columns and 136 nonzeros
Coefficient statistics:
  Matrix range    [1e+00, 1e+00]
  Objective range [1e+00, 1e+00]
  Bounds range    [0e+00, 0e+00]
  RHS range       [0e+00, 0e+00]
Found heuristic solution: objective 0
Presolve removed 216 rows and 1 columns
Presolve time: 0.00s
Presolve: All rows and columns removed

Explored 0 nodes (0 simplex iterations) in 0.00 seconds
Thread count was 1 (of 1 available processors)

Optimal solution found (tolerance 1.00e-04)
Best objective 0.000000000000e+00, best bound 0.000000000000e+00, gap 0.0%

Gurobi 6.5.0 (linux64) logging started Mon 06 Jun 2016 01:09:01 PM EDT

Optimize a model with 216 rows, 1 columns and 136 nonzeros
Coefficient statistics:
  Matrix range    [1e+00, 1e+00]
  Objective range [1e+00, 1e+00]
  Bounds range    [0e+00, 0e+00]
  RHS range       [0e+00, 0e+00]
Found heuristic solution: objective 0
Presolve removed 216 rows and 1 columns
Presolve time: 0.00s
Presolve: All rows and columns removed

Explored 0 nodes (0 simplex iterations) in 0.00 seconds
Thread count was 1 (of 1 available processors)

Optimal solution found (tolerance 1.00e-04)
Best objective 0.000000000000e+00, best bound 0.000000000000e+00, gap 0.0%

Gurobi 6.5.0 (linux64) logging started Mon 06 Jun 2016 01:09:02 PM EDT

Optimize a model with 216 rows, 1 columns and 136 nonzeros
Coefficient statistics:
  Matrix range    [1e+00, 1e+00]
  Objective range [1e+00, 1e+00]
  Bounds range    [0e+00, 0e+00]
  RHS range       [0e+00, 0e+00]
Found heuristic solution: objective 0
Presolve removed 216 rows and 1 columns
Presolve time: 0.00s
Presolve: All rows and columns removed

Explored 0 nodes (0 simplex iterations) in 0.00 seconds
Thread count was 1 (of 1 available processors)

Optimal solution found (tolerance 1.00e-04)
Best objective 0.000000000000e+00, best bound 0.000000000000e+00, gap 0.0%

Gurobi 6.5.0 (linux64) logging started Mon 06 Jun 2016 01:09:03 PM EDT

Optimize a model with 216 rows, 1 columns and 136 nonzeros
Coefficient statistics:
  Matrix range    [1e+00, 1e+00]
  Objective range [1e+00, 1e+00]
  Bounds range    [0e+00, 0e+00]
  RHS range       [0e+00, 0e+00]
Found heuristic solution: objective 0
Presolve removed 216 rows and 1 columns
Presolve time: 0.00s
Presolve: All rows and columns removed

Explored 0 nodes (0 simplex iterations) in 0.00 seconds
Thread count was 1 (of 1 available processors)

Optimal solution found (tolerance 1.00e-04)
Best objective 0.000000000000e+00, best bound 0.000000000000e+00, gap 0.0%

Gurobi 6.5.0 (linux64) logging started Mon 06 Jun 2016 01:09:13 PM EDT

Optimize a model with 216 rows, 1 columns and 136 nonzeros
Coefficient statistics:
  Matrix range    [1e+00, 1e+00]
  Objective range [1e+00, 1e+00]
  Bounds range    [0e+00, 0e+00]
  RHS range       [0e+00, 0e+00]
Found heuristic solution: objective 0
Presolve removed 216 rows and 1 columns
Presolve time: 0.00s
Presolve: All rows and columns removed

Explored 0 nodes (0 simplex iterations) in 0.00 seconds
Thread count was 1 (of 1 available processors)

Optimal solution found (tolerance 1.00e-04)
Best objective 0.000000000000e+00, best bound 0.000000000000e+00, gap 0.0%

Gurobi 6.5.0 (linux64) logging started Mon 06 Jun 2016 01:09:14 PM EDT

Optimize a model with 216 rows, 1 columns and 136 nonzeros
Coefficient statistics:
  Matrix range    [1e+00, 1e+00]
  Objective range [1e+00, 1e+00]
  Bounds range    [0e+00, 0e+00]
  RHS range       [0e+00, 0e+00]
Found heuristic solution: objective 0
Presolve removed 216 rows and 1 columns
Presolve time: 0.00s
Presolve: All rows and columns removed

Explored 0 nodes (0 simplex iterations) in 0.00 seconds
Thread count was 1 (of 1 available processors)

Optimal solution found (tolerance 1.00e-04)
Best objective 0.000000000000e+00, best bound 0.000000000000e+00, gap 0.0%

Gurobi 6.5.0 (linux64) logging started Mon 06 Jun 2016 01:09:15 PM EDT

Optimize a model with 216 rows, 1 columns and 136 nonzeros
Coefficient statistics:
  Matrix range    [1e+00, 1e+00]
  Objective range [1e+00, 1e+00]
  Bounds range    [0e+00, 0e+00]
  RHS range       [0e+00, 0e+00]
Found heuristic solution: objective 0
Presolve removed 216 rows and 1 columns
Presolve time: 0.00s
Presolve: All rows and columns removed

Explored 0 nodes (0 simplex iterations) in 0.00 seconds
Thread count was 1 (of 1 available processors)

Optimal solution found (tolerance 1.00e-04)
Best objective 0.000000000000e+00, best bound 0.000000000000e+00, gap 0.0%

Gurobi 6.5.0 (linux64) logging started Mon 06 Jun 2016 01:09:16 PM EDT

Optimize a model with 216 rows, 1 columns and 136 nonzeros
Coefficient statistics:
  Matrix range    [1e+00, 1e+00]
  Objective range [1e+00, 1e+00]
  Bounds range    [0e+00, 0e+00]
  RHS range       [0e+00, 0e+00]
Found heuristic solution: objective 0
Presolve removed 216 rows and 1 columns
Presolve time: 0.00s
Presolve: All rows and columns removed

Explored 0 nodes (0 simplex iterations) in 0.00 seconds
Thread count was 1 (of 1 available processors)

Optimal solution found (tolerance 1.00e-04)
Best objective 0.000000000000e+00, best bound 0.000000000000e+00, gap 0.0%

Gurobi 6.5.0 (linux64) logging started Mon 06 Jun 2016 01:09:17 PM EDT

Optimize a model with 216 rows, 1 columns and 136 nonzeros
Coefficient statistics:
  Matrix range    [1e+00, 1e+00]
  Objective range [1e+00, 1e+00]
  Bounds range    [0e+00, 0e+00]
  RHS range       [0e+00, 0e+00]
Found heuristic solution: objective 0
Presolve removed 216 rows and 1 columns
Presolve time: 0.00s
Presolve: All rows and columns removed

Explored 0 nodes (0 simplex iterations) in 0.00 seconds
Thread count was 1 (of 1 available processors)

Optimal solution found (tolerance 1.00e-04)
Best objective 0.000000000000e+00, best bound 0.000000000000e+00, gap 0.0%

Gurobi 6.5.0 (linux64) logging started Mon 06 Jun 2016 01:09:18 PM EDT

Optimize a model with 216 rows, 1 columns and 136 nonzeros
Coefficient statistics:
  Matrix range    [1e+00, 1e+00]
  Objective range [1e+00, 1e+00]
  Bounds range    [0e+00, 0e+00]
  RHS range       [0e+00, 0e+00]
Found heuristic solution: objective 0
Presolve removed 216 rows and 1 columns
Presolve time: 0.00s
Presolve: All rows and columns removed

Explored 0 nodes (0 simplex iterations) in 0.00 seconds
Thread count was 1 (of 1 available processors)

Optimal solution found (tolerance 1.00e-04)
Best objective 0.000000000000e+00, best bound 0.000000000000e+00, gap 0.0%

Gurobi 6.5.0 (linux64) logging started Mon 06 Jun 2016 01:09:19 PM EDT

Optimize a model with 216 rows, 1 columns and 136 nonzeros
Coefficient statistics:
  Matrix range    [1e+00, 1e+00]
  Objective range [1e+00, 1e+00]
  Bounds range    [0e+00, 0e+00]
  RHS range       [0e+00, 0e+00]
Found heuristic solution: objective 0
Presolve removed 216 rows and 1 columns
Presolve time: 0.00s
Presolve: All rows and columns removed

Explored 0 nodes (0 simplex iterations) in 0.00 seconds
Thread count was 1 (of 1 available processors)

Optimal solution found (tolerance 1.00e-04)
Best objective 0.000000000000e+00, best bound 0.000000000000e+00, gap 0.0%

Gurobi 6.5.0 (linux64) logging started Mon 06 Jun 2016 01:09:20 PM EDT

Optimize a model with 216 rows, 1 columns and 136 nonzeros
Coefficient statistics:
  Matrix range    [1e+00, 1e+00]
  Objective range [1e+00, 1e+00]
  Bounds range    [0e+00, 0e+00]
  RHS range       [0e+00, 0e+00]
Found heuristic solution: objective 0
Presolve removed 216 rows and 1 columns
Presolve time: 0.00s
Presolve: All rows and columns removed

Explored 0 nodes (0 simplex iterations) in 0.00 seconds
Thread count was 1 (of 1 available processors)

Optimal solution found (tolerance 1.00e-04)
Best objective 0.000000000000e+00, best bound 0.000000000000e+00, gap 0.0%

Gurobi 6.5.0 (linux64) logging started Mon 06 Jun 2016 01:09:21 PM EDT

Optimize a model with 216 rows, 1 columns and 136 nonzeros
Coefficient statistics:
  Matrix range    [1e+00, 1e+00]
  Objective range [1e+00, 1e+00]
  Bounds range    [0e+00, 0e+00]
  RHS range       [0e+00, 0e+00]
Found heuristic solution: objective 0
Presolve removed 216 rows and 1 columns
Presolve time: 0.00s
Presolve: All rows and columns removed

Explored 0 nodes (0 simplex iterations) in 0.00 seconds
Thread count was 1 (of 1 available processors)

Optimal solution found (tolerance 1.00e-04)
Best objective 0.000000000000e+00, best bound 0.000000000000e+00, gap 0.0%

Gurobi 6.5.0 (linux64) logging started Mon 06 Jun 2016 01:09:46 PM EDT

Optimize a model with 216 rows, 1 columns and 136 nonzeros
Coefficient statistics:
  Matrix range    [1e+00, 1e+00]
  Objective range [1e+00, 1e+00]
  Bounds range    [0e+00, 0e+00]
  RHS range       [0e+00, 0e+00]
Found heuristic solution: objective 0
Presolve removed 216 rows and 1 columns
Presolve time: 0.00s
Presolve: All rows and columns removed

Explored 0 nodes (0 simplex iterations) in 0.00 seconds
Thread count was 1 (of 1 available processors)

Optimal solution found (tolerance 1.00e-04)
Best objective 0.000000000000e+00, best bound 0.000000000000e+00, gap 0.0%

Gurobi 6.5.0 (linux64) logging started Mon 06 Jun 2016 01:09:47 PM EDT

Optimize a model with 216 rows, 1 columns and 136 nonzeros
Coefficient statistics:
  Matrix range    [1e+00, 1e+00]
  Objective range [1e+00, 1e+00]
  Bounds range    [0e+00, 0e+00]
  RHS range       [0e+00, 0e+00]
Found heuristic solution: objective 0
Presolve removed 216 rows and 1 columns
Presolve time: 0.00s
Presolve: All rows and columns removed

Explored 0 nodes (0 simplex iterations) in 0.00 seconds
Thread count was 1 (of 1 available processors)

Optimal solution found (tolerance 1.00e-04)
Best objective 0.000000000000e+00, best bound 0.000000000000e+00, gap 0.0%

Gurobi 6.5.0 (linux64) logging started Mon 06 Jun 2016 01:09:48 PM EDT

Optimize a model with 216 rows, 1 columns and 136 nonzeros
Coefficient statistics:
  Matrix range    [1e+00, 1e+00]
  Objective range [1e+00, 1e+00]
  Bounds range    [0e+00, 0e+00]
  RHS range       [0e+00, 0e+00]
Found heuristic solution: objective 0
Presolve removed 216 rows and 1 columns
Presolve time: 0.00s
Presolve: All rows and columns removed

Explored 0 nodes (0 simplex iterations) in 0.00 seconds
Thread count was 1 (of 1 available processors)

Optimal solution found (tolerance 1.00e-04)
Best objective 0.000000000000e+00, best bound 0.000000000000e+00, gap 0.0%

Gurobi 6.5.0 (linux64) logging started Mon 06 Jun 2016 01:09:49 PM EDT

Optimize a model with 216 rows, 1 columns and 136 nonzeros
Coefficient statistics:
  Matrix range    [1e+00, 1e+00]
  Objective range [1e+00, 1e+00]
  Bounds range    [0e+00, 0e+00]
  RHS range       [0e+00, 0e+00]
Found heuristic solution: objective 0
Presolve removed 216 rows and 1 columns
Presolve time: 0.00s
Presolve: All rows and columns removed

Explored 0 nodes (0 simplex iterations) in 0.00 seconds
Thread count was 1 (of 1 available processors)

Optimal solution found (tolerance 1.00e-04)
Best objective 0.000000000000e+00, best bound 0.000000000000e+00, gap 0.0%

Gurobi 6.5.0 (linux64) logging started Mon 06 Jun 2016 01:10:23 PM EDT

Optimize a model with 216 rows, 1 columns and 136 nonzeros
Coefficient statistics:
  Matrix range    [1e+00, 1e+00]
  Objective range [1e+00, 1e+00]
  Bounds range    [0e+00, 0e+00]
  RHS range       [0e+00, 0e+00]
Found heuristic solution: objective 0
Presolve removed 216 rows and 1 columns
Presolve time: 0.00s
Presolve: All rows and columns removed

Explored 0 nodes (0 simplex iterations) in 0.00 seconds
Thread count was 1 (of 1 available processors)

Optimal solution found (tolerance 1.00e-04)
Best objective 0.000000000000e+00, best bound 0.000000000000e+00, gap 0.0%

Gurobi 6.5.0 (linux64) logging started Mon 06 Jun 2016 01:10:24 PM EDT

Optimize a model with 216 rows, 1 columns and 136 nonzeros
Coefficient statistics:
  Matrix range    [1e+00, 1e+00]
  Objective range [1e+00, 1e+00]
  Bounds range    [0e+00, 0e+00]
  RHS range       [0e+00, 0e+00]
Found heuristic solution: objective 0
Presolve removed 216 rows and 1 columns
Presolve time: 0.00s
Presolve: All rows and columns removed

Explored 0 nodes (0 simplex iterations) in 0.00 seconds
Thread count was 1 (of 1 available processors)

Optimal solution found (tolerance 1.00e-04)
Best objective 0.000000000000e+00, best bound 0.000000000000e+00, gap 0.0%

Gurobi 6.5.0 (linux64) logging started Mon 06 Jun 2016 01:10:25 PM EDT

Optimize a model with 216 rows, 1 columns and 136 nonzeros
Coefficient statistics:
  Matrix range    [1e+00, 1e+00]
  Objective range [1e+00, 1e+00]
  Bounds range    [0e+00, 0e+00]
  RHS range       [0e+00, 0e+00]
Found heuristic solution: objective 0
Presolve removed 216 rows and 1 columns
Presolve time: 0.00s
Presolve: All rows and columns removed

Explored 0 nodes (0 simplex iterations) in 0.00 seconds
Thread count was 1 (of 1 available processors)

Optimal solution found (tolerance 1.00e-04)
Best objective 0.000000000000e+00, best bound 0.000000000000e+00, gap 0.0%

Gurobi 6.5.0 (linux64) logging started Mon 06 Jun 2016 01:10:26 PM EDT

Optimize a model with 216 rows, 1 columns and 136 nonzeros
Coefficient statistics:
  Matrix range    [1e+00, 1e+00]
  Objective range [1e+00, 1e+00]
  Bounds range    [0e+00, 0e+00]
  RHS range       [0e+00, 0e+00]
Found heuristic solution: objective 0
Presolve removed 216 rows and 1 columns
Presolve time: 0.00s
Presolve: All rows and columns removed

Explored 0 nodes (0 simplex iterations) in 0.00 seconds
Thread count was 1 (of 1 available processors)

Optimal solution found (tolerance 1.00e-04)
Best objective 0.000000000000e+00, best bound 0.000000000000e+00, gap 0.0%

Gurobi 6.5.0 (linux64) logging started Mon 06 Jun 2016 01:10:27 PM EDT

Optimize a model with 216 rows, 1 columns and 136 nonzeros
Coefficient statistics:
  Matrix range    [1e+00, 1e+00]
  Objective range [1e+00, 1e+00]
  Bounds range    [0e+00, 0e+00]
  RHS range       [0e+00, 0e+00]
Found heuristic solution: objective 0
Presolve removed 216 rows and 1 columns
Presolve time: 0.00s
Presolve: All rows and columns removed

Explored 0 nodes (0 simplex iterations) in 0.00 seconds
Thread count was 1 (of 1 available processors)

Optimal solution found (tolerance 1.00e-04)
Best objective 0.000000000000e+00, best bound 0.000000000000e+00, gap 0.0%

Gurobi 6.5.0 (linux64) logging started Mon 06 Jun 2016 01:10:28 PM EDT

Optimize a model with 216 rows, 1 columns and 136 nonzeros
Coefficient statistics:
  Matrix range    [1e+00, 1e+00]
  Objective range [1e+00, 1e+00]
  Bounds range    [0e+00, 0e+00]
  RHS range       [0e+00, 0e+00]
Found heuristic solution: objective 0
Presolve removed 216 rows and 1 columns
Presolve time: 0.00s
Presolve: All rows and columns removed

Explored 0 nodes (0 simplex iterations) in 0.00 seconds
Thread count was 1 (of 1 available processors)

Optimal solution found (tolerance 1.00e-04)
Best objective 0.000000000000e+00, best bound 0.000000000000e+00, gap 0.0%

Gurobi 6.5.0 (linux64) logging started Mon 06 Jun 2016 01:10:29 PM EDT

Optimize a model with 216 rows, 1 columns and 136 nonzeros
Coefficient statistics:
  Matrix range    [1e+00, 1e+00]
  Objective range [1e+00, 1e+00]
  Bounds range    [0e+00, 0e+00]
  RHS range       [0e+00, 0e+00]
Found heuristic solution: objective 0
Presolve removed 216 rows and 1 columns
Presolve time: 0.00s
Presolve: All rows and columns removed

Explored 0 nodes (0 simplex iterations) in 0.00 seconds
Thread count was 1 (of 1 available processors)

Optimal solution found (tolerance 1.00e-04)
Best objective 0.000000000000e+00, best bound 0.000000000000e+00, gap 0.0%

Gurobi 6.5.0 (linux64) logging started Mon 06 Jun 2016 01:10:30 PM EDT

Optimize a model with 216 rows, 1 columns and 136 nonzeros
Coefficient statistics:
  Matrix range    [1e+00, 1e+00]
  Objective range [1e+00, 1e+00]
  Bounds range    [0e+00, 0e+00]
  RHS range       [0e+00, 0e+00]
Found heuristic solution: objective 0
Presolve removed 216 rows and 1 columns
Presolve time: 0.00s
Presolve: All rows and columns removed

Explored 0 nodes (0 simplex iterations) in 0.00 seconds
Thread count was 1 (of 1 available processors)

Optimal solution found (tolerance 1.00e-04)
Best objective 0.000000000000e+00, best bound 0.000000000000e+00, gap 0.0%

Gurobi 6.5.0 (linux64) logging started Mon 06 Jun 2016 01:27:42 PM EDT

Optimize a model with 216 rows, 1 columns and 136 nonzeros
Coefficient statistics:
  Matrix range    [1e+00, 1e+00]
  Objective range [1e+00, 1e+00]
  Bounds range    [0e+00, 0e+00]
  RHS range       [0e+00, 0e+00]
Found heuristic solution: objective 0
Presolve removed 216 rows and 1 columns
Presolve time: 0.00s
Presolve: All rows and columns removed

Explored 0 nodes (0 simplex iterations) in 0.00 seconds
Thread count was 1 (of 1 available processors)

Optimal solution found (tolerance 1.00e-04)
Best objective 0.000000000000e+00, best bound 0.000000000000e+00, gap 0.0%

Gurobi 6.5.0 (linux64) logging started Mon 06 Jun 2016 01:27:43 PM EDT

Optimize a model with 216 rows, 1 columns and 136 nonzeros
Coefficient statistics:
  Matrix range    [1e+00, 1e+00]
  Objective range [1e+00, 1e+00]
  Bounds range    [0e+00, 0e+00]
  RHS range       [0e+00, 0e+00]
Found heuristic solution: objective 0
Presolve removed 216 rows and 1 columns
Presolve time: 0.00s
Presolve: All rows and columns removed

Explored 0 nodes (0 simplex iterations) in 0.00 seconds
Thread count was 1 (of 1 available processors)

Optimal solution found (tolerance 1.00e-04)
Best objective 0.000000000000e+00, best bound 0.000000000000e+00, gap 0.0%

Gurobi 6.5.0 (linux64) logging started Mon 06 Jun 2016 01:27:44 PM EDT

Optimize a model with 216 rows, 1 columns and 136 nonzeros
Coefficient statistics:
  Matrix range    [1e+00, 1e+00]
  Objective range [1e+00, 1e+00]
  Bounds range    [0e+00, 0e+00]
  RHS range       [0e+00, 0e+00]
Found heuristic solution: objective 0
Presolve removed 216 rows and 1 columns
Presolve time: 0.00s
Presolve: All rows and columns removed

Explored 0 nodes (0 simplex iterations) in 0.00 seconds
Thread count was 1 (of 1 available processors)

Optimal solution found (tolerance 1.00e-04)
Best objective 0.000000000000e+00, best bound 0.000000000000e+00, gap 0.0%

Gurobi 6.5.0 (linux64) logging started Mon 06 Jun 2016 01:27:44 PM EDT

Optimize a model with 216 rows, 1 columns and 136 nonzeros
Coefficient statistics:
  Matrix range    [1e+00, 1e+00]
  Objective range [1e+00, 1e+00]
  Bounds range    [0e+00, 0e+00]
  RHS range       [0e+00, 0e+00]
Found heuristic solution: objective 0
Presolve removed 216 rows and 1 columns
Presolve time: 0.00s
Presolve: All rows and columns removed

Explored 0 nodes (0 simplex iterations) in 0.00 seconds
Thread count was 1 (of 1 available processors)

Optimal solution found (tolerance 1.00e-04)
Best objective 0.000000000000e+00, best bound 0.000000000000e+00, gap 0.0%

Gurobi 6.5.0 (linux64) logging started Mon 06 Jun 2016 01:27:45 PM EDT

Optimize a model with 216 rows, 1 columns and 136 nonzeros
Coefficient statistics:
  Matrix range    [1e+00, 1e+00]
  Objective range [1e+00, 1e+00]
  Bounds range    [0e+00, 0e+00]
  RHS range       [0e+00, 0e+00]
Found heuristic solution: objective 0
Presolve removed 216 rows and 1 columns
Presolve time: 0.00s
Presolve: All rows and columns removed

Explored 0 nodes (0 simplex iterations) in 0.00 seconds
Thread count was 1 (of 1 available processors)

Optimal solution found (tolerance 1.00e-04)
Best objective 0.000000000000e+00, best bound 0.000000000000e+00, gap 0.0%

Gurobi 6.5.0 (linux64) logging started Mon 06 Jun 2016 01:27:46 PM EDT

Optimize a model with 216 rows, 1 columns and 136 nonzeros
Coefficient statistics:
  Matrix range    [1e+00, 1e+00]
  Objective range [1e+00, 1e+00]
  Bounds range    [0e+00, 0e+00]
  RHS range       [0e+00, 0e+00]
Found heuristic solution: objective 0
Presolve removed 216 rows and 1 columns
Presolve time: 0.00s
Presolve: All rows and columns removed

Explored 0 nodes (0 simplex iterations) in 0.00 seconds
Thread count was 1 (of 1 available processors)

Optimal solution found (tolerance 1.00e-04)
Best objective 0.000000000000e+00, best bound 0.000000000000e+00, gap 0.0%

Gurobi 6.5.0 (linux64) logging started Mon 06 Jun 2016 01:39:37 PM EDT

Optimize a model with 216 rows, 1 columns and 136 nonzeros
Coefficient statistics:
  Matrix range    [1e+00, 1e+00]
  Objective range [1e+00, 1e+00]
  Bounds range    [0e+00, 0e+00]
  RHS range       [0e+00, 0e+00]
Found heuristic solution: objective 0
Presolve removed 216 rows and 1 columns
Presolve time: 0.00s
Presolve: All rows and columns removed

Explored 0 nodes (0 simplex iterations) in 0.00 seconds
Thread count was 1 (of 1 available processors)

Optimal solution found (tolerance 1.00e-04)
Best objective 0.000000000000e+00, best bound 0.000000000000e+00, gap 0.0%

Gurobi 6.5.0 (linux64) logging started Mon 06 Jun 2016 01:39:38 PM EDT

Optimize a model with 216 rows, 1 columns and 136 nonzeros
Coefficient statistics:
  Matrix range    [1e+00, 1e+00]
  Objective range [1e+00, 1e+00]
  Bounds range    [0e+00, 0e+00]
  RHS range       [0e+00, 0e+00]
Found heuristic solution: objective 0
Presolve removed 216 rows and 1 columns
Presolve time: 0.00s
Presolve: All rows and columns removed

Explored 0 nodes (0 simplex iterations) in 0.00 seconds
Thread count was 1 (of 1 available processors)

Optimal solution found (tolerance 1.00e-04)
Best objective 0.000000000000e+00, best bound 0.000000000000e+00, gap 0.0%

Gurobi 6.5.0 (linux64) logging started Mon 06 Jun 2016 01:39:39 PM EDT

Optimize a model with 216 rows, 1 columns and 136 nonzeros
Coefficient statistics:
  Matrix range    [1e+00, 1e+00]
  Objective range [1e+00, 1e+00]
  Bounds range    [0e+00, 0e+00]
  RHS range       [0e+00, 0e+00]
Found heuristic solution: objective 0
Presolve removed 216 rows and 1 columns
Presolve time: 0.00s
Presolve: All rows and columns removed

Explored 0 nodes (0 simplex iterations) in 0.00 seconds
Thread count was 1 (of 1 available processors)

Optimal solution found (tolerance 1.00e-04)
Best objective 0.000000000000e+00, best bound 0.000000000000e+00, gap 0.0%

Gurobi 6.5.0 (linux64) logging started Mon 06 Jun 2016 01:40:34 PM EDT


Gurobi 6.5.0 (linux64) logging started Mon 06 Jun 2016 01:41:45 PM EDT


Gurobi 6.5.0 (linux64) logging started Mon 06 Jun 2016 01:41:47 PM EDT


Gurobi 6.5.0 (linux64) logging started Mon 06 Jun 2016 01:41:55 PM EDT


Gurobi 6.5.0 (linux64) logging started Mon 06 Jun 2016 01:43:02 PM EDT

Optimize a model with 216 rows, 1 columns and 136 nonzeros
Coefficient statistics:
  Matrix range    [1e+00, 1e+00]
  Objective range [1e+00, 1e+00]
  Bounds range    [0e+00, 0e+00]
  RHS range       [0e+00, 0e+00]
Found heuristic solution: objective 0
Presolve removed 216 rows and 1 columns
Presolve time: 0.00s
Presolve: All rows and columns removed

Explored 0 nodes (0 simplex iterations) in 0.00 seconds
Thread count was 1 (of 1 available processors)

Optimal solution found (tolerance 1.00e-04)
Best objective 0.000000000000e+00, best bound 0.000000000000e+00, gap 0.0%

Gurobi 6.5.0 (linux64) logging started Mon 06 Jun 2016 01:43:04 PM EDT

Optimize a model with 216 rows, 1 columns and 136 nonzeros
Coefficient statistics:
  Matrix range    [1e+00, 1e+00]
  Objective range [1e+00, 1e+00]
  Bounds range    [0e+00, 0e+00]
  RHS range       [0e+00, 0e+00]
Found heuristic solution: objective 0
Presolve removed 216 rows and 1 columns
Presolve time: 0.00s
Presolve: All rows and columns removed

Explored 0 nodes (0 simplex iterations) in 0.00 seconds
Thread count was 1 (of 1 available processors)

Optimal solution found (tolerance 1.00e-04)
Best objective 0.000000000000e+00, best bound 0.000000000000e+00, gap 0.0%

Gurobi 6.5.0 (linux64) logging started Mon 06 Jun 2016 01:43:05 PM EDT

Optimize a model with 216 rows, 1 columns and 136 nonzeros
Coefficient statistics:
  Matrix range    [1e+00, 1e+00]
  Objective range [1e+00, 1e+00]
  Bounds range    [0e+00, 0e+00]
  RHS range       [0e+00, 0e+00]
Found heuristic solution: objective 0
Presolve removed 216 rows and 1 columns
Presolve time: 0.00s
Presolve: All rows and columns removed

Explored 0 nodes (0 simplex iterations) in 0.00 seconds
Thread count was 1 (of 1 available processors)

Optimal solution found (tolerance 1.00e-04)
Best objective 0.000000000000e+00, best bound 0.000000000000e+00, gap 0.0%

Gurobi 6.5.0 (linux64) logging started Mon 06 Jun 2016 01:43:06 PM EDT

Optimize a model with 216 rows, 1 columns and 136 nonzeros
Coefficient statistics:
  Matrix range    [1e+00, 1e+00]
  Objective range [1e+00, 1e+00]
  Bounds range    [0e+00, 0e+00]
  RHS range       [0e+00, 0e+00]
Found heuristic solution: objective 0
Presolve removed 216 rows and 1 columns
Presolve time: 0.00s
Presolve: All rows and columns removed

Explored 0 nodes (0 simplex iterations) in 0.00 seconds
Thread count was 1 (of 1 available processors)

Optimal solution found (tolerance 1.00e-04)
Best objective 0.000000000000e+00, best bound 0.000000000000e+00, gap 0.0%

Gurobi 6.5.0 (linux64) logging started Mon 06 Jun 2016 01:43:07 PM EDT

Optimize a model with 216 rows, 1 columns and 136 nonzeros
Coefficient statistics:
  Matrix range    [1e+00, 1e+00]
  Objective range [1e+00, 1e+00]
  Bounds range    [0e+00, 0e+00]
  RHS range       [0e+00, 0e+00]
Found heuristic solution: objective 0
Presolve removed 216 rows and 1 columns
Presolve time: 0.00s
Presolve: All rows and columns removed

Explored 0 nodes (0 simplex iterations) in 0.00 seconds
Thread count was 1 (of 1 available processors)

Optimal solution found (tolerance 1.00e-04)
Best objective 0.000000000000e+00, best bound 0.000000000000e+00, gap 0.0%

Gurobi 6.5.0 (linux64) logging started Mon 06 Jun 2016 01:43:08 PM EDT

Optimize a model with 216 rows, 1 columns and 136 nonzeros
Coefficient statistics:
  Matrix range    [1e+00, 1e+00]
  Objective range [1e+00, 1e+00]
  Bounds range    [0e+00, 0e+00]
  RHS range       [0e+00, 0e+00]
Found heuristic solution: objective 0
Presolve removed 216 rows and 1 columns
Presolve time: 0.00s
Presolve: All rows and columns removed

Explored 0 nodes (0 simplex iterations) in 0.00 seconds
Thread count was 1 (of 1 available processors)

Optimal solution found (tolerance 1.00e-04)
Best objective 0.000000000000e+00, best bound 0.000000000000e+00, gap 0.0%

Gurobi 6.5.0 (linux64) logging started Mon 06 Jun 2016 01:43:36 PM EDT

Optimize a model with 216 rows, 1 columns and 136 nonzeros
Coefficient statistics:
  Matrix range    [1e+00, 1e+00]
  Objective range [1e+00, 1e+00]
  Bounds range    [0e+00, 0e+00]
  RHS range       [0e+00, 0e+00]
Found heuristic solution: objective 0
Presolve removed 216 rows and 1 columns
Presolve time: 0.00s
Presolve: All rows and columns removed

Explored 0 nodes (0 simplex iterations) in 0.00 seconds
Thread count was 1 (of 1 available processors)

Optimal solution found (tolerance 1.00e-04)
Best objective 0.000000000000e+00, best bound 0.000000000000e+00, gap 0.0%

Gurobi 6.5.0 (linux64) logging started Mon 06 Jun 2016 01:44:16 PM EDT

Optimize a model with 216 rows, 1 columns and 136 nonzeros
Coefficient statistics:
  Matrix range    [1e+00, 1e+00]
  Objective range [1e+00, 1e+00]
  Bounds range    [0e+00, 0e+00]
  RHS range       [0e+00, 0e+00]
Found heuristic solution: objective 0
Presolve removed 216 rows and 1 columns
Presolve time: 0.00s
Presolve: All rows and columns removed

Explored 0 nodes (0 simplex iterations) in 0.00 seconds
Thread count was 1 (of 1 available processors)

Optimal solution found (tolerance 1.00e-04)
Best objective 0.000000000000e+00, best bound 0.000000000000e+00, gap 0.0%

Gurobi 6.5.0 (linux64) logging started Mon 06 Jun 2016 01:44:39 PM EDT

Optimize a model with 216 rows, 1 columns and 136 nonzeros
Coefficient statistics:
  Matrix range    [1e+00, 1e+00]
  Objective range [1e+00, 1e+00]
  Bounds range    [0e+00, 0e+00]
  RHS range       [0e+00, 0e+00]
Found heuristic solution: objective 0
Presolve removed 216 rows and 1 columns
Presolve time: 0.00s
Presolve: All rows and columns removed

Explored 0 nodes (0 simplex iterations) in 0.00 seconds
Thread count was 1 (of 1 available processors)

Optimal solution found (tolerance 1.00e-04)
Best objective 0.000000000000e+00, best bound 0.000000000000e+00, gap 0.0%

Gurobi 6.5.0 (linux64) logging started Mon 06 Jun 2016 01:45:07 PM EDT

Optimize a model with 216 rows, 1 columns and 136 nonzeros
Coefficient statistics:
  Matrix range    [1e+00, 1e+00]
  Objective range [1e+00, 1e+00]
  Bounds range    [0e+00, 0e+00]
  RHS range       [0e+00, 0e+00]
Found heuristic solution: objective 0
Presolve removed 216 rows and 1 columns
Presolve time: 0.00s
Presolve: All rows and columns removed

Explored 0 nodes (0 simplex iterations) in 0.00 seconds
Thread count was 1 (of 1 available processors)

Optimal solution found (tolerance 1.00e-04)
Best objective 0.000000000000e+00, best bound 0.000000000000e+00, gap 0.0%

Gurobi 6.5.0 (linux64) logging started Mon 06 Jun 2016 01:46:33 PM EDT

Optimize a model with 216 rows, 1 columns and 136 nonzeros
Coefficient statistics:
  Matrix range    [1e+00, 1e+00]
  Objective range [1e+00, 1e+00]
  Bounds range    [0e+00, 0e+00]
  RHS range       [0e+00, 0e+00]
Found heuristic solution: objective 0
Presolve removed 216 rows and 1 columns
Presolve time: 0.00s
Presolve: All rows and columns removed

Explored 0 nodes (0 simplex iterations) in 0.00 seconds
Thread count was 1 (of 1 available processors)

Optimal solution found (tolerance 1.00e-04)
Best objective 0.000000000000e+00, best bound 0.000000000000e+00, gap 0.0%

Gurobi 6.5.0 (linux64) logging started Mon 06 Jun 2016 01:48:40 PM EDT


Gurobi 6.5.0 (linux64) logging started Mon 06 Jun 2016 01:51:15 PM EDT


Gurobi 6.5.0 (linux64) logging started Mon 06 Jun 2016 01:51:58 PM EDT


Gurobi 6.5.0 (linux64) logging started Mon 06 Jun 2016 01:52:37 PM EDT


Gurobi 6.5.0 (linux64) logging started Mon 06 Jun 2016 01:52:46 PM EDT


Gurobi 6.5.0 (linux64) logging started Mon 06 Jun 2016 01:55:29 PM EDT


Gurobi 6.5.0 (linux64) logging started Mon 06 Jun 2016 01:55:32 PM EDT


Gurobi 6.5.0 (linux64) logging started Mon 06 Jun 2016 01:55:33 PM EDT


Gurobi 6.5.0 (linux64) logging started Mon 06 Jun 2016 01:55:34 PM EDT


Gurobi 6.5.0 (linux64) logging started Mon 06 Jun 2016 01:55:35 PM EDT


Gurobi 6.5.0 (linux64) logging started Mon 06 Jun 2016 01:55:36 PM EDT


Gurobi 6.5.0 (linux64) logging started Mon 06 Jun 2016 01:55:37 PM EDT


Gurobi 6.5.0 (linux64) logging started Mon 06 Jun 2016 01:55:38 PM EDT


Gurobi 6.5.0 (linux64) logging started Mon 06 Jun 2016 01:55:39 PM EDT


Gurobi 6.5.0 (linux64) logging started Mon 06 Jun 2016 01:55:40 PM EDT


Gurobi 6.5.0 (linux64) logging started Mon 06 Jun 2016 01:55:41 PM EDT


Gurobi 6.5.0 (linux64) logging started Mon 06 Jun 2016 01:55:42 PM EDT


Gurobi 6.5.0 (linux64) logging started Mon 06 Jun 2016 01:55:51 PM EDT


Gurobi 6.5.0 (linux64) logging started Mon 06 Jun 2016 01:55:52 PM EDT


Gurobi 6.5.0 (linux64) logging started Mon 06 Jun 2016 01:55:53 PM EDT


Gurobi 6.5.0 (linux64) logging started Mon 06 Jun 2016 01:55:54 PM EDT


Gurobi 6.5.0 (linux64) logging started Mon 06 Jun 2016 01:56:08 PM EDT


Gurobi 6.5.0 (linux64) logging started Mon 06 Jun 2016 01:56:09 PM EDT


Gurobi 6.5.0 (linux64) logging started Mon 06 Jun 2016 01:56:10 PM EDT


Gurobi 6.5.0 (linux64) logging started Mon 06 Jun 2016 01:56:11 PM EDT


Gurobi 6.5.0 (linux64) logging started Mon 06 Jun 2016 01:56:12 PM EDT


Gurobi 6.5.0 (linux64) logging started Mon 06 Jun 2016 01:56:13 PM EDT


Gurobi 6.5.0 (linux64) logging started Mon 06 Jun 2016 03:19:09 PM EDT

Optimize a model with 1416 rows, 865 columns and 10936 nonzeros
Coefficient statistics:
  Matrix range    [1e+00, 1e+00]
  Objective range [1e+00, 1e+00]
  Bounds range    [1e+00, 4e+00]
  RHS range       [1e+00, 2e+00]
Presolve time: 0.00s

Explored 0 nodes (0 simplex iterations) in 0.01 seconds
Thread count was 1 (of 1 available processors)

Model is infeasible
Best objective -, best bound -, gap -

Gurobi 6.5.0 (linux64) logging started Mon 06 Jun 2016 03:19:51 PM EDT

Optimize a model with 1416 rows, 865 columns and 10936 nonzeros
Coefficient statistics:
  Matrix range    [1e+00, 1e+00]
  Objective range [1e+00, 1e+00]
  Bounds range    [1e+00, 4e+00]
  RHS range       [1e+00, 2e+00]
Presolve time: 0.00s

Explored 0 nodes (0 simplex iterations) in 0.00 seconds
Thread count was 1 (of 1 available processors)

Model is infeasible
Best objective -, best bound -, gap -

Gurobi 6.5.0 (linux64) logging started Mon 06 Jun 2016 03:19:53 PM EDT

Optimize a model with 1416 rows, 865 columns and 10936 nonzeros
Coefficient statistics:
  Matrix range    [1e+00, 1e+00]
  Objective range [1e+00, 1e+00]
  Bounds range    [1e+00, 4e+00]
  RHS range       [1e+00, 2e+00]
Presolve time: 0.00s

Explored 0 nodes (0 simplex iterations) in 0.00 seconds
Thread count was 1 (of 1 available processors)

Model is infeasible
Best objective -, best bound -, gap -

Gurobi 6.5.0 (linux64) logging started Mon 06 Jun 2016 03:21:21 PM EDT

Optimize a model with 1416 rows, 865 columns and 10936 nonzeros
Coefficient statistics:
  Matrix range    [1e+00, 1e+00]
  Objective range [1e+00, 1e+00]
  Bounds range    [1e+00, 4e+00]
  RHS range       [1e+00, 2e+00]
Presolve time: 0.00s

Explored 0 nodes (0 simplex iterations) in 0.01 seconds
Thread count was 1 (of 1 available processors)

Model is infeasible
Best objective -, best bound -, gap -

Gurobi 6.5.0 (linux64) logging started Mon 06 Jun 2016 03:22:54 PM EDT

Optimize a model with 1416 rows, 865 columns and 10936 nonzeros
Coefficient statistics:
  Matrix range    [1e+00, 1e+00]
  Objective range [1e+00, 1e+00]
  Bounds range    [1e+00, 4e+00]
  RHS range       [1e+00, 2e+00]
Presolve time: 0.00s

Explored 0 nodes (0 simplex iterations) in 0.00 seconds
Thread count was 1 (of 1 available processors)

Model is infeasible
Best objective -, best bound -, gap -

Gurobi 6.5.0 (linux64) logging started Mon 06 Jun 2016 03:22:55 PM EDT

Optimize a model with 1416 rows, 865 columns and 10936 nonzeros
Coefficient statistics:
  Matrix range    [1e+00, 1e+00]
  Objective range [1e+00, 1e+00]
  Bounds range    [1e+00, 4e+00]
  RHS range       [1e+00, 2e+00]
Presolve time: 0.00s

Explored 0 nodes (0 simplex iterations) in 0.00 seconds
Thread count was 1 (of 1 available processors)

Model is infeasible
Best objective -, best bound -, gap -

Gurobi 6.5.0 (linux64) logging started Mon 06 Jun 2016 03:22:57 PM EDT

Optimize a model with 1416 rows, 865 columns and 10936 nonzeros
Coefficient statistics:
  Matrix range    [1e+00, 1e+00]
  Objective range [1e+00, 1e+00]
  Bounds range    [1e+00, 4e+00]
  RHS range       [1e+00, 2e+00]
Presolve time: 0.00s

Explored 0 nodes (0 simplex iterations) in 0.00 seconds
Thread count was 1 (of 1 available processors)

Model is infeasible
Best objective -, best bound -, gap -

Gurobi 6.5.0 (linux64) logging started Mon 06 Jun 2016 03:23:38 PM EDT

Optimize a model with 1416 rows, 865 columns and 10936 nonzeros
Coefficient statistics:
  Matrix range    [1e+00, 1e+00]
  Objective range [1e+00, 1e+00]
  Bounds range    [1e+00, 4e+00]
  RHS range       [1e+00, 2e+00]
Found heuristic solution: objective 0
Presolve removed 1416 rows and 865 columns
Presolve time: 0.00s
Presolve: All rows and columns removed

Explored 0 nodes (0 simplex iterations) in 0.00 seconds
Thread count was 1 (of 1 available processors)

Optimal solution found (tolerance 1.00e-04)
Best objective 0.000000000000e+00, best bound 0.000000000000e+00, gap 0.0%

Gurobi 6.5.0 (linux64) logging started Mon 06 Jun 2016 03:23:39 PM EDT

Optimize a model with 1416 rows, 865 columns and 10936 nonzeros
Coefficient statistics:
  Matrix range    [1e+00, 1e+00]
  Objective range [1e+00, 1e+00]
  Bounds range    [1e+00, 4e+00]
  RHS range       [1e+00, 2e+00]
Found heuristic solution: objective 0
Presolve removed 1416 rows and 865 columns
Presolve time: 0.00s
Presolve: All rows and columns removed

Explored 0 nodes (0 simplex iterations) in 0.00 seconds
Thread count was 1 (of 1 available processors)

Optimal solution found (tolerance 1.00e-04)
Best objective 0.000000000000e+00, best bound 0.000000000000e+00, gap 0.0%

Gurobi 6.5.0 (linux64) logging started Mon 06 Jun 2016 03:23:40 PM EDT

Optimize a model with 1416 rows, 865 columns and 10936 nonzeros
Coefficient statistics:
  Matrix range    [1e+00, 1e+00]
  Objective range [1e+00, 1e+00]
  Bounds range    [1e+00, 4e+00]
  RHS range       [1e+00, 2e+00]
Found heuristic solution: objective 0
Presolve removed 1416 rows and 865 columns
Presolve time: 0.00s
Presolve: All rows and columns removed

Explored 0 nodes (0 simplex iterations) in 0.00 seconds
Thread count was 1 (of 1 available processors)

Optimal solution found (tolerance 1.00e-04)
Best objective 0.000000000000e+00, best bound 0.000000000000e+00, gap 0.0%

Gurobi 6.5.0 (linux64) logging started Mon 06 Jun 2016 03:23:41 PM EDT

Optimize a model with 1416 rows, 865 columns and 10936 nonzeros
Coefficient statistics:
  Matrix range    [1e+00, 1e+00]
  Objective range [1e+00, 1e+00]
  Bounds range    [1e+00, 4e+00]
  RHS range       [1e+00, 2e+00]
Found heuristic solution: objective 0
Presolve removed 1416 rows and 865 columns
Presolve time: 0.00s
Presolve: All rows and columns removed

Explored 0 nodes (0 simplex iterations) in 0.00 seconds
Thread count was 1 (of 1 available processors)

Optimal solution found (tolerance 1.00e-04)
Best objective 0.000000000000e+00, best bound 0.000000000000e+00, gap 0.0%

Gurobi 6.5.0 (linux64) logging started Mon 06 Jun 2016 03:23:42 PM EDT

Optimize a model with 1416 rows, 865 columns and 10936 nonzeros
Coefficient statistics:
  Matrix range    [1e+00, 1e+00]
  Objective range [1e+00, 1e+00]
  Bounds range    [1e+00, 4e+00]
  RHS range       [1e+00, 2e+00]
Found heuristic solution: objective 0
Presolve removed 1416 rows and 865 columns
Presolve time: 0.00s
Presolve: All rows and columns removed

Explored 0 nodes (0 simplex iterations) in 0.00 seconds
Thread count was 1 (of 1 available processors)

Optimal solution found (tolerance 1.00e-04)
Best objective 0.000000000000e+00, best bound 0.000000000000e+00, gap 0.0%

Gurobi 6.5.0 (linux64) logging started Mon 06 Jun 2016 03:23:43 PM EDT

Optimize a model with 1416 rows, 865 columns and 10936 nonzeros
Coefficient statistics:
  Matrix range    [1e+00, 1e+00]
  Objective range [1e+00, 1e+00]
  Bounds range    [1e+00, 4e+00]
  RHS range       [1e+00, 2e+00]
Found heuristic solution: objective 0
Presolve removed 1416 rows and 865 columns
Presolve time: 0.01s
Presolve: All rows and columns removed

Explored 0 nodes (0 simplex iterations) in 0.01 seconds
Thread count was 1 (of 1 available processors)

Optimal solution found (tolerance 1.00e-04)
Best objective 0.000000000000e+00, best bound 0.000000000000e+00, gap 0.0%

Gurobi 6.5.0 (linux64) logging started Mon 06 Jun 2016 03:23:44 PM EDT

Optimize a model with 1416 rows, 865 columns and 10936 nonzeros
Coefficient statistics:
  Matrix range    [1e+00, 1e+00]
  Objective range [1e+00, 1e+00]
  Bounds range    [1e+00, 4e+00]
  RHS range       [1e+00, 2e+00]
Found heuristic solution: objective 0
Presolve removed 1416 rows and 865 columns
Presolve time: 0.00s
Presolve: All rows and columns removed

Explored 0 nodes (0 simplex iterations) in 0.00 seconds
Thread count was 1 (of 1 available processors)

Optimal solution found (tolerance 1.00e-04)
Best objective 0.000000000000e+00, best bound 0.000000000000e+00, gap 0.0%

Gurobi 6.5.0 (linux64) logging started Mon 06 Jun 2016 03:23:50 PM EDT

Optimize a model with 1416 rows, 865 columns and 10936 nonzeros
Coefficient statistics:
  Matrix range    [1e+00, 1e+00]
  Objective range [1e+00, 1e+00]
  Bounds range    [1e+00, 4e+00]
  RHS range       [1e+00, 2e+00]
Found heuristic solution: objective 0
Presolve removed 1416 rows and 865 columns
Presolve time: 0.00s
Presolve: All rows and columns removed

Explored 0 nodes (0 simplex iterations) in 0.00 seconds
Thread count was 1 (of 1 available processors)

Optimal solution found (tolerance 1.00e-04)
Best objective 0.000000000000e+00, best bound 0.000000000000e+00, gap 0.0%

Gurobi 6.5.0 (linux64) logging started Mon 06 Jun 2016 03:24:01 PM EDT

Optimize a model with 1416 rows, 865 columns and 10936 nonzeros
Coefficient statistics:
  Matrix range    [1e+00, 1e+00]
  Objective range [1e+00, 1e+00]
  Bounds range    [1e+00, 4e+00]
  RHS range       [1e+00, 2e+00]
Presolve time: 0.00s

Explored 0 nodes (0 simplex iterations) in 0.00 seconds
Thread count was 1 (of 1 available processors)

Model is infeasible
Best objective -, best bound -, gap -

Gurobi 6.5.0 (linux64) logging started Mon 06 Jun 2016 03:24:08 PM EDT

Optimize a model with 1416 rows, 865 columns and 10936 nonzeros
Coefficient statistics:
  Matrix range    [1e+00, 1e+00]
  Objective range [1e+00, 1e+00]
  Bounds range    [1e+00, 4e+00]
  RHS range       [1e+00, 2e+00]
Found heuristic solution: objective 0
Presolve removed 1416 rows and 865 columns
Presolve time: 0.00s
Presolve: All rows and columns removed

Explored 0 nodes (0 simplex iterations) in 0.01 seconds
Thread count was 1 (of 1 available processors)

Optimal solution found (tolerance 1.00e-04)
Best objective 0.000000000000e+00, best bound 0.000000000000e+00, gap 0.0%

Gurobi 6.5.0 (linux64) logging started Mon 06 Jun 2016 03:25:11 PM EDT

Optimize a model with 1416 rows, 865 columns and 10936 nonzeros
Coefficient statistics:
  Matrix range    [1e+00, 1e+00]
  Objective range [1e+00, 1e+00]
  Bounds range    [1e+00, 4e+00]
  RHS range       [1e+00, 2e+00]
Found heuristic solution: objective 0
Presolve removed 1416 rows and 865 columns
Presolve time: 0.00s
Presolve: All rows and columns removed

Explored 0 nodes (0 simplex iterations) in 0.00 seconds
Thread count was 1 (of 1 available processors)

Optimal solution found (tolerance 1.00e-04)
Best objective 0.000000000000e+00, best bound 0.000000000000e+00, gap 0.0%

Gurobi 6.5.0 (linux64) logging started Mon 06 Jun 2016 03:25:33 PM EDT

Optimize a model with 1416 rows, 865 columns and 10936 nonzeros
Coefficient statistics:
  Matrix range    [1e+00, 1e+00]
  Objective range [1e+00, 1e+00]
  Bounds range    [1e+00, 4e+00]
  RHS range       [1e+00, 2e+00]
Found heuristic solution: objective 0
Presolve removed 1416 rows and 865 columns
Presolve time: 0.01s
Presolve: All rows and columns removed

Explored 0 nodes (0 simplex iterations) in 0.01 seconds
Thread count was 1 (of 1 available processors)

Optimal solution found (tolerance 1.00e-04)
Best objective 0.000000000000e+00, best bound 0.000000000000e+00, gap 0.0%

Gurobi 6.5.0 (linux64) logging started Mon 06 Jun 2016 03:25:34 PM EDT

Optimize a model with 1416 rows, 865 columns and 10936 nonzeros
Coefficient statistics:
  Matrix range    [1e+00, 1e+00]
  Objective range [1e+00, 1e+00]
  Bounds range    [1e+00, 4e+00]
  RHS range       [1e+00, 2e+00]
Found heuristic solution: objective 0
Presolve removed 1416 rows and 865 columns
Presolve time: 0.00s
Presolve: All rows and columns removed

Explored 0 nodes (0 simplex iterations) in 0.00 seconds
Thread count was 1 (of 1 available processors)

Optimal solution found (tolerance 1.00e-04)
Best objective 0.000000000000e+00, best bound 0.000000000000e+00, gap 0.0%

Gurobi 6.5.0 (linux64) logging started Mon 06 Jun 2016 03:29:43 PM EDT

Optimize a model with 1132 rows, 865 columns and 7528 nonzeros
Coefficient statistics:
  Matrix range    [1e+00, 1e+00]
  Objective range [1e+00, 1e+00]
  Bounds range    [1e+00, 4e+00]
  RHS range       [1e+00, 2e+00]
Found heuristic solution: objective 3
Presolve removed 1124 rows and 848 columns
Presolve time: 0.01s
Presolved: 8 rows, 17 columns, 36 nonzeros
Variable types: 0 continuous, 17 integer (16 binary)

Root relaxation: objective 1.000000e+00, 10 iterations, 0.01 seconds

    Nodes    |    Current Node    |     Objective Bounds      |     Work
 Expl Unexpl |  Obj  Depth IntInf | Incumbent    BestBd   Gap | It/Node Time

*    0     0               0       1.0000000    1.00000  0.00%     -    0s

Explored 0 nodes (10 simplex iterations) in 0.03 seconds
Thread count was 1 (of 1 available processors)

Optimal solution found (tolerance 1.00e-04)
Best objective 1.000000000000e+00, best bound 1.000000000000e+00, gap 0.0%

Gurobi 6.5.0 (linux64) logging started Mon 06 Jun 2016 03:29:44 PM EDT

Optimize a model with 1132 rows, 865 columns and 7528 nonzeros
Coefficient statistics:
  Matrix range    [1e+00, 1e+00]
  Objective range [1e+00, 1e+00]
  Bounds range    [1e+00, 4e+00]
  RHS range       [1e+00, 2e+00]
Found heuristic solution: objective 3
Presolve removed 1124 rows and 848 columns
Presolve time: 0.00s
Presolved: 8 rows, 17 columns, 36 nonzeros
Variable types: 0 continuous, 17 integer (16 binary)

Root relaxation: objective 1.000000e+00, 10 iterations, 0.00 seconds

    Nodes    |    Current Node    |     Objective Bounds      |     Work
 Expl Unexpl |  Obj  Depth IntInf | Incumbent    BestBd   Gap | It/Node Time

*    0     0               0       1.0000000    1.00000  0.00%     -    0s

Explored 0 nodes (10 simplex iterations) in 0.01 seconds
Thread count was 1 (of 1 available processors)

Optimal solution found (tolerance 1.00e-04)
Best objective 1.000000000000e+00, best bound 1.000000000000e+00, gap 0.0%

Gurobi 6.5.0 (linux64) logging started Mon 06 Jun 2016 03:33:43 PM EDT

Optimize a model with 1132 rows, 865 columns and 7528 nonzeros
Coefficient statistics:
  Matrix range    [1e+00, 1e+00]
  Objective range [1e+00, 1e+00]
  Bounds range    [1e+00, 4e+00]
  RHS range       [1e+00, 2e+00]
Found heuristic solution: objective 3
Presolve removed 1124 rows and 848 columns
Presolve time: 0.00s
Presolved: 8 rows, 17 columns, 36 nonzeros
Variable types: 0 continuous, 17 integer (16 binary)

Root relaxation: objective 1.000000e+00, 10 iterations, 0.00 seconds

    Nodes    |    Current Node    |     Objective Bounds      |     Work
 Expl Unexpl |  Obj  Depth IntInf | Incumbent    BestBd   Gap | It/Node Time

*    0     0               0       1.0000000    1.00000  0.00%     -    0s

Explored 0 nodes (10 simplex iterations) in 0.00 seconds
Thread count was 1 (of 1 available processors)

Optimal solution found (tolerance 1.00e-04)
Best objective 1.000000000000e+00, best bound 1.000000000000e+00, gap 0.0%

Gurobi 6.5.0 (linux64) logging started Mon 06 Jun 2016 03:33:58 PM EDT

Optimize a model with 1361 rows, 1081 columns and 9376 nonzeros
Coefficient statistics:
  Matrix range    [1e+00, 1e+00]
  Objective range [1e+00, 1e+00]
  Bounds range    [1e+00, 5e+00]
  RHS range       [1e+00, 2e+00]
Found heuristic solution: objective 3
Presolve removed 1352 rows and 1060 columns
Presolve time: 0.00s
Presolved: 9 rows, 21 columns, 44 nonzeros
Variable types: 0 continuous, 21 integer (20 binary)

Root relaxation: objective 1.250000e+00, 12 iterations, 0.00 seconds

    Nodes    |    Current Node    |     Objective Bounds      |     Work
 Expl Unexpl |  Obj  Depth IntInf | Incumbent    BestBd   Gap | It/Node Time

     0     0    1.25000    0    5    3.00000    1.25000  58.3%     -    0s
H    0     0                       2.0000000    1.25000  37.5%     -    0s

Explored 0 nodes (19 simplex iterations) in 0.01 seconds
Thread count was 1 (of 1 available processors)

Optimal solution found (tolerance 1.00e-04)
Best objective 2.000000000000e+00, best bound 2.000000000000e+00, gap 0.0%

Gurobi 6.5.0 (linux64) logging started Mon 06 Jun 2016 03:34:16 PM EDT

Optimize a model with 1361 rows, 1081 columns and 9376 nonzeros
Coefficient statistics:
  Matrix range    [1e+00, 1e+00]
  Objective range [1e+00, 1e+00]
  Bounds range    [1e+00, 5e+00]
  RHS range       [1e+00, 2e+00]
Found heuristic solution: objective 3
Presolve removed 1344 rows and 1056 columns
Presolve time: 0.01s
Presolved: 17 rows, 25 columns, 66 nonzeros
Variable types: 0 continuous, 25 integer (24 binary)

Root relaxation: objective 1.062500e+00, 19 iterations, 0.00 seconds

    Nodes    |    Current Node    |     Objective Bounds      |     Work
 Expl Unexpl |  Obj  Depth IntInf | Incumbent    BestBd   Gap | It/Node Time

     0     0    1.06250    0   10    3.00000    1.06250  64.6%     -    0s
H    0     0                       2.0000000    1.06250  46.9%     -    0s

Explored 0 nodes (26 simplex iterations) in 0.01 seconds
Thread count was 1 (of 1 available processors)

Optimal solution found (tolerance 1.00e-04)
Best objective 2.000000000000e+00, best bound 2.000000000000e+00, gap 0.0%

Gurobi 6.5.0 (linux64) logging started Mon 06 Jun 2016 03:34:32 PM EDT

Optimize a model with 1132 rows, 865 columns and 7528 nonzeros
Coefficient statistics:
  Matrix range    [1e+00, 1e+00]
  Objective range [1e+00, 1e+00]
  Bounds range    [1e+00, 4e+00]
  RHS range       [1e+00, 2e+00]
Found heuristic solution: objective 4
Presolve removed 976 rows and 736 columns
Presolve time: 0.00s
Presolved: 156 rows, 129 columns, 700 nonzeros
Variable types: 0 continuous, 129 integer (128 binary)

Root relaxation: objective 1.333333e+00, 67 iterations, 0.00 seconds

    Nodes    |    Current Node    |     Objective Bounds      |     Work
 Expl Unexpl |  Obj  Depth IntInf | Incumbent    BestBd   Gap | It/Node Time

     0     0    1.33333    0   10    4.00000    1.33333  66.7%     -    0s
H    0     0                       2.0000000    1.33333  33.3%     -    0s

Explored 0 nodes (110 simplex iterations) in 0.01 seconds
Thread count was 1 (of 1 available processors)

Optimal solution found (tolerance 1.00e-04)
Best objective 2.000000000000e+00, best bound 2.000000000000e+00, gap 0.0%

Gurobi 6.5.0 (linux64) logging started Mon 06 Jun 2016 03:36:02 PM EDT

Optimize a model with 1132 rows, 865 columns and 7528 nonzeros
Coefficient statistics:
  Matrix range    [1e+00, 1e+00]
  Objective range [1e+00, 1e+00]
  Bounds range    [1e+00, 4e+00]
  RHS range       [1e+00, 2e+00]
Found heuristic solution: objective 4
Presolve removed 976 rows and 736 columns
Presolve time: 0.01s
Presolved: 156 rows, 129 columns, 700 nonzeros
Variable types: 0 continuous, 129 integer (128 binary)

Root relaxation: objective 1.333333e+00, 67 iterations, 0.00 seconds

    Nodes    |    Current Node    |     Objective Bounds      |     Work
 Expl Unexpl |  Obj  Depth IntInf | Incumbent    BestBd   Gap | It/Node Time

     0     0    1.33333    0   10    4.00000    1.33333  66.7%     -    0s
H    0     0                       2.0000000    1.33333  33.3%     -    0s

Explored 0 nodes (110 simplex iterations) in 0.01 seconds
Thread count was 1 (of 1 available processors)

Optimal solution found (tolerance 1.00e-04)
Best objective 2.000000000000e+00, best bound 2.000000000000e+00, gap 0.0%

Gurobi 6.5.0 (linux64) logging started Mon 06 Jun 2016 03:36:03 PM EDT

Optimize a model with 1132 rows, 865 columns and 7528 nonzeros
Coefficient statistics:
  Matrix range    [1e+00, 1e+00]
  Objective range [1e+00, 1e+00]
  Bounds range    [1e+00, 4e+00]
  RHS range       [1e+00, 2e+00]
Found heuristic solution: objective 4
Presolve removed 976 rows and 736 columns
Presolve time: 0.01s
Presolved: 156 rows, 129 columns, 700 nonzeros
Variable types: 0 continuous, 129 integer (128 binary)

Root relaxation: objective 1.333333e+00, 67 iterations, 0.00 seconds

    Nodes    |    Current Node    |     Objective Bounds      |     Work
 Expl Unexpl |  Obj  Depth IntInf | Incumbent    BestBd   Gap | It/Node Time

     0     0    1.33333    0   10    4.00000    1.33333  66.7%     -    0s
H    0     0                       2.0000000    1.33333  33.3%     -    0s

Explored 0 nodes (110 simplex iterations) in 0.02 seconds
Thread count was 1 (of 1 available processors)

Optimal solution found (tolerance 1.00e-04)
Best objective 2.000000000000e+00, best bound 2.000000000000e+00, gap 0.0%

Gurobi 6.5.0 (linux64) logging started Mon 06 Jun 2016 03:36:53 PM EDT

Optimize a model with 1132 rows, 865 columns and 7528 nonzeros
Coefficient statistics:
  Matrix range    [1e+00, 1e+00]
  Objective range [1e+00, 1e+00]
  Bounds range    [1e+00, 4e+00]
  RHS range       [1e+00, 2e+00]
Found heuristic solution: objective 4
Presolve removed 976 rows and 736 columns
Presolve time: 0.01s
Presolved: 156 rows, 129 columns, 700 nonzeros
Variable types: 0 continuous, 129 integer (128 binary)

Root relaxation: objective 1.333333e+00, 67 iterations, 0.00 seconds

    Nodes    |    Current Node    |     Objective Bounds      |     Work
 Expl Unexpl |  Obj  Depth IntInf | Incumbent    BestBd   Gap | It/Node Time

     0     0    1.33333    0   10    4.00000    1.33333  66.7%     -    0s
H    0     0                       2.0000000    1.33333  33.3%     -    0s

Explored 0 nodes (110 simplex iterations) in 0.02 seconds
Thread count was 1 (of 1 available processors)

Optimal solution found (tolerance 1.00e-04)
Best objective 2.000000000000e+00, best bound 2.000000000000e+00, gap 0.0%

Gurobi 6.5.0 (linux64) logging started Mon 06 Jun 2016 03:38:01 PM EDT

Optimize a model with 1132 rows, 865 columns and 7528 nonzeros
Coefficient statistics:
  Matrix range    [1e+00, 1e+00]
  Objective range [1e+00, 1e+00]
  Bounds range    [1e+00, 4e+00]
  RHS range       [1e+00, 2e+00]
Found heuristic solution: objective 4
Presolve removed 976 rows and 736 columns
Presolve time: 0.01s
Presolved: 156 rows, 129 columns, 700 nonzeros
Variable types: 0 continuous, 129 integer (128 binary)

Root relaxation: objective 1.333333e+00, 67 iterations, 0.00 seconds

    Nodes    |    Current Node    |     Objective Bounds      |     Work
 Expl Unexpl |  Obj  Depth IntInf | Incumbent    BestBd   Gap | It/Node Time

     0     0    1.33333    0   10    4.00000    1.33333  66.7%     -    0s
H    0     0                       2.0000000    1.33333  33.3%     -    0s

Explored 0 nodes (110 simplex iterations) in 0.02 seconds
Thread count was 1 (of 1 available processors)

Optimal solution found (tolerance 1.00e-04)
Best objective 2.000000000000e+00, best bound 2.000000000000e+00, gap 0.0%

Gurobi 6.5.0 (linux64) logging started Mon 06 Jun 2016 03:38:47 PM EDT

Optimize a model with 1132 rows, 865 columns and 7528 nonzeros
Coefficient statistics:
  Matrix range    [1e+00, 1e+00]
  Objective range [1e+00, 1e+00]
  Bounds range    [1e+00, 4e+00]
  RHS range       [1e+00, 2e+00]
Found heuristic solution: objective 4
Presolve removed 976 rows and 736 columns
Presolve time: 0.01s
Presolved: 156 rows, 129 columns, 700 nonzeros
Variable types: 0 continuous, 129 integer (128 binary)

Root relaxation: objective 1.333333e+00, 67 iterations, 0.00 seconds

    Nodes    |    Current Node    |     Objective Bounds      |     Work
 Expl Unexpl |  Obj  Depth IntInf | Incumbent    BestBd   Gap | It/Node Time

     0     0    1.33333    0   10    4.00000    1.33333  66.7%     -    0s
H    0     0                       2.0000000    1.33333  33.3%     -    0s

Explored 0 nodes (110 simplex iterations) in 0.02 seconds
Thread count was 1 (of 1 available processors)

Optimal solution found (tolerance 1.00e-04)
Best objective 2.000000000000e+00, best bound 2.000000000000e+00, gap 0.0%

Gurobi 6.5.0 (linux64) logging started Mon 06 Jun 2016 03:41:51 PM EDT

Optimize a model with 1132 rows, 865 columns and 7528 nonzeros
Coefficient statistics:
  Matrix range    [1e+00, 1e+00]
  Objective range [1e+00, 1e+00]
  Bounds range    [1e+00, 4e+00]
  RHS range       [1e+00, 2e+00]
Found heuristic solution: objective 4
Presolve removed 976 rows and 736 columns
Presolve time: 0.00s
Presolved: 156 rows, 129 columns, 700 nonzeros
Variable types: 0 continuous, 129 integer (128 binary)

Root relaxation: objective 1.333333e+00, 67 iterations, 0.00 seconds

    Nodes    |    Current Node    |     Objective Bounds      |     Work
 Expl Unexpl |  Obj  Depth IntInf | Incumbent    BestBd   Gap | It/Node Time

     0     0    1.33333    0   10    4.00000    1.33333  66.7%     -    0s
H    0     0                       2.0000000    1.33333  33.3%     -    0s

Explored 0 nodes (110 simplex iterations) in 0.01 seconds
Thread count was 1 (of 1 available processors)

Optimal solution found (tolerance 1.00e-04)
Best objective 2.000000000000e+00, best bound 2.000000000000e+00, gap 0.0%

Gurobi 6.5.0 (linux64) logging started Mon 06 Jun 2016 03:43:11 PM EDT

Optimize a model with 1132 rows, 865 columns and 7528 nonzeros
Coefficient statistics:
  Matrix range    [1e+00, 1e+00]
  Objective range [1e+00, 1e+00]
  Bounds range    [1e+00, 4e+00]
  RHS range       [1e+00, 2e+00]
Found heuristic solution: objective 4
Presolve removed 976 rows and 736 columns
Presolve time: 0.01s
Presolved: 156 rows, 129 columns, 700 nonzeros
Variable types: 0 continuous, 129 integer (128 binary)

Root relaxation: objective 1.333333e+00, 67 iterations, 0.00 seconds

    Nodes    |    Current Node    |     Objective Bounds      |     Work
 Expl Unexpl |  Obj  Depth IntInf | Incumbent    BestBd   Gap | It/Node Time

     0     0    1.33333    0   10    4.00000    1.33333  66.7%     -    0s
H    0     0                       2.0000000    1.33333  33.3%     -    0s

Explored 0 nodes (110 simplex iterations) in 0.02 seconds
Thread count was 1 (of 1 available processors)

Optimal solution found (tolerance 1.00e-04)
Best objective 2.000000000000e+00, best bound 2.000000000000e+00, gap 0.0%

Gurobi 6.5.0 (linux64) logging started Mon 06 Jun 2016 03:43:12 PM EDT

Optimize a model with 1132 rows, 865 columns and 7528 nonzeros
Coefficient statistics:
  Matrix range    [1e+00, 1e+00]
  Objective range [1e+00, 1e+00]
  Bounds range    [1e+00, 4e+00]
  RHS range       [1e+00, 2e+00]
Found heuristic solution: objective 4
Presolve removed 976 rows and 736 columns
Presolve time: 0.00s
Presolved: 156 rows, 129 columns, 700 nonzeros
Variable types: 0 continuous, 129 integer (128 binary)

Root relaxation: objective 1.333333e+00, 67 iterations, 0.00 seconds

    Nodes    |    Current Node    |     Objective Bounds      |     Work
 Expl Unexpl |  Obj  Depth IntInf | Incumbent    BestBd   Gap | It/Node Time

     0     0    1.33333    0   10    4.00000    1.33333  66.7%     -    0s
H    0     0                       2.0000000    1.33333  33.3%     -    0s

Explored 0 nodes (110 simplex iterations) in 0.01 seconds
Thread count was 1 (of 1 available processors)

Optimal solution found (tolerance 1.00e-04)
Best objective 2.000000000000e+00, best bound 2.000000000000e+00, gap 0.0%

Gurobi 6.5.0 (linux64) logging started Mon 06 Jun 2016 03:44:11 PM EDT

Optimize a model with 1132 rows, 865 columns and 7528 nonzeros
Coefficient statistics:
  Matrix range    [1e+00, 1e+00]
  Objective range [1e+00, 1e+00]
  Bounds range    [1e+00, 4e+00]
  RHS range       [1e+00, 2e+00]
Found heuristic solution: objective 4
Presolve removed 976 rows and 736 columns
Presolve time: 0.01s
Presolved: 156 rows, 129 columns, 700 nonzeros
Variable types: 0 continuous, 129 integer (128 binary)

Root relaxation: objective 1.333333e+00, 67 iterations, 0.00 seconds

    Nodes    |    Current Node    |     Objective Bounds      |     Work
 Expl Unexpl |  Obj  Depth IntInf | Incumbent    BestBd   Gap | It/Node Time

     0     0    1.33333    0   10    4.00000    1.33333  66.7%     -    0s
H    0     0                       2.0000000    1.33333  33.3%     -    0s

Explored 0 nodes (110 simplex iterations) in 0.02 seconds
Thread count was 1 (of 1 available processors)

Optimal solution found (tolerance 1.00e-04)
Best objective 2.000000000000e+00, best bound 2.000000000000e+00, gap 0.0%

Gurobi 6.5.0 (linux64) logging started Mon 06 Jun 2016 03:44:12 PM EDT

Optimize a model with 1132 rows, 865 columns and 7528 nonzeros
Coefficient statistics:
  Matrix range    [1e+00, 1e+00]
  Objective range [1e+00, 1e+00]
  Bounds range    [1e+00, 4e+00]
  RHS range       [1e+00, 2e+00]
Found heuristic solution: objective 4
Presolve removed 976 rows and 736 columns
Presolve time: 0.00s
Presolved: 156 rows, 129 columns, 700 nonzeros
Variable types: 0 continuous, 129 integer (128 binary)

Root relaxation: objective 1.333333e+00, 67 iterations, 0.00 seconds

    Nodes    |    Current Node    |     Objective Bounds      |     Work
 Expl Unexpl |  Obj  Depth IntInf | Incumbent    BestBd   Gap | It/Node Time

     0     0    1.33333    0   10    4.00000    1.33333  66.7%     -    0s
H    0     0                       2.0000000    1.33333  33.3%     -    0s

Explored 0 nodes (110 simplex iterations) in 0.01 seconds
Thread count was 1 (of 1 available processors)

Optimal solution found (tolerance 1.00e-04)
Best objective 2.000000000000e+00, best bound 2.000000000000e+00, gap 0.0%

Gurobi 6.5.0 (linux64) logging started Mon 06 Jun 2016 03:46:54 PM EDT

Optimize a model with 1132 rows, 865 columns and 7528 nonzeros
Coefficient statistics:
  Matrix range    [1e+00, 1e+00]
  Objective range [1e+00, 1e+00]
  Bounds range    [1e+00, 4e+00]
  RHS range       [1e+00, 2e+00]
Found heuristic solution: objective 4
Presolve removed 976 rows and 736 columns
Presolve time: 0.01s
Presolved: 156 rows, 129 columns, 700 nonzeros
Variable types: 0 continuous, 129 integer (128 binary)

Root relaxation: objective 1.333333e+00, 67 iterations, 0.00 seconds

    Nodes    |    Current Node    |     Objective Bounds      |     Work
 Expl Unexpl |  Obj  Depth IntInf | Incumbent    BestBd   Gap | It/Node Time

     0     0    1.33333    0   10    4.00000    1.33333  66.7%     -    0s
H    0     0                       2.0000000    1.33333  33.3%     -    0s

Explored 0 nodes (110 simplex iterations) in 0.02 seconds
Thread count was 1 (of 1 available processors)

Optimal solution found (tolerance 1.00e-04)
Best objective 2.000000000000e+00, best bound 2.000000000000e+00, gap 0.0%

Gurobi 6.5.0 (linux64) logging started Mon 06 Jun 2016 03:47:12 PM EDT

Optimize a model with 1132 rows, 865 columns and 7528 nonzeros
Coefficient statistics:
  Matrix range    [1e+00, 1e+00]
  Objective range [1e+00, 1e+00]
  Bounds range    [1e+00, 4e+00]
  RHS range       [1e+00, 2e+00]
Found heuristic solution: objective 3
Presolve removed 1124 rows and 848 columns
Presolve time: 0.00s
Presolved: 8 rows, 17 columns, 36 nonzeros
Variable types: 0 continuous, 17 integer (16 binary)

Root relaxation: objective 1.000000e+00, 10 iterations, 0.00 seconds

    Nodes    |    Current Node    |     Objective Bounds      |     Work
 Expl Unexpl |  Obj  Depth IntInf | Incumbent    BestBd   Gap | It/Node Time

*    0     0               0       1.0000000    1.00000  0.00%     -    0s

Explored 0 nodes (10 simplex iterations) in 0.00 seconds
Thread count was 1 (of 1 available processors)

Optimal solution found (tolerance 1.00e-04)
Best objective 1.000000000000e+00, best bound 1.000000000000e+00, gap 0.0%

Gurobi 6.5.0 (linux64) logging started Mon 06 Jun 2016 03:47:29 PM EDT

Optimize a model with 1361 rows, 1081 columns and 9376 nonzeros
Coefficient statistics:
  Matrix range    [1e+00, 1e+00]
  Objective range [1e+00, 1e+00]
  Bounds range    [1e+00, 5e+00]
  RHS range       [1e+00, 2e+00]
Found heuristic solution: objective 3
Presolve removed 1352 rows and 1060 columns
Presolve time: 0.00s
Presolved: 9 rows, 21 columns, 44 nonzeros
Variable types: 0 continuous, 21 integer (20 binary)

Root relaxation: objective 1.250000e+00, 12 iterations, 0.00 seconds

    Nodes    |    Current Node    |     Objective Bounds      |     Work
 Expl Unexpl |  Obj  Depth IntInf | Incumbent    BestBd   Gap | It/Node Time

     0     0    1.25000    0    5    3.00000    1.25000  58.3%     -    0s
H    0     0                       2.0000000    1.25000  37.5%     -    0s

Explored 0 nodes (19 simplex iterations) in 0.01 seconds
Thread count was 1 (of 1 available processors)

Optimal solution found (tolerance 1.00e-04)
Best objective 2.000000000000e+00, best bound 2.000000000000e+00, gap 0.0%

Gurobi 6.5.0 (linux64) logging started Mon 06 Jun 2016 03:47:42 PM EDT

Optimize a model with 1361 rows, 1081 columns and 9376 nonzeros
Coefficient statistics:
  Matrix range    [1e+00, 1e+00]
  Objective range [1e+00, 1e+00]
  Bounds range    [1e+00, 5e+00]
  RHS range       [1e+00, 2e+00]
Found heuristic solution: objective 3
Presolve removed 1344 rows and 1056 columns
Presolve time: 0.00s
Presolved: 17 rows, 25 columns, 66 nonzeros
Variable types: 0 continuous, 25 integer (24 binary)

Root relaxation: objective 1.062500e+00, 19 iterations, 0.00 seconds

    Nodes    |    Current Node    |     Objective Bounds      |     Work
 Expl Unexpl |  Obj  Depth IntInf | Incumbent    BestBd   Gap | It/Node Time

     0     0    1.06250    0   10    3.00000    1.06250  64.6%     -    0s
H    0     0                       2.0000000    1.06250  46.9%     -    0s

Explored 0 nodes (26 simplex iterations) in 0.00 seconds
Thread count was 1 (of 1 available processors)

Optimal solution found (tolerance 1.00e-04)
Best objective 2.000000000000e+00, best bound 2.000000000000e+00, gap 0.0%

Gurobi 6.5.0 (linux64) logging started Mon 06 Jun 2016 03:52:46 PM EDT

Optimize a model with 1361 rows, 1081 columns and 9376 nonzeros
Coefficient statistics:
  Matrix range    [1e+00, 1e+00]
  Objective range [1e+00, 1e+00]
  Bounds range    [1e+00, 5e+00]
  RHS range       [1e+00, 2e+00]
Found heuristic solution: objective 3
Presolve removed 1344 rows and 1056 columns
Presolve time: 0.01s
Presolved: 17 rows, 25 columns, 66 nonzeros
Variable types: 0 continuous, 25 integer (24 binary)

Root relaxation: objective 1.062500e+00, 19 iterations, 0.00 seconds

    Nodes    |    Current Node    |     Objective Bounds      |     Work
 Expl Unexpl |  Obj  Depth IntInf | Incumbent    BestBd   Gap | It/Node Time

     0     0    1.06250    0   10    3.00000    1.06250  64.6%     -    0s
H    0     0                       2.0000000    1.06250  46.9%     -    0s

Explored 0 nodes (26 simplex iterations) in 0.01 seconds
Thread count was 1 (of 1 available processors)

Optimal solution found (tolerance 1.00e-04)
Best objective 2.000000000000e+00, best bound 2.000000000000e+00, gap 0.0%

Gurobi 6.5.0 (linux64) logging started Mon 06 Jun 2016 03:53:22 PM EDT

Optimize a model with 1361 rows, 1081 columns and 9376 nonzeros
Coefficient statistics:
  Matrix range    [1e+00, 1e+00]
  Objective range [1e+00, 1e+00]
  Bounds range    [1e+00, 5e+00]
  RHS range       [1e+00, 2e+00]
Found heuristic solution: objective 3
Presolve removed 1344 rows and 1056 columns
Presolve time: 0.00s
Presolved: 17 rows, 25 columns, 66 nonzeros
Variable types: 0 continuous, 25 integer (24 binary)

Root relaxation: objective 1.062500e+00, 19 iterations, 0.00 seconds

    Nodes    |    Current Node    |     Objective Bounds      |     Work
 Expl Unexpl |  Obj  Depth IntInf | Incumbent    BestBd   Gap | It/Node Time

     0     0    1.06250    0   10    3.00000    1.06250  64.6%     -    0s
H    0     0                       2.0000000    1.06250  46.9%     -    0s

Explored 0 nodes (26 simplex iterations) in 0.00 seconds
Thread count was 1 (of 1 available processors)

Optimal solution found (tolerance 1.00e-04)
Best objective 2.000000000000e+00, best bound 2.000000000000e+00, gap 0.0%

Gurobi 6.5.0 (linux64) logging started Mon 06 Jun 2016 03:53:53 PM EDT

Optimize a model with 1361 rows, 1081 columns and 9376 nonzeros
Coefficient statistics:
  Matrix range    [1e+00, 1e+00]
  Objective range [1e+00, 1e+00]
  Bounds range    [1e+00, 5e+00]
  RHS range       [1e+00, 2e+00]
Found heuristic solution: objective 3
Presolve removed 1344 rows and 1056 columns
Presolve time: 0.00s
Presolved: 17 rows, 25 columns, 66 nonzeros
Variable types: 0 continuous, 25 integer (24 binary)

Root relaxation: objective 1.062500e+00, 19 iterations, 0.00 seconds

    Nodes    |    Current Node    |     Objective Bounds      |     Work
 Expl Unexpl |  Obj  Depth IntInf | Incumbent    BestBd   Gap | It/Node Time

     0     0    1.06250    0   10    3.00000    1.06250  64.6%     -    0s
H    0     0                       2.0000000    1.06250  46.9%     -    0s

Explored 0 nodes (26 simplex iterations) in 0.00 seconds
Thread count was 1 (of 1 available processors)

Optimal solution found (tolerance 1.00e-04)
Best objective 2.000000000000e+00, best bound 2.000000000000e+00, gap 0.0%

Gurobi 6.5.0 (linux64) logging started Mon 06 Jun 2016 03:54:09 PM EDT

Optimize a model with 1361 rows, 1081 columns and 9376 nonzeros
Coefficient statistics:
  Matrix range    [1e+00, 1e+00]
  Objective range [1e+00, 1e+00]
  Bounds range    [1e+00, 5e+00]
  RHS range       [1e+00, 2e+00]
Found heuristic solution: objective 3
Presolve removed 1344 rows and 1056 columns
Presolve time: 0.00s
Presolved: 17 rows, 25 columns, 66 nonzeros
Variable types: 0 continuous, 25 integer (24 binary)

Root relaxation: objective 1.062500e+00, 19 iterations, 0.00 seconds

    Nodes    |    Current Node    |     Objective Bounds      |     Work
 Expl Unexpl |  Obj  Depth IntInf | Incumbent    BestBd   Gap | It/Node Time

     0     0    1.06250    0   10    3.00000    1.06250  64.6%     -    0s
H    0     0                       2.0000000    1.06250  46.9%     -    0s

Explored 0 nodes (26 simplex iterations) in 0.00 seconds
Thread count was 1 (of 1 available processors)

Optimal solution found (tolerance 1.00e-04)
Best objective 2.000000000000e+00, best bound 2.000000000000e+00, gap 0.0%

Gurobi 6.5.0 (linux64) logging started Mon 06 Jun 2016 03:54:25 PM EDT

Optimize a model with 1132 rows, 865 columns and 7528 nonzeros
Coefficient statistics:
  Matrix range    [1e+00, 1e+00]
  Objective range [1e+00, 1e+00]
  Bounds range    [1e+00, 4e+00]
  RHS range       [1e+00, 2e+00]
Found heuristic solution: objective 4
Presolve removed 976 rows and 736 columns
Presolve time: 0.00s
Presolved: 156 rows, 129 columns, 700 nonzeros
Variable types: 0 continuous, 129 integer (128 binary)

Root relaxation: objective 1.333333e+00, 67 iterations, 0.01 seconds

    Nodes    |    Current Node    |     Objective Bounds      |     Work
 Expl Unexpl |  Obj  Depth IntInf | Incumbent    BestBd   Gap | It/Node Time

     0     0    1.33333    0   10    4.00000    1.33333  66.7%     -    0s
H    0     0                       2.0000000    1.33333  33.3%     -    0s

Explored 0 nodes (110 simplex iterations) in 0.01 seconds
Thread count was 1 (of 1 available processors)

Optimal solution found (tolerance 1.00e-04)
Best objective 2.000000000000e+00, best bound 2.000000000000e+00, gap 0.0%

Gurobi 6.5.0 (linux64) logging started Mon 06 Jun 2016 03:54:40 PM EDT

Optimize a model with 1132 rows, 865 columns and 7528 nonzeros
Coefficient statistics:
  Matrix range    [1e+00, 1e+00]
  Objective range [1e+00, 1e+00]
  Bounds range    [1e+00, 4e+00]
  RHS range       [1e+00, 2e+00]
Found heuristic solution: objective 3
Presolve removed 1124 rows and 848 columns
Presolve time: 0.00s
Presolved: 8 rows, 17 columns, 36 nonzeros
Variable types: 0 continuous, 17 integer (16 binary)

Root relaxation: objective 1.000000e+00, 10 iterations, 0.00 seconds

    Nodes    |    Current Node    |     Objective Bounds      |     Work
 Expl Unexpl |  Obj  Depth IntInf | Incumbent    BestBd   Gap | It/Node Time

*    0     0               0       1.0000000    1.00000  0.00%     -    0s

Explored 0 nodes (10 simplex iterations) in 0.00 seconds
Thread count was 1 (of 1 available processors)

Optimal solution found (tolerance 1.00e-04)
Best objective 1.000000000000e+00, best bound 1.000000000000e+00, gap 0.0%
