
Gurobi 6.5.0 (linux64) logging started Sun 05 Jun 2016 03:34:52 PM EDT


Gurobi 6.5.0 (linux64) logging started Sun 05 Jun 2016 03:35:10 PM EDT


Gurobi 6.5.0 (linux64) logging started Sun 05 Jun 2016 03:37:48 PM EDT


Gurobi 6.5.0 (linux64) logging started Sun 05 Jun 2016 03:47:37 PM EDT


Gurobi 6.5.0 (linux64) logging started Sun 05 Jun 2016 03:47:39 PM EDT


Gurobi 6.5.0 (linux64) logging started Sun 05 Jun 2016 03:47:42 PM EDT


Gurobi 6.5.0 (linux64) logging started Sun 05 Jun 2016 03:47:43 PM EDT


Gurobi 6.5.0 (linux64) logging started Sun 05 Jun 2016 03:47:45 PM EDT


Gurobi 6.5.0 (linux64) logging started Sun 05 Jun 2016 03:47:46 PM EDT


Gurobi 6.5.0 (linux64) logging started Sun 05 Jun 2016 03:49:15 PM EDT


Gurobi 6.5.0 (linux64) logging started Sun 05 Jun 2016 03:49:36 PM EDT


Gurobi 6.5.0 (linux64) logging started Sun 05 Jun 2016 03:50:03 PM EDT


Gurobi 6.5.0 (linux64) logging started Sun 05 Jun 2016 03:50:28 PM EDT


Gurobi 6.5.0 (linux64) logging started Sun 05 Jun 2016 03:50:30 PM EDT


Gurobi 6.5.0 (linux64) logging started Sun 05 Jun 2016 03:50:33 PM EDT


Gurobi 6.5.0 (linux64) logging started Sun 05 Jun 2016 03:57:20 PM EDT


Gurobi 6.5.0 (linux64) logging started Sun 05 Jun 2016 03:58:25 PM EDT


Gurobi 6.5.0 (linux64) logging started Sun 05 Jun 2016 04:07:57 PM EDT


Gurobi 6.5.0 (linux64) logging started Sun 05 Jun 2016 04:09:00 PM EDT


Gurobi 6.5.0 (linux64) logging started Sun 05 Jun 2016 04:39:28 PM EDT


Gurobi 6.5.0 (linux64) logging started Sun 05 Jun 2016 04:41:47 PM EDT


Gurobi 6.5.0 (linux64) logging started Sun 05 Jun 2016 04:45:39 PM EDT


Gurobi 6.5.0 (linux64) logging started Sun 05 Jun 2016 04:45:48 PM EDT


Gurobi 6.5.0 (linux64) logging started Sun 05 Jun 2016 04:47:15 PM EDT


Gurobi 6.5.0 (linux64) logging started Sun 05 Jun 2016 04:47:23 PM EDT


Gurobi 6.5.0 (linux64) logging started Sun 05 Jun 2016 04:47:43 PM EDT


Gurobi 6.5.0 (linux64) logging started Sun 05 Jun 2016 04:53:09 PM EDT


Gurobi 6.5.0 (linux64) logging started Sun 05 Jun 2016 04:53:18 PM EDT


Gurobi 6.5.0 (linux64) logging started Sun 05 Jun 2016 04:53:22 PM EDT


Gurobi 6.5.0 (linux64) logging started Sun 05 Jun 2016 04:53:23 PM EDT


Gurobi 6.5.0 (linux64) logging started Sun 05 Jun 2016 04:54:17 PM EDT


Gurobi 6.5.0 (linux64) logging started Sun 05 Jun 2016 04:54:40 PM EDT


Gurobi 6.5.0 (linux64) logging started Sun 05 Jun 2016 04:54:42 PM EDT


Gurobi 6.5.0 (linux64) logging started Sun 05 Jun 2016 05:01:20 PM EDT


Gurobi 6.5.0 (linux64) logging started Sun 05 Jun 2016 05:07:12 PM EDT


Gurobi 6.5.0 (linux64) logging started Sun 05 Jun 2016 05:07:53 PM EDT


Gurobi 6.5.0 (linux64) logging started Sun 05 Jun 2016 05:19:24 PM EDT


Gurobi 6.5.0 (linux64) logging started Sun 05 Jun 2016 05:19:28 PM EDT


Gurobi 6.5.0 (linux64) logging started Sun 05 Jun 2016 05:19:50 PM EDT


Gurobi 6.5.0 (linux64) logging started Sun 05 Jun 2016 05:19:51 PM EDT


Gurobi 6.5.0 (linux64) logging started Sun 05 Jun 2016 05:19:53 PM EDT


Gurobi 6.5.0 (linux64) logging started Sun 05 Jun 2016 05:19:53 PM EDT


Gurobi 6.5.0 (linux64) logging started Sun 05 Jun 2016 05:19:55 PM EDT


Gurobi 6.5.0 (linux64) logging started Sun 05 Jun 2016 05:19:55 PM EDT


Gurobi 6.5.0 (linux64) logging started Sun 05 Jun 2016 05:19:56 PM EDT


Gurobi 6.5.0 (linux64) logging started Sun 05 Jun 2016 05:19:58 PM EDT


Gurobi 6.5.0 (linux64) logging started Sun 05 Jun 2016 05:19:59 PM EDT


Gurobi 6.5.0 (linux64) logging started Sun 05 Jun 2016 05:20:12 PM EDT


Gurobi 6.5.0 (linux64) logging started Sun 05 Jun 2016 05:20:33 PM EDT


Gurobi 6.5.0 (linux64) logging started Sun 05 Jun 2016 05:20:34 PM EDT


Gurobi 6.5.0 (linux64) logging started Sun 05 Jun 2016 05:27:59 PM EDT

Optimize a model with 220 rows, 1 columns and 136 nonzeros
Coefficient statistics:
  Matrix range    [1e+00, 1e+00]
  Objective range [1e+00, 1e+00]
  Bounds range    [0e+00, 0e+00]
  RHS range       [1e+00, 1e+00]
Presolve removed 0 rows and 1 columns
Presolve time: 0.00s

Explored 0 nodes (0 simplex iterations) in 0.00 seconds
Thread count was 1 (of 1 available processors)

Model is infeasible
Best objective -, best bound -, gap -

Gurobi 6.5.0 (linux64) logging started Sun 05 Jun 2016 05:33:17 PM EDT


Gurobi 6.5.0 (linux64) logging started Sun 05 Jun 2016 05:34:42 PM EDT


Gurobi 6.5.0 (linux64) logging started Sun 05 Jun 2016 05:35:14 PM EDT


Gurobi 6.5.0 (linux64) logging started Sun 05 Jun 2016 05:38:33 PM EDT


Gurobi 6.5.0 (linux64) logging started Sun 05 Jun 2016 05:49:58 PM EDT


Gurobi 6.5.0 (linux64) logging started Sun 05 Jun 2016 05:51:24 PM EDT


Gurobi 6.5.0 (linux64) logging started Sun 05 Jun 2016 05:54:59 PM EDT


Gurobi 6.5.0 (linux64) logging started Sun 05 Jun 2016 05:56:08 PM EDT


Gurobi 6.5.0 (linux64) logging started Sun 05 Jun 2016 05:56:23 PM EDT


Gurobi 6.5.0 (linux64) logging started Sun 05 Jun 2016 05:56:24 PM EDT


Gurobi 6.5.0 (linux64) logging started Sun 05 Jun 2016 05:56:25 PM EDT


Gurobi 6.5.0 (linux64) logging started Sun 05 Jun 2016 05:56:26 PM EDT


Gurobi 6.5.0 (linux64) logging started Sun 05 Jun 2016 05:56:27 PM EDT


Gurobi 6.5.0 (linux64) logging started Sun 05 Jun 2016 05:57:18 PM EDT


Gurobi 6.5.0 (linux64) logging started Sun 05 Jun 2016 05:58:03 PM EDT


Gurobi 6.5.0 (linux64) logging started Sun 05 Jun 2016 06:01:12 PM EDT


Gurobi 6.5.0 (linux64) logging started Sun 05 Jun 2016 06:02:07 PM EDT

Optimize a model with 216 rows, 1 columns and 136 nonzeros
Coefficient statistics:
  Matrix range    [1e+00, 1e+00]
  Objective range [1e+00, 1e+00]
  Bounds range    [0e+00, 0e+00]
  RHS range       [0e+00, 0e+00]
Found heuristic solution: objective 0
Presolve removed 216 rows and 1 columns
Presolve time: 0.00s
Presolve: All rows and columns removed

Explored 0 nodes (0 simplex iterations) in 0.01 seconds
Thread count was 1 (of 1 available processors)

Optimal solution found (tolerance 1.00e-04)
Best objective 0.000000000000e+00, best bound 0.000000000000e+00, gap 0.0%

Gurobi 6.5.0 (linux64) logging started Sun 05 Jun 2016 06:02:10 PM EDT

Optimize a model with 216 rows, 1 columns and 136 nonzeros
Coefficient statistics:
  Matrix range    [1e+00, 1e+00]
  Objective range [1e+00, 1e+00]
  Bounds range    [0e+00, 0e+00]
  RHS range       [0e+00, 0e+00]
Found heuristic solution: objective 0
Presolve removed 216 rows and 1 columns
Presolve time: 0.00s
Presolve: All rows and columns removed

Explored 0 nodes (0 simplex iterations) in 0.01 seconds
Thread count was 1 (of 1 available processors)

Optimal solution found (tolerance 1.00e-04)
Best objective 0.000000000000e+00, best bound 0.000000000000e+00, gap 0.0%

Gurobi 6.5.0 (linux64) logging started Sun 05 Jun 2016 06:02:11 PM EDT

Optimize a model with 216 rows, 1 columns and 136 nonzeros
Coefficient statistics:
  Matrix range    [1e+00, 1e+00]
  Objective range [1e+00, 1e+00]
  Bounds range    [0e+00, 0e+00]
  RHS range       [0e+00, 0e+00]
Found heuristic solution: objective 0
Presolve removed 216 rows and 1 columns
Presolve time: 0.00s
Presolve: All rows and columns removed

Explored 0 nodes (0 simplex iterations) in 0.00 seconds
Thread count was 1 (of 1 available processors)

Optimal solution found (tolerance 1.00e-04)
Best objective 0.000000000000e+00, best bound 0.000000000000e+00, gap 0.0%

Gurobi 6.5.0 (linux64) logging started Sun 05 Jun 2016 06:02:12 PM EDT

Optimize a model with 216 rows, 1 columns and 136 nonzeros
Coefficient statistics:
  Matrix range    [1e+00, 1e+00]
  Objective range [1e+00, 1e+00]
  Bounds range    [0e+00, 0e+00]
  RHS range       [0e+00, 0e+00]
Found heuristic solution: objective 0
Presolve removed 216 rows and 1 columns
Presolve time: 0.00s
Presolve: All rows and columns removed

Explored 0 nodes (0 simplex iterations) in 0.00 seconds
Thread count was 1 (of 1 available processors)

Optimal solution found (tolerance 1.00e-04)
Best objective 0.000000000000e+00, best bound 0.000000000000e+00, gap 0.0%

Gurobi 6.5.0 (linux64) logging started Sun 05 Jun 2016 06:02:13 PM EDT

Optimize a model with 216 rows, 1 columns and 136 nonzeros
Coefficient statistics:
  Matrix range    [1e+00, 1e+00]
  Objective range [1e+00, 1e+00]
  Bounds range    [0e+00, 0e+00]
  RHS range       [0e+00, 0e+00]
Found heuristic solution: objective 0
Presolve removed 216 rows and 1 columns
Presolve time: 0.00s
Presolve: All rows and columns removed

Explored 0 nodes (0 simplex iterations) in 0.00 seconds
Thread count was 1 (of 1 available processors)

Optimal solution found (tolerance 1.00e-04)
Best objective 0.000000000000e+00, best bound 0.000000000000e+00, gap 0.0%

Gurobi 6.5.0 (linux64) logging started Sun 05 Jun 2016 06:02:14 PM EDT

Optimize a model with 216 rows, 1 columns and 136 nonzeros
Coefficient statistics:
  Matrix range    [1e+00, 1e+00]
  Objective range [1e+00, 1e+00]
  Bounds range    [0e+00, 0e+00]
  RHS range       [0e+00, 0e+00]
Found heuristic solution: objective 0
Presolve removed 216 rows and 1 columns
Presolve time: 0.00s
Presolve: All rows and columns removed

Explored 0 nodes (0 simplex iterations) in 0.00 seconds
Thread count was 1 (of 1 available processors)

Optimal solution found (tolerance 1.00e-04)
Best objective 0.000000000000e+00, best bound 0.000000000000e+00, gap 0.0%

Gurobi 6.5.0 (linux64) logging started Sun 05 Jun 2016 06:02:21 PM EDT

Optimize a model with 216 rows, 1 columns and 136 nonzeros
Coefficient statistics:
  Matrix range    [1e+00, 1e+00]
  Objective range [1e+00, 1e+00]
  Bounds range    [0e+00, 0e+00]
  RHS range       [0e+00, 0e+00]
Found heuristic solution: objective 0
Presolve removed 216 rows and 1 columns
Presolve time: 0.00s
Presolve: All rows and columns removed

Explored 0 nodes (0 simplex iterations) in 0.00 seconds
Thread count was 1 (of 1 available processors)

Optimal solution found (tolerance 1.00e-04)
Best objective 0.000000000000e+00, best bound 0.000000000000e+00, gap 0.0%

Gurobi 6.5.0 (linux64) logging started Sun 05 Jun 2016 06:02:21 PM EDT

Optimize a model with 216 rows, 1 columns and 136 nonzeros
Coefficient statistics:
  Matrix range    [1e+00, 1e+00]
  Objective range [1e+00, 1e+00]
  Bounds range    [0e+00, 0e+00]
  RHS range       [0e+00, 0e+00]
Found heuristic solution: objective 0
Presolve removed 216 rows and 1 columns
Presolve time: 0.00s
Presolve: All rows and columns removed

Explored 0 nodes (0 simplex iterations) in 0.00 seconds
Thread count was 1 (of 1 available processors)

Optimal solution found (tolerance 1.00e-04)
Best objective 0.000000000000e+00, best bound 0.000000000000e+00, gap 0.0%

Gurobi 6.5.0 (linux64) logging started Sun 05 Jun 2016 06:02:22 PM EDT

Optimize a model with 216 rows, 1 columns and 136 nonzeros
Coefficient statistics:
  Matrix range    [1e+00, 1e+00]
  Objective range [1e+00, 1e+00]
  Bounds range    [0e+00, 0e+00]
  RHS range       [0e+00, 0e+00]
Found heuristic solution: objective 0
Presolve removed 216 rows and 1 columns
Presolve time: 0.00s
Presolve: All rows and columns removed

Explored 0 nodes (0 simplex iterations) in 0.00 seconds
Thread count was 1 (of 1 available processors)

Optimal solution found (tolerance 1.00e-04)
Best objective 0.000000000000e+00, best bound 0.000000000000e+00, gap 0.0%

Gurobi 6.5.0 (linux64) logging started Sun 05 Jun 2016 06:02:23 PM EDT

Optimize a model with 216 rows, 1 columns and 136 nonzeros
Coefficient statistics:
  Matrix range    [1e+00, 1e+00]
  Objective range [1e+00, 1e+00]
  Bounds range    [0e+00, 0e+00]
  RHS range       [0e+00, 0e+00]
Found heuristic solution: objective 0
Presolve removed 216 rows and 1 columns
Presolve time: 0.00s
Presolve: All rows and columns removed

Explored 0 nodes (0 simplex iterations) in 0.00 seconds
Thread count was 1 (of 1 available processors)

Optimal solution found (tolerance 1.00e-04)
Best objective 0.000000000000e+00, best bound 0.000000000000e+00, gap 0.0%

Gurobi 6.5.0 (linux64) logging started Sun 05 Jun 2016 06:03:07 PM EDT


Gurobi 6.5.0 (linux64) logging started Sun 05 Jun 2016 09:50:26 PM EDT


Gurobi 6.5.0 (linux64) logging started Sun 05 Jun 2016 09:50:40 PM EDT

Optimize a model with 220 rows, 1 columns and 136 nonzeros
Coefficient statistics:
  Matrix range    [1e+00, 1e+00]
  Objective range [1e+00, 1e+00]
  Bounds range    [0e+00, 0e+00]
  RHS range       [1e+00, 1e+00]
Presolve removed 0 rows and 1 columns
Presolve time: 0.00s

Explored 0 nodes (0 simplex iterations) in 0.00 seconds
Thread count was 1 (of 1 available processors)

Model is infeasible
Best objective -, best bound -, gap -

Gurobi 6.5.0 (linux64) logging started Sun 05 Jun 2016 09:53:07 PM EDT

Optimize a model with 220 rows, 1 columns and 136 nonzeros
Coefficient statistics:
  Matrix range    [1e+00, 1e+00]
  Objective range [1e+00, 1e+00]
  Bounds range    [0e+00, 0e+00]
  RHS range       [1e+00, 1e+00]
Presolve removed 0 rows and 1 columns
Presolve time: 0.00s

Explored 0 nodes (0 simplex iterations) in 0.00 seconds
Thread count was 1 (of 1 available processors)

Model is infeasible
Best objective -, best bound -, gap -

Gurobi 6.5.0 (linux64) logging started Sun 05 Jun 2016 09:53:23 PM EDT


Gurobi 6.5.0 (linux64) logging started Sun 05 Jun 2016 09:55:46 PM EDT


Gurobi 6.5.0 (linux64) logging started Sun 05 Jun 2016 09:57:28 PM EDT


Gurobi 6.5.0 (linux64) logging started Sun 05 Jun 2016 10:56:21 PM EDT


Gurobi 6.5.0 (linux64) logging started Sun 05 Jun 2016 11:05:40 PM EDT


Gurobi 6.5.0 (linux64) logging started Sun 05 Jun 2016 11:39:21 PM EDT


Gurobi 6.5.0 (linux64) logging started Sun 05 Jun 2016 11:44:23 PM EDT


Gurobi 6.5.0 (linux64) logging started Sun 05 Jun 2016 11:48:20 PM EDT


Gurobi 6.5.0 (linux64) logging started Sun 05 Jun 2016 11:48:34 PM EDT


Gurobi 6.5.0 (linux64) logging started Sun 05 Jun 2016 11:52:50 PM EDT


Gurobi 6.5.0 (linux64) logging started Sun 05 Jun 2016 11:52:55 PM EDT


Gurobi 6.5.0 (linux64) logging started Sun 05 Jun 2016 11:57:15 PM EDT


Gurobi 6.5.0 (linux64) logging started Sun 05 Jun 2016 11:57:40 PM EDT


Gurobi 6.5.0 (linux64) logging started Sun 05 Jun 2016 11:57:42 PM EDT


Gurobi 6.5.0 (linux64) logging started Sun 05 Jun 2016 11:57:43 PM EDT


Gurobi 6.5.0 (linux64) logging started Sun 05 Jun 2016 11:57:48 PM EDT


Gurobi 6.5.0 (linux64) logging started Sun 05 Jun 2016 11:57:56 PM EDT


Gurobi 6.5.0 (linux64) logging started Sun 05 Jun 2016 11:57:58 PM EDT


Gurobi 6.5.0 (linux64) logging started Sun 05 Jun 2016 11:59:03 PM EDT


Gurobi 6.5.0 (linux64) logging started Mon 06 Jun 2016 12:00:35 AM EDT


Gurobi 6.5.0 (linux64) logging started Mon 06 Jun 2016 12:01:01 AM EDT


Gurobi 6.5.0 (linux64) logging started Mon 06 Jun 2016 12:01:30 AM EDT


Gurobi 6.5.0 (linux64) logging started Mon 06 Jun 2016 12:01:56 AM EDT


Gurobi 6.5.0 (linux64) logging started Mon 06 Jun 2016 12:01:57 AM EDT


Gurobi 6.5.0 (linux64) logging started Mon 06 Jun 2016 12:02:22 AM EDT


Gurobi 6.5.0 (linux64) logging started Mon 06 Jun 2016 12:03:13 AM EDT


Gurobi 6.5.0 (linux64) logging started Mon 06 Jun 2016 12:05:05 AM EDT


Gurobi 6.5.0 (linux64) logging started Mon 06 Jun 2016 12:07:25 AM EDT


Gurobi 6.5.0 (linux64) logging started Mon 06 Jun 2016 12:11:21 AM EDT


Gurobi 6.5.0 (linux64) logging started Mon 06 Jun 2016 12:19:39 AM EDT


Gurobi 6.5.0 (linux64) logging started Mon 06 Jun 2016 12:19:52 AM EDT


Gurobi 6.5.0 (linux64) logging started Mon 06 Jun 2016 12:32:59 AM EDT

Optimize a model with 216 rows, 1 columns and 136 nonzeros
Coefficient statistics:
  Matrix range    [1e+00, 1e+00]
  Objective range [1e+00, 1e+00]
  Bounds range    [0e+00, 0e+00]
  RHS range       [0e+00, 0e+00]
Found heuristic solution: objective 0
Presolve removed 216 rows and 1 columns
Presolve time: 0.00s
Presolve: All rows and columns removed

Explored 0 nodes (0 simplex iterations) in 0.00 seconds
Thread count was 1 (of 1 available processors)

Optimal solution found (tolerance 1.00e-04)
Best objective 0.000000000000e+00, best bound 0.000000000000e+00, gap 0.0%

Gurobi 6.5.0 (linux64) logging started Mon 06 Jun 2016 12:33:02 AM EDT

Optimize a model with 216 rows, 1 columns and 136 nonzeros
Coefficient statistics:
  Matrix range    [1e+00, 1e+00]
  Objective range [1e+00, 1e+00]
  Bounds range    [0e+00, 0e+00]
  RHS range       [0e+00, 0e+00]
Found heuristic solution: objective 0
Presolve removed 216 rows and 1 columns
Presolve time: 0.00s
Presolve: All rows and columns removed

Explored 0 nodes (0 simplex iterations) in 0.00 seconds
Thread count was 1 (of 1 available processors)

Optimal solution found (tolerance 1.00e-04)
Best objective 0.000000000000e+00, best bound 0.000000000000e+00, gap 0.0%

Gurobi 6.5.0 (linux64) logging started Mon 06 Jun 2016 12:33:03 AM EDT

Optimize a model with 216 rows, 1 columns and 136 nonzeros
Coefficient statistics:
  Matrix range    [1e+00, 1e+00]
  Objective range [1e+00, 1e+00]
  Bounds range    [0e+00, 0e+00]
  RHS range       [0e+00, 0e+00]
Found heuristic solution: objective 0
Presolve removed 216 rows and 1 columns
Presolve time: 0.00s
Presolve: All rows and columns removed

Explored 0 nodes (0 simplex iterations) in 0.00 seconds
Thread count was 1 (of 1 available processors)

Optimal solution found (tolerance 1.00e-04)
Best objective 0.000000000000e+00, best bound 0.000000000000e+00, gap 0.0%

Gurobi 6.5.0 (linux64) logging started Mon 06 Jun 2016 12:33:04 AM EDT

Optimize a model with 216 rows, 1 columns and 136 nonzeros
Coefficient statistics:
  Matrix range    [1e+00, 1e+00]
  Objective range [1e+00, 1e+00]
  Bounds range    [0e+00, 0e+00]
  RHS range       [0e+00, 0e+00]
Found heuristic solution: objective 0
Presolve removed 216 rows and 1 columns
Presolve time: 0.00s
Presolve: All rows and columns removed

Explored 0 nodes (0 simplex iterations) in 0.00 seconds
Thread count was 1 (of 1 available processors)

Optimal solution found (tolerance 1.00e-04)
Best objective 0.000000000000e+00, best bound 0.000000000000e+00, gap 0.0%

Gurobi 6.5.0 (linux64) logging started Mon 06 Jun 2016 12:33:06 AM EDT

Optimize a model with 216 rows, 1 columns and 136 nonzeros
Coefficient statistics:
  Matrix range    [1e+00, 1e+00]
  Objective range [1e+00, 1e+00]
  Bounds range    [0e+00, 0e+00]
  RHS range       [0e+00, 0e+00]
Found heuristic solution: objective 0
Presolve removed 216 rows and 1 columns
Presolve time: 0.00s
Presolve: All rows and columns removed

Explored 0 nodes (0 simplex iterations) in 0.00 seconds
Thread count was 1 (of 1 available processors)

Optimal solution found (tolerance 1.00e-04)
Best objective 0.000000000000e+00, best bound 0.000000000000e+00, gap 0.0%

Gurobi 6.5.0 (linux64) logging started Mon 06 Jun 2016 12:33:31 AM EDT

Optimize a model with 216 rows, 1 columns and 136 nonzeros
Coefficient statistics:
  Matrix range    [1e+00, 1e+00]
  Objective range [1e+00, 1e+00]
  Bounds range    [0e+00, 0e+00]
  RHS range       [0e+00, 0e+00]
Found heuristic solution: objective 0
Presolve removed 216 rows and 1 columns
Presolve time: 0.00s
Presolve: All rows and columns removed

Explored 0 nodes (0 simplex iterations) in 0.00 seconds
Thread count was 1 (of 1 available processors)

Optimal solution found (tolerance 1.00e-04)
Best objective 0.000000000000e+00, best bound 0.000000000000e+00, gap 0.0%

Gurobi 6.5.0 (linux64) logging started Mon 06 Jun 2016 12:33:34 AM EDT

Optimize a model with 216 rows, 1 columns and 136 nonzeros
Coefficient statistics:
  Matrix range    [1e+00, 1e+00]
  Objective range [1e+00, 1e+00]
  Bounds range    [0e+00, 0e+00]
  RHS range       [0e+00, 0e+00]
Found heuristic solution: objective 0
Presolve removed 216 rows and 1 columns
Presolve time: 0.00s
Presolve: All rows and columns removed

Explored 0 nodes (0 simplex iterations) in 0.00 seconds
Thread count was 1 (of 1 available processors)

Optimal solution found (tolerance 1.00e-04)
Best objective 0.000000000000e+00, best bound 0.000000000000e+00, gap 0.0%

Gurobi 6.5.0 (linux64) logging started Mon 06 Jun 2016 12:33:35 AM EDT

Optimize a model with 216 rows, 1 columns and 136 nonzeros
Coefficient statistics:
  Matrix range    [1e+00, 1e+00]
  Objective range [1e+00, 1e+00]
  Bounds range    [0e+00, 0e+00]
  RHS range       [0e+00, 0e+00]
Found heuristic solution: objective 0
Presolve removed 216 rows and 1 columns
Presolve time: 0.00s
Presolve: All rows and columns removed

Explored 0 nodes (0 simplex iterations) in 0.00 seconds
Thread count was 1 (of 1 available processors)

Optimal solution found (tolerance 1.00e-04)
Best objective 0.000000000000e+00, best bound 0.000000000000e+00, gap 0.0%

Gurobi 6.5.0 (linux64) logging started Mon 06 Jun 2016 12:33:39 AM EDT

Optimize a model with 216 rows, 1 columns and 136 nonzeros
Coefficient statistics:
  Matrix range    [1e+00, 1e+00]
  Objective range [1e+00, 1e+00]
  Bounds range    [0e+00, 0e+00]
  RHS range       [0e+00, 0e+00]
Found heuristic solution: objective 0
Presolve removed 216 rows and 1 columns
Presolve time: 0.00s
Presolve: All rows and columns removed

Explored 0 nodes (0 simplex iterations) in 0.00 seconds
Thread count was 1 (of 1 available processors)

Optimal solution found (tolerance 1.00e-04)
Best objective 0.000000000000e+00, best bound 0.000000000000e+00, gap 0.0%

Gurobi 6.5.0 (linux64) logging started Mon 06 Jun 2016 12:33:40 AM EDT

Optimize a model with 216 rows, 1 columns and 136 nonzeros
Coefficient statistics:
  Matrix range    [1e+00, 1e+00]
  Objective range [1e+00, 1e+00]
  Bounds range    [0e+00, 0e+00]
  RHS range       [0e+00, 0e+00]
Found heuristic solution: objective 0
Presolve removed 216 rows and 1 columns
Presolve time: 0.00s
Presolve: All rows and columns removed

Explored 0 nodes (0 simplex iterations) in 0.00 seconds
Thread count was 1 (of 1 available processors)

Optimal solution found (tolerance 1.00e-04)
Best objective 0.000000000000e+00, best bound 0.000000000000e+00, gap 0.0%

Gurobi 6.5.0 (linux64) logging started Mon 06 Jun 2016 12:33:54 AM EDT

Optimize a model with 216 rows, 1 columns and 136 nonzeros
Coefficient statistics:
  Matrix range    [1e+00, 1e+00]
  Objective range [1e+00, 1e+00]
  Bounds range    [0e+00, 0e+00]
  RHS range       [0e+00, 0e+00]
Found heuristic solution: objective 0
Presolve removed 216 rows and 1 columns
Presolve time: 0.00s
Presolve: All rows and columns removed

Explored 0 nodes (0 simplex iterations) in 0.00 seconds
Thread count was 1 (of 1 available processors)

Optimal solution found (tolerance 1.00e-04)
Best objective 0.000000000000e+00, best bound 0.000000000000e+00, gap 0.0%

Gurobi 6.5.0 (linux64) logging started Mon 06 Jun 2016 12:33:55 AM EDT

Optimize a model with 216 rows, 1 columns and 136 nonzeros
Coefficient statistics:
  Matrix range    [1e+00, 1e+00]
  Objective range [1e+00, 1e+00]
  Bounds range    [0e+00, 0e+00]
  RHS range       [0e+00, 0e+00]
Found heuristic solution: objective 0
Presolve removed 216 rows and 1 columns
Presolve time: 0.00s
Presolve: All rows and columns removed

Explored 0 nodes (0 simplex iterations) in 0.00 seconds
Thread count was 1 (of 1 available processors)

Optimal solution found (tolerance 1.00e-04)
Best objective 0.000000000000e+00, best bound 0.000000000000e+00, gap 0.0%

Gurobi 6.5.0 (linux64) logging started Mon 06 Jun 2016 12:33:56 AM EDT

Optimize a model with 216 rows, 1 columns and 136 nonzeros
Coefficient statistics:
  Matrix range    [1e+00, 1e+00]
  Objective range [1e+00, 1e+00]
  Bounds range    [0e+00, 0e+00]
  RHS range       [0e+00, 0e+00]
Found heuristic solution: objective 0
Presolve removed 216 rows and 1 columns
Presolve time: 0.00s
Presolve: All rows and columns removed

Explored 0 nodes (0 simplex iterations) in 0.00 seconds
Thread count was 1 (of 1 available processors)

Optimal solution found (tolerance 1.00e-04)
Best objective 0.000000000000e+00, best bound 0.000000000000e+00, gap 0.0%

Gurobi 6.5.0 (linux64) logging started Mon 06 Jun 2016 12:34:27 AM EDT

Optimize a model with 216 rows, 1 columns and 136 nonzeros
Coefficient statistics:
  Matrix range    [1e+00, 1e+00]
  Objective range [1e+00, 1e+00]
  Bounds range    [0e+00, 0e+00]
  RHS range       [0e+00, 0e+00]
Found heuristic solution: objective 0
Presolve removed 216 rows and 1 columns
Presolve time: 0.00s
Presolve: All rows and columns removed

Explored 0 nodes (0 simplex iterations) in 0.00 seconds
Thread count was 1 (of 1 available processors)

Optimal solution found (tolerance 1.00e-04)
Best objective 0.000000000000e+00, best bound 0.000000000000e+00, gap 0.0%

Gurobi 6.5.0 (linux64) logging started Mon 06 Jun 2016 12:34:28 AM EDT

Optimize a model with 216 rows, 1 columns and 136 nonzeros
Coefficient statistics:
  Matrix range    [1e+00, 1e+00]
  Objective range [1e+00, 1e+00]
  Bounds range    [0e+00, 0e+00]
  RHS range       [0e+00, 0e+00]
Found heuristic solution: objective 0
Presolve removed 216 rows and 1 columns
Presolve time: 0.00s
Presolve: All rows and columns removed

Explored 0 nodes (0 simplex iterations) in 0.00 seconds
Thread count was 1 (of 1 available processors)

Optimal solution found (tolerance 1.00e-04)
Best objective 0.000000000000e+00, best bound 0.000000000000e+00, gap 0.0%

Gurobi 6.5.0 (linux64) logging started Mon 06 Jun 2016 12:34:29 AM EDT

Optimize a model with 216 rows, 1 columns and 136 nonzeros
Coefficient statistics:
  Matrix range    [1e+00, 1e+00]
  Objective range [1e+00, 1e+00]
  Bounds range    [0e+00, 0e+00]
  RHS range       [0e+00, 0e+00]
Found heuristic solution: objective 0
Presolve removed 216 rows and 1 columns
Presolve time: 0.00s
Presolve: All rows and columns removed

Explored 0 nodes (0 simplex iterations) in 0.00 seconds
Thread count was 1 (of 1 available processors)

Optimal solution found (tolerance 1.00e-04)
Best objective 0.000000000000e+00, best bound 0.000000000000e+00, gap 0.0%

Gurobi 6.5.0 (linux64) logging started Mon 06 Jun 2016 12:34:30 AM EDT

Optimize a model with 216 rows, 1 columns and 136 nonzeros
Coefficient statistics:
  Matrix range    [1e+00, 1e+00]
  Objective range [1e+00, 1e+00]
  Bounds range    [0e+00, 0e+00]
  RHS range       [0e+00, 0e+00]
Found heuristic solution: objective 0
Presolve removed 216 rows and 1 columns
Presolve time: 0.00s
Presolve: All rows and columns removed

Explored 0 nodes (0 simplex iterations) in 0.00 seconds
Thread count was 1 (of 1 available processors)

Optimal solution found (tolerance 1.00e-04)
Best objective 0.000000000000e+00, best bound 0.000000000000e+00, gap 0.0%

Gurobi 6.5.0 (linux64) logging started Mon 06 Jun 2016 12:35:26 AM EDT

Optimize a model with 216 rows, 1 columns and 136 nonzeros
Coefficient statistics:
  Matrix range    [1e+00, 1e+00]
  Objective range [1e+00, 1e+00]
  Bounds range    [0e+00, 0e+00]
  RHS range       [0e+00, 0e+00]
Found heuristic solution: objective 0
Presolve removed 216 rows and 1 columns
Presolve time: 0.00s
Presolve: All rows and columns removed

Explored 0 nodes (0 simplex iterations) in 0.00 seconds
Thread count was 1 (of 1 available processors)

Optimal solution found (tolerance 1.00e-04)
Best objective 0.000000000000e+00, best bound 0.000000000000e+00, gap 0.0%

Gurobi 6.5.0 (linux64) logging started Mon 06 Jun 2016 12:36:41 AM EDT

Optimize a model with 216 rows, 1 columns and 136 nonzeros
Coefficient statistics:
  Matrix range    [1e+00, 1e+00]
  Objective range [1e+00, 1e+00]
  Bounds range    [0e+00, 0e+00]
  RHS range       [0e+00, 0e+00]
Found heuristic solution: objective 0
Presolve removed 216 rows and 1 columns
Presolve time: 0.00s
Presolve: All rows and columns removed

Explored 0 nodes (0 simplex iterations) in 0.00 seconds
Thread count was 1 (of 1 available processors)

Optimal solution found (tolerance 1.00e-04)
Best objective 0.000000000000e+00, best bound 0.000000000000e+00, gap 0.0%

Gurobi 6.5.0 (linux64) logging started Mon 06 Jun 2016 12:36:43 AM EDT

Optimize a model with 216 rows, 1 columns and 136 nonzeros
Coefficient statistics:
  Matrix range    [1e+00, 1e+00]
  Objective range [1e+00, 1e+00]
  Bounds range    [0e+00, 0e+00]
  RHS range       [0e+00, 0e+00]
Found heuristic solution: objective 0
Presolve removed 216 rows and 1 columns
Presolve time: 0.00s
Presolve: All rows and columns removed

Explored 0 nodes (0 simplex iterations) in 0.00 seconds
Thread count was 1 (of 1 available processors)

Optimal solution found (tolerance 1.00e-04)
Best objective 0.000000000000e+00, best bound 0.000000000000e+00, gap 0.0%

Gurobi 6.5.0 (linux64) logging started Mon 06 Jun 2016 12:36:43 AM EDT

Optimize a model with 216 rows, 1 columns and 136 nonzeros
Coefficient statistics:
  Matrix range    [1e+00, 1e+00]
  Objective range [1e+00, 1e+00]
  Bounds range    [0e+00, 0e+00]
  RHS range       [0e+00, 0e+00]
Found heuristic solution: objective 0
Presolve removed 216 rows and 1 columns
Presolve time: 0.00s
Presolve: All rows and columns removed

Explored 0 nodes (0 simplex iterations) in 0.00 seconds
Thread count was 1 (of 1 available processors)

Optimal solution found (tolerance 1.00e-04)
Best objective 0.000000000000e+00, best bound 0.000000000000e+00, gap 0.0%

Gurobi 6.5.0 (linux64) logging started Mon 06 Jun 2016 12:36:45 AM EDT

Optimize a model with 216 rows, 1 columns and 136 nonzeros
Coefficient statistics:
  Matrix range    [1e+00, 1e+00]
  Objective range [1e+00, 1e+00]
  Bounds range    [0e+00, 0e+00]
  RHS range       [0e+00, 0e+00]
Found heuristic solution: objective 0
Presolve removed 216 rows and 1 columns
Presolve time: 0.00s
Presolve: All rows and columns removed

Explored 0 nodes (0 simplex iterations) in 0.00 seconds
Thread count was 1 (of 1 available processors)

Optimal solution found (tolerance 1.00e-04)
Best objective 0.000000000000e+00, best bound 0.000000000000e+00, gap 0.0%

Gurobi 6.5.0 (linux64) logging started Mon 06 Jun 2016 12:36:47 AM EDT

Optimize a model with 216 rows, 1 columns and 136 nonzeros
Coefficient statistics:
  Matrix range    [1e+00, 1e+00]
  Objective range [1e+00, 1e+00]
  Bounds range    [0e+00, 0e+00]
  RHS range       [0e+00, 0e+00]
Found heuristic solution: objective 0
Presolve removed 216 rows and 1 columns
Presolve time: 0.01s
Presolve: All rows and columns removed

Explored 0 nodes (0 simplex iterations) in 0.01 seconds
Thread count was 1 (of 1 available processors)

Optimal solution found (tolerance 1.00e-04)
Best objective 0.000000000000e+00, best bound 0.000000000000e+00, gap 0.0%

Gurobi 6.5.0 (linux64) logging started Mon 06 Jun 2016 12:36:48 AM EDT

Optimize a model with 216 rows, 1 columns and 136 nonzeros
Coefficient statistics:
  Matrix range    [1e+00, 1e+00]
  Objective range [1e+00, 1e+00]
  Bounds range    [0e+00, 0e+00]
  RHS range       [0e+00, 0e+00]
Found heuristic solution: objective 0
Presolve removed 216 rows and 1 columns
Presolve time: 0.01s
Presolve: All rows and columns removed

Explored 0 nodes (0 simplex iterations) in 0.01 seconds
Thread count was 1 (of 1 available processors)

Optimal solution found (tolerance 1.00e-04)
Best objective 0.000000000000e+00, best bound 0.000000000000e+00, gap 0.0%

Gurobi 6.5.0 (linux64) logging started Mon 06 Jun 2016 12:36:48 AM EDT

Optimize a model with 216 rows, 1 columns and 136 nonzeros
Coefficient statistics:
  Matrix range    [1e+00, 1e+00]
  Objective range [1e+00, 1e+00]
  Bounds range    [0e+00, 0e+00]
  RHS range       [0e+00, 0e+00]
Found heuristic solution: objective 0
Presolve removed 216 rows and 1 columns
Presolve time: 0.00s
Presolve: All rows and columns removed

Explored 0 nodes (0 simplex iterations) in 0.00 seconds
Thread count was 1 (of 1 available processors)

Optimal solution found (tolerance 1.00e-04)
Best objective 0.000000000000e+00, best bound 0.000000000000e+00, gap 0.0%

Gurobi 6.5.0 (linux64) logging started Mon 06 Jun 2016 12:36:49 AM EDT

Optimize a model with 216 rows, 1 columns and 136 nonzeros
Coefficient statistics:
  Matrix range    [1e+00, 1e+00]
  Objective range [1e+00, 1e+00]
  Bounds range    [0e+00, 0e+00]
  RHS range       [0e+00, 0e+00]
Found heuristic solution: objective 0
Presolve removed 216 rows and 1 columns
Presolve time: 0.00s
Presolve: All rows and columns removed

Explored 0 nodes (0 simplex iterations) in 0.00 seconds
Thread count was 1 (of 1 available processors)

Optimal solution found (tolerance 1.00e-04)
Best objective 0.000000000000e+00, best bound 0.000000000000e+00, gap 0.0%

Gurobi 6.5.0 (linux64) logging started Mon 06 Jun 2016 12:36:50 AM EDT

Optimize a model with 216 rows, 1 columns and 136 nonzeros
Coefficient statistics:
  Matrix range    [1e+00, 1e+00]
  Objective range [1e+00, 1e+00]
  Bounds range    [0e+00, 0e+00]
  RHS range       [0e+00, 0e+00]
Found heuristic solution: objective 0
Presolve removed 216 rows and 1 columns
Presolve time: 0.00s
Presolve: All rows and columns removed

Explored 0 nodes (0 simplex iterations) in 0.01 seconds
Thread count was 1 (of 1 available processors)

Optimal solution found (tolerance 1.00e-04)
Best objective 0.000000000000e+00, best bound 0.000000000000e+00, gap 0.0%

Gurobi 6.5.0 (linux64) logging started Mon 06 Jun 2016 12:37:50 AM EDT

Optimize a model with 216 rows, 1 columns and 136 nonzeros
Coefficient statistics:
  Matrix range    [1e+00, 1e+00]
  Objective range [1e+00, 1e+00]
  Bounds range    [0e+00, 0e+00]
  RHS range       [0e+00, 0e+00]
Found heuristic solution: objective 0
Presolve removed 216 rows and 1 columns
Presolve time: 0.00s
Presolve: All rows and columns removed

Explored 0 nodes (0 simplex iterations) in 0.00 seconds
Thread count was 1 (of 1 available processors)

Optimal solution found (tolerance 1.00e-04)
Best objective 0.000000000000e+00, best bound 0.000000000000e+00, gap 0.0%

Gurobi 6.5.0 (linux64) logging started Mon 06 Jun 2016 12:38:47 AM EDT

Optimize a model with 216 rows, 1 columns and 136 nonzeros
Coefficient statistics:
  Matrix range    [1e+00, 1e+00]
  Objective range [1e+00, 1e+00]
  Bounds range    [0e+00, 0e+00]
  RHS range       [0e+00, 0e+00]
Found heuristic solution: objective 0
Presolve removed 216 rows and 1 columns
Presolve time: 0.00s
Presolve: All rows and columns removed

Explored 0 nodes (0 simplex iterations) in 0.00 seconds
Thread count was 1 (of 1 available processors)

Optimal solution found (tolerance 1.00e-04)
Best objective 0.000000000000e+00, best bound 0.000000000000e+00, gap 0.0%

Gurobi 6.5.0 (linux64) logging started Mon 06 Jun 2016 12:38:48 AM EDT

Optimize a model with 216 rows, 1 columns and 136 nonzeros
Coefficient statistics:
  Matrix range    [1e+00, 1e+00]
  Objective range [1e+00, 1e+00]
  Bounds range    [0e+00, 0e+00]
  RHS range       [0e+00, 0e+00]
Found heuristic solution: objective 0
Presolve removed 216 rows and 1 columns
Presolve time: 0.00s
Presolve: All rows and columns removed

Explored 0 nodes (0 simplex iterations) in 0.00 seconds
Thread count was 1 (of 1 available processors)

Optimal solution found (tolerance 1.00e-04)
Best objective 0.000000000000e+00, best bound 0.000000000000e+00, gap 0.0%

Gurobi 6.5.0 (linux64) logging started Mon 06 Jun 2016 12:39:20 AM EDT

Optimize a model with 216 rows, 1 columns and 136 nonzeros
Coefficient statistics:
  Matrix range    [1e+00, 1e+00]
  Objective range [1e+00, 1e+00]
  Bounds range    [0e+00, 0e+00]
  RHS range       [0e+00, 0e+00]
Found heuristic solution: objective 0
Presolve removed 216 rows and 1 columns
Presolve time: 0.00s
Presolve: All rows and columns removed

Explored 0 nodes (0 simplex iterations) in 0.00 seconds
Thread count was 1 (of 1 available processors)

Optimal solution found (tolerance 1.00e-04)
Best objective 0.000000000000e+00, best bound 0.000000000000e+00, gap 0.0%

Gurobi 6.5.0 (linux64) logging started Mon 06 Jun 2016 12:41:56 AM EDT

Optimize a model with 216 rows, 1 columns and 136 nonzeros
Coefficient statistics:
  Matrix range    [1e+00, 1e+00]
  Objective range [1e+00, 1e+00]
  Bounds range    [0e+00, 0e+00]
  RHS range       [0e+00, 0e+00]
Found heuristic solution: objective 0
Presolve removed 216 rows and 1 columns
Presolve time: 0.00s
Presolve: All rows and columns removed

Explored 0 nodes (0 simplex iterations) in 0.00 seconds
Thread count was 1 (of 1 available processors)

Optimal solution found (tolerance 1.00e-04)
Best objective 0.000000000000e+00, best bound 0.000000000000e+00, gap 0.0%

Gurobi 6.5.0 (linux64) logging started Mon 06 Jun 2016 12:42:44 AM EDT

Optimize a model with 216 rows, 1 columns and 136 nonzeros
Coefficient statistics:
  Matrix range    [1e+00, 1e+00]
  Objective range [1e+00, 1e+00]
  Bounds range    [0e+00, 0e+00]
  RHS range       [0e+00, 0e+00]
Found heuristic solution: objective 0
Presolve removed 216 rows and 1 columns
Presolve time: 0.00s
Presolve: All rows and columns removed

Explored 0 nodes (0 simplex iterations) in 0.00 seconds
Thread count was 1 (of 1 available processors)

Optimal solution found (tolerance 1.00e-04)
Best objective 0.000000000000e+00, best bound 0.000000000000e+00, gap 0.0%

Gurobi 6.5.0 (linux64) logging started Mon 06 Jun 2016 12:43:07 AM EDT

Optimize a model with 216 rows, 1 columns and 136 nonzeros
Coefficient statistics:
  Matrix range    [1e+00, 1e+00]
  Objective range [1e+00, 1e+00]
  Bounds range    [0e+00, 0e+00]
  RHS range       [0e+00, 0e+00]
Found heuristic solution: objective 0
Presolve removed 216 rows and 1 columns
Presolve time: 0.00s
Presolve: All rows and columns removed

Explored 0 nodes (0 simplex iterations) in 0.00 seconds
Thread count was 1 (of 1 available processors)

Optimal solution found (tolerance 1.00e-04)
Best objective 0.000000000000e+00, best bound 0.000000000000e+00, gap 0.0%

Gurobi 6.5.0 (linux64) logging started Mon 06 Jun 2016 12:43:08 AM EDT

Optimize a model with 216 rows, 1 columns and 136 nonzeros
Coefficient statistics:
  Matrix range    [1e+00, 1e+00]
  Objective range [1e+00, 1e+00]
  Bounds range    [0e+00, 0e+00]
  RHS range       [0e+00, 0e+00]
Found heuristic solution: objective 0
Presolve removed 216 rows and 1 columns
Presolve time: 0.00s
Presolve: All rows and columns removed

Explored 0 nodes (0 simplex iterations) in 0.00 seconds
Thread count was 1 (of 1 available processors)

Optimal solution found (tolerance 1.00e-04)
Best objective 0.000000000000e+00, best bound 0.000000000000e+00, gap 0.0%

Gurobi 6.5.0 (linux64) logging started Mon 06 Jun 2016 12:43:09 AM EDT

Optimize a model with 216 rows, 1 columns and 136 nonzeros
Coefficient statistics:
  Matrix range    [1e+00, 1e+00]
  Objective range [1e+00, 1e+00]
  Bounds range    [0e+00, 0e+00]
  RHS range       [0e+00, 0e+00]
Found heuristic solution: objective 0
Presolve removed 216 rows and 1 columns
Presolve time: 0.00s
Presolve: All rows and columns removed

Explored 0 nodes (0 simplex iterations) in 0.00 seconds
Thread count was 1 (of 1 available processors)

Optimal solution found (tolerance 1.00e-04)
Best objective 0.000000000000e+00, best bound 0.000000000000e+00, gap 0.0%

Gurobi 6.5.0 (linux64) logging started Mon 06 Jun 2016 12:43:10 AM EDT

Optimize a model with 216 rows, 1 columns and 136 nonzeros
Coefficient statistics:
  Matrix range    [1e+00, 1e+00]
  Objective range [1e+00, 1e+00]
  Bounds range    [0e+00, 0e+00]
  RHS range       [0e+00, 0e+00]
Found heuristic solution: objective 0
Presolve removed 216 rows and 1 columns
Presolve time: 0.00s
Presolve: All rows and columns removed

Explored 0 nodes (0 simplex iterations) in 0.00 seconds
Thread count was 1 (of 1 available processors)

Optimal solution found (tolerance 1.00e-04)
Best objective 0.000000000000e+00, best bound 0.000000000000e+00, gap 0.0%

Gurobi 6.5.0 (linux64) logging started Mon 06 Jun 2016 12:43:11 AM EDT

Optimize a model with 216 rows, 1 columns and 136 nonzeros
Coefficient statistics:
  Matrix range    [1e+00, 1e+00]
  Objective range [1e+00, 1e+00]
  Bounds range    [0e+00, 0e+00]
  RHS range       [0e+00, 0e+00]
Found heuristic solution: objective 0
Presolve removed 216 rows and 1 columns
Presolve time: 0.01s
Presolve: All rows and columns removed

Explored 0 nodes (0 simplex iterations) in 0.01 seconds
Thread count was 1 (of 1 available processors)

Optimal solution found (tolerance 1.00e-04)
Best objective 0.000000000000e+00, best bound 0.000000000000e+00, gap 0.0%

Gurobi 6.5.0 (linux64) logging started Mon 06 Jun 2016 12:43:12 AM EDT

Optimize a model with 216 rows, 1 columns and 136 nonzeros
Coefficient statistics:
  Matrix range    [1e+00, 1e+00]
  Objective range [1e+00, 1e+00]
  Bounds range    [0e+00, 0e+00]
  RHS range       [0e+00, 0e+00]
Found heuristic solution: objective 0
Presolve removed 216 rows and 1 columns
Presolve time: 0.00s
Presolve: All rows and columns removed

Explored 0 nodes (0 simplex iterations) in 0.00 seconds
Thread count was 1 (of 1 available processors)

Optimal solution found (tolerance 1.00e-04)
Best objective 0.000000000000e+00, best bound 0.000000000000e+00, gap 0.0%

Gurobi 6.5.0 (linux64) logging started Mon 06 Jun 2016 12:43:13 AM EDT

Optimize a model with 216 rows, 1 columns and 136 nonzeros
Coefficient statistics:
  Matrix range    [1e+00, 1e+00]
  Objective range [1e+00, 1e+00]
  Bounds range    [0e+00, 0e+00]
  RHS range       [0e+00, 0e+00]
Found heuristic solution: objective 0
Presolve removed 216 rows and 1 columns
Presolve time: 0.00s
Presolve: All rows and columns removed

Explored 0 nodes (0 simplex iterations) in 0.00 seconds
Thread count was 1 (of 1 available processors)

Optimal solution found (tolerance 1.00e-04)
Best objective 0.000000000000e+00, best bound 0.000000000000e+00, gap 0.0%

Gurobi 6.5.0 (linux64) logging started Mon 06 Jun 2016 12:44:37 AM EDT

Optimize a model with 216 rows, 1 columns and 136 nonzeros
Coefficient statistics:
  Matrix range    [1e+00, 1e+00]
  Objective range [1e+00, 1e+00]
  Bounds range    [0e+00, 0e+00]
  RHS range       [0e+00, 0e+00]
Found heuristic solution: objective 0
Presolve removed 216 rows and 1 columns
Presolve time: 0.00s
Presolve: All rows and columns removed

Explored 0 nodes (0 simplex iterations) in 0.00 seconds
Thread count was 1 (of 1 available processors)

Optimal solution found (tolerance 1.00e-04)
Best objective 0.000000000000e+00, best bound 0.000000000000e+00, gap 0.0%

Gurobi 6.5.0 (linux64) logging started Mon 06 Jun 2016 12:45:09 AM EDT

Optimize a model with 216 rows, 1 columns and 136 nonzeros
Coefficient statistics:
  Matrix range    [1e+00, 1e+00]
  Objective range [1e+00, 1e+00]
  Bounds range    [0e+00, 0e+00]
  RHS range       [0e+00, 0e+00]
Found heuristic solution: objective 0
Presolve removed 216 rows and 1 columns
Presolve time: 0.00s
Presolve: All rows and columns removed

Explored 0 nodes (0 simplex iterations) in 0.00 seconds
Thread count was 1 (of 1 available processors)

Optimal solution found (tolerance 1.00e-04)
Best objective 0.000000000000e+00, best bound 0.000000000000e+00, gap 0.0%

Gurobi 6.5.0 (linux64) logging started Mon 06 Jun 2016 12:49:23 AM EDT

Optimize a model with 216 rows, 1 columns and 136 nonzeros
Coefficient statistics:
  Matrix range    [1e+00, 1e+00]
  Objective range [1e+00, 1e+00]
  Bounds range    [0e+00, 0e+00]
  RHS range       [0e+00, 0e+00]
Found heuristic solution: objective 0
Presolve removed 216 rows and 1 columns
Presolve time: 0.00s
Presolve: All rows and columns removed

Explored 0 nodes (0 simplex iterations) in 0.00 seconds
Thread count was 1 (of 1 available processors)

Optimal solution found (tolerance 1.00e-04)
Best objective 0.000000000000e+00, best bound 0.000000000000e+00, gap 0.0%

Gurobi 6.5.0 (linux64) logging started Mon 06 Jun 2016 12:49:24 AM EDT

Optimize a model with 216 rows, 1 columns and 136 nonzeros
Coefficient statistics:
  Matrix range    [1e+00, 1e+00]
  Objective range [1e+00, 1e+00]
  Bounds range    [0e+00, 0e+00]
  RHS range       [0e+00, 0e+00]
Found heuristic solution: objective 0
Presolve removed 216 rows and 1 columns
Presolve time: 0.00s
Presolve: All rows and columns removed

Explored 0 nodes (0 simplex iterations) in 0.00 seconds
Thread count was 1 (of 1 available processors)

Optimal solution found (tolerance 1.00e-04)
Best objective 0.000000000000e+00, best bound 0.000000000000e+00, gap 0.0%

Gurobi 6.5.0 (linux64) logging started Mon 06 Jun 2016 12:51:44 AM EDT

Optimize a model with 216 rows, 1 columns and 136 nonzeros
Coefficient statistics:
  Matrix range    [1e+00, 1e+00]
  Objective range [1e+00, 1e+00]
  Bounds range    [0e+00, 0e+00]
  RHS range       [0e+00, 0e+00]
Found heuristic solution: objective 0
Presolve removed 216 rows and 1 columns
Presolve time: 0.00s
Presolve: All rows and columns removed

Explored 0 nodes (0 simplex iterations) in 0.00 seconds
Thread count was 1 (of 1 available processors)

Optimal solution found (tolerance 1.00e-04)
Best objective 0.000000000000e+00, best bound 0.000000000000e+00, gap 0.0%

Gurobi 6.5.0 (linux64) logging started Mon 06 Jun 2016 12:53:55 AM EDT

Optimize a model with 216 rows, 1 columns and 136 nonzeros
Coefficient statistics:
  Matrix range    [1e+00, 1e+00]
  Objective range [1e+00, 1e+00]
  Bounds range    [0e+00, 0e+00]
  RHS range       [0e+00, 0e+00]
Found heuristic solution: objective 0
Presolve removed 216 rows and 1 columns
Presolve time: 0.00s
Presolve: All rows and columns removed

Explored 0 nodes (0 simplex iterations) in 0.00 seconds
Thread count was 1 (of 1 available processors)

Optimal solution found (tolerance 1.00e-04)
Best objective 0.000000000000e+00, best bound 0.000000000000e+00, gap 0.0%

Gurobi 6.5.0 (linux64) logging started Mon 06 Jun 2016 12:53:56 AM EDT

Optimize a model with 216 rows, 1 columns and 136 nonzeros
Coefficient statistics:
  Matrix range    [1e+00, 1e+00]
  Objective range [1e+00, 1e+00]
  Bounds range    [0e+00, 0e+00]
  RHS range       [0e+00, 0e+00]
Found heuristic solution: objective 0
Presolve removed 216 rows and 1 columns
Presolve time: 0.00s
Presolve: All rows and columns removed

Explored 0 nodes (0 simplex iterations) in 0.00 seconds
Thread count was 1 (of 1 available processors)

Optimal solution found (tolerance 1.00e-04)
Best objective 0.000000000000e+00, best bound 0.000000000000e+00, gap 0.0%

Gurobi 6.5.0 (linux64) logging started Mon 06 Jun 2016 12:53:57 AM EDT

Optimize a model with 216 rows, 1 columns and 136 nonzeros
Coefficient statistics:
  Matrix range    [1e+00, 1e+00]
  Objective range [1e+00, 1e+00]
  Bounds range    [0e+00, 0e+00]
  RHS range       [0e+00, 0e+00]
Found heuristic solution: objective 0
Presolve removed 216 rows and 1 columns
Presolve time: 0.00s
Presolve: All rows and columns removed

Explored 0 nodes (0 simplex iterations) in 0.00 seconds
Thread count was 1 (of 1 available processors)

Optimal solution found (tolerance 1.00e-04)
Best objective 0.000000000000e+00, best bound 0.000000000000e+00, gap 0.0%

Gurobi 6.5.0 (linux64) logging started Mon 06 Jun 2016 12:53:57 AM EDT

Optimize a model with 216 rows, 1 columns and 136 nonzeros
Coefficient statistics:
  Matrix range    [1e+00, 1e+00]
  Objective range [1e+00, 1e+00]
  Bounds range    [0e+00, 0e+00]
  RHS range       [0e+00, 0e+00]
Found heuristic solution: objective 0
Presolve removed 216 rows and 1 columns
Presolve time: 0.01s
Presolve: All rows and columns removed

Explored 0 nodes (0 simplex iterations) in 0.01 seconds
Thread count was 1 (of 1 available processors)

Optimal solution found (tolerance 1.00e-04)
Best objective 0.000000000000e+00, best bound 0.000000000000e+00, gap 0.0%

Gurobi 6.5.0 (linux64) logging started Mon 06 Jun 2016 12:54:50 AM EDT

Optimize a model with 216 rows, 1 columns and 136 nonzeros
Coefficient statistics:
  Matrix range    [1e+00, 1e+00]
  Objective range [1e+00, 1e+00]
  Bounds range    [0e+00, 0e+00]
  RHS range       [0e+00, 0e+00]
Found heuristic solution: objective 0
Presolve removed 216 rows and 1 columns
Presolve time: 0.00s
Presolve: All rows and columns removed

Explored 0 nodes (0 simplex iterations) in 0.00 seconds
Thread count was 1 (of 1 available processors)

Optimal solution found (tolerance 1.00e-04)
Best objective 0.000000000000e+00, best bound 0.000000000000e+00, gap 0.0%

Gurobi 6.5.0 (linux64) logging started Mon 06 Jun 2016 12:54:51 AM EDT

Optimize a model with 216 rows, 1 columns and 136 nonzeros
Coefficient statistics:
  Matrix range    [1e+00, 1e+00]
  Objective range [1e+00, 1e+00]
  Bounds range    [0e+00, 0e+00]
  RHS range       [0e+00, 0e+00]
Found heuristic solution: objective 0
Presolve removed 216 rows and 1 columns
Presolve time: 0.00s
Presolve: All rows and columns removed

Explored 0 nodes (0 simplex iterations) in 0.00 seconds
Thread count was 1 (of 1 available processors)

Optimal solution found (tolerance 1.00e-04)
Best objective 0.000000000000e+00, best bound 0.000000000000e+00, gap 0.0%

Gurobi 6.5.0 (linux64) logging started Mon 06 Jun 2016 12:55:26 AM EDT

Optimize a model with 216 rows, 1 columns and 136 nonzeros
Coefficient statistics:
  Matrix range    [1e+00, 1e+00]
  Objective range [1e+00, 1e+00]
  Bounds range    [0e+00, 0e+00]
  RHS range       [0e+00, 0e+00]
Found heuristic solution: objective 0
Presolve removed 216 rows and 1 columns
Presolve time: 0.00s
Presolve: All rows and columns removed

Explored 0 nodes (0 simplex iterations) in 0.00 seconds
Thread count was 1 (of 1 available processors)

Optimal solution found (tolerance 1.00e-04)
Best objective 0.000000000000e+00, best bound 0.000000000000e+00, gap 0.0%

Gurobi 6.5.0 (linux64) logging started Mon 06 Jun 2016 12:55:27 AM EDT

Optimize a model with 216 rows, 1 columns and 136 nonzeros
Coefficient statistics:
  Matrix range    [1e+00, 1e+00]
  Objective range [1e+00, 1e+00]
  Bounds range    [0e+00, 0e+00]
  RHS range       [0e+00, 0e+00]
Found heuristic solution: objective 0
Presolve removed 216 rows and 1 columns
Presolve time: 0.00s
Presolve: All rows and columns removed

Explored 0 nodes (0 simplex iterations) in 0.00 seconds
Thread count was 1 (of 1 available processors)

Optimal solution found (tolerance 1.00e-04)
Best objective 0.000000000000e+00, best bound 0.000000000000e+00, gap 0.0%

Gurobi 6.5.0 (linux64) logging started Mon 06 Jun 2016 12:57:52 AM EDT

Optimize a model with 216 rows, 1 columns and 136 nonzeros
Coefficient statistics:
  Matrix range    [1e+00, 1e+00]
  Objective range [1e+00, 1e+00]
  Bounds range    [0e+00, 0e+00]
  RHS range       [0e+00, 0e+00]
Found heuristic solution: objective 0
Presolve removed 216 rows and 1 columns
Presolve time: 0.00s
Presolve: All rows and columns removed

Explored 0 nodes (0 simplex iterations) in 0.00 seconds
Thread count was 1 (of 1 available processors)

Optimal solution found (tolerance 1.00e-04)
Best objective 0.000000000000e+00, best bound 0.000000000000e+00, gap 0.0%

Gurobi 6.5.0 (linux64) logging started Mon 06 Jun 2016 12:58:51 AM EDT

Optimize a model with 216 rows, 1 columns and 136 nonzeros
Coefficient statistics:
  Matrix range    [1e+00, 1e+00]
  Objective range [1e+00, 1e+00]
  Bounds range    [0e+00, 0e+00]
  RHS range       [0e+00, 0e+00]
Found heuristic solution: objective 0
Presolve removed 216 rows and 1 columns
Presolve time: 0.00s
Presolve: All rows and columns removed

Explored 0 nodes (0 simplex iterations) in 0.00 seconds
Thread count was 1 (of 1 available processors)

Optimal solution found (tolerance 1.00e-04)
Best objective 0.000000000000e+00, best bound 0.000000000000e+00, gap 0.0%

Gurobi 6.5.0 (linux64) logging started Mon 06 Jun 2016 12:58:52 AM EDT

Optimize a model with 216 rows, 1 columns and 136 nonzeros
Coefficient statistics:
  Matrix range    [1e+00, 1e+00]
  Objective range [1e+00, 1e+00]
  Bounds range    [0e+00, 0e+00]
  RHS range       [0e+00, 0e+00]
Found heuristic solution: objective 0
Presolve removed 216 rows and 1 columns
Presolve time: 0.00s
Presolve: All rows and columns removed

Explored 0 nodes (0 simplex iterations) in 0.00 seconds
Thread count was 1 (of 1 available processors)

Optimal solution found (tolerance 1.00e-04)
Best objective 0.000000000000e+00, best bound 0.000000000000e+00, gap 0.0%

Gurobi 6.5.0 (linux64) logging started Mon 06 Jun 2016 12:58:53 AM EDT

Optimize a model with 216 rows, 1 columns and 136 nonzeros
Coefficient statistics:
  Matrix range    [1e+00, 1e+00]
  Objective range [1e+00, 1e+00]
  Bounds range    [0e+00, 0e+00]
  RHS range       [0e+00, 0e+00]
Found heuristic solution: objective 0
Presolve removed 216 rows and 1 columns
Presolve time: 0.00s
Presolve: All rows and columns removed

Explored 0 nodes (0 simplex iterations) in 0.00 seconds
Thread count was 1 (of 1 available processors)

Optimal solution found (tolerance 1.00e-04)
Best objective 0.000000000000e+00, best bound 0.000000000000e+00, gap 0.0%

Gurobi 6.5.0 (linux64) logging started Mon 06 Jun 2016 12:58:53 AM EDT

Optimize a model with 216 rows, 1 columns and 136 nonzeros
Coefficient statistics:
  Matrix range    [1e+00, 1e+00]
  Objective range [1e+00, 1e+00]
  Bounds range    [0e+00, 0e+00]
  RHS range       [0e+00, 0e+00]
Found heuristic solution: objective 0
Presolve removed 216 rows and 1 columns
Presolve time: 0.00s
Presolve: All rows and columns removed

Explored 0 nodes (0 simplex iterations) in 0.00 seconds
Thread count was 1 (of 1 available processors)

Optimal solution found (tolerance 1.00e-04)
Best objective 0.000000000000e+00, best bound 0.000000000000e+00, gap 0.0%

Gurobi 6.5.0 (linux64) logging started Mon 06 Jun 2016 12:58:54 AM EDT

Optimize a model with 216 rows, 1 columns and 136 nonzeros
Coefficient statistics:
  Matrix range    [1e+00, 1e+00]
  Objective range [1e+00, 1e+00]
  Bounds range    [0e+00, 0e+00]
  RHS range       [0e+00, 0e+00]
Found heuristic solution: objective 0
Presolve removed 216 rows and 1 columns
Presolve time: 0.00s
Presolve: All rows and columns removed

Explored 0 nodes (0 simplex iterations) in 0.00 seconds
Thread count was 1 (of 1 available processors)

Optimal solution found (tolerance 1.00e-04)
Best objective 0.000000000000e+00, best bound 0.000000000000e+00, gap 0.0%

Gurobi 6.5.0 (linux64) logging started Mon 06 Jun 2016 01:03:24 AM EDT

Optimize a model with 216 rows, 1 columns and 136 nonzeros
Coefficient statistics:
  Matrix range    [1e+00, 1e+00]
  Objective range [1e+00, 1e+00]
  Bounds range    [0e+00, 0e+00]
  RHS range       [0e+00, 0e+00]
Found heuristic solution: objective 0
Presolve removed 216 rows and 1 columns
Presolve time: 0.00s
Presolve: All rows and columns removed

Explored 0 nodes (0 simplex iterations) in 0.00 seconds
Thread count was 1 (of 1 available processors)

Optimal solution found (tolerance 1.00e-04)
Best objective 0.000000000000e+00, best bound 0.000000000000e+00, gap 0.0%

Gurobi 6.5.0 (linux64) logging started Mon 06 Jun 2016 01:03:25 AM EDT

Optimize a model with 216 rows, 1 columns and 136 nonzeros
Coefficient statistics:
  Matrix range    [1e+00, 1e+00]
  Objective range [1e+00, 1e+00]
  Bounds range    [0e+00, 0e+00]
  RHS range       [0e+00, 0e+00]
Found heuristic solution: objective 0
Presolve removed 216 rows and 1 columns
Presolve time: 0.00s
Presolve: All rows and columns removed

Explored 0 nodes (0 simplex iterations) in 0.00 seconds
Thread count was 1 (of 1 available processors)

Optimal solution found (tolerance 1.00e-04)
Best objective 0.000000000000e+00, best bound 0.000000000000e+00, gap 0.0%

Gurobi 6.5.0 (linux64) logging started Mon 06 Jun 2016 01:04:28 AM EDT

Optimize a model with 216 rows, 1 columns and 136 nonzeros
Coefficient statistics:
  Matrix range    [1e+00, 1e+00]
  Objective range [1e+00, 1e+00]
  Bounds range    [0e+00, 0e+00]
  RHS range       [0e+00, 0e+00]
Found heuristic solution: objective 0
Presolve removed 216 rows and 1 columns
Presolve time: 0.00s
Presolve: All rows and columns removed

Explored 0 nodes (0 simplex iterations) in 0.00 seconds
Thread count was 1 (of 1 available processors)

Optimal solution found (tolerance 1.00e-04)
Best objective 0.000000000000e+00, best bound 0.000000000000e+00, gap 0.0%

Gurobi 6.5.0 (linux64) logging started Mon 06 Jun 2016 01:11:40 AM EDT

Optimize a model with 216 rows, 1 columns and 136 nonzeros
Coefficient statistics:
  Matrix range    [1e+00, 1e+00]
  Objective range [1e+00, 1e+00]
  Bounds range    [0e+00, 0e+00]
  RHS range       [0e+00, 0e+00]
Found heuristic solution: objective 0
Presolve removed 216 rows and 1 columns
Presolve time: 0.00s
Presolve: All rows and columns removed

Explored 0 nodes (0 simplex iterations) in 0.00 seconds
Thread count was 1 (of 1 available processors)

Optimal solution found (tolerance 1.00e-04)
Best objective 0.000000000000e+00, best bound 0.000000000000e+00, gap 0.0%

Gurobi 6.5.0 (linux64) logging started Mon 06 Jun 2016 01:14:25 AM EDT

Optimize a model with 216 rows, 1 columns and 136 nonzeros
Coefficient statistics:
  Matrix range    [1e+00, 1e+00]
  Objective range [1e+00, 1e+00]
  Bounds range    [0e+00, 0e+00]
  RHS range       [0e+00, 0e+00]
Found heuristic solution: objective 0
Presolve removed 216 rows and 1 columns
Presolve time: 0.00s
Presolve: All rows and columns removed

Explored 0 nodes (0 simplex iterations) in 0.00 seconds
Thread count was 1 (of 1 available processors)

Optimal solution found (tolerance 1.00e-04)
Best objective 0.000000000000e+00, best bound 0.000000000000e+00, gap 0.0%

Gurobi 6.5.0 (linux64) logging started Mon 06 Jun 2016 01:14:26 AM EDT

Optimize a model with 216 rows, 1 columns and 136 nonzeros
Coefficient statistics:
  Matrix range    [1e+00, 1e+00]
  Objective range [1e+00, 1e+00]
  Bounds range    [0e+00, 0e+00]
  RHS range       [0e+00, 0e+00]
Found heuristic solution: objective 0
Presolve removed 216 rows and 1 columns
Presolve time: 0.00s
Presolve: All rows and columns removed

Explored 0 nodes (0 simplex iterations) in 0.00 seconds
Thread count was 1 (of 1 available processors)

Optimal solution found (tolerance 1.00e-04)
Best objective 0.000000000000e+00, best bound 0.000000000000e+00, gap 0.0%

Gurobi 6.5.0 (linux64) logging started Mon 06 Jun 2016 01:26:20 AM EDT

Optimize a model with 216 rows, 1 columns and 136 nonzeros
Coefficient statistics:
  Matrix range    [1e+00, 1e+00]
  Objective range [1e+00, 1e+00]
  Bounds range    [0e+00, 0e+00]
  RHS range       [0e+00, 0e+00]
Found heuristic solution: objective 0
Presolve removed 216 rows and 1 columns
Presolve time: 0.00s
Presolve: All rows and columns removed

Explored 0 nodes (0 simplex iterations) in 0.00 seconds
Thread count was 1 (of 1 available processors)

Optimal solution found (tolerance 1.00e-04)
Best objective 0.000000000000e+00, best bound 0.000000000000e+00, gap 0.0%

Gurobi 6.5.0 (linux64) logging started Mon 06 Jun 2016 01:26:21 AM EDT

Optimize a model with 216 rows, 1 columns and 136 nonzeros
Coefficient statistics:
  Matrix range    [1e+00, 1e+00]
  Objective range [1e+00, 1e+00]
  Bounds range    [0e+00, 0e+00]
  RHS range       [0e+00, 0e+00]
Found heuristic solution: objective 0
Presolve removed 216 rows and 1 columns
Presolve time: 0.00s
Presolve: All rows and columns removed

Explored 0 nodes (0 simplex iterations) in 0.00 seconds
Thread count was 1 (of 1 available processors)

Optimal solution found (tolerance 1.00e-04)
Best objective 0.000000000000e+00, best bound 0.000000000000e+00, gap 0.0%

Gurobi 6.5.0 (linux64) logging started Mon 06 Jun 2016 01:26:22 AM EDT

Optimize a model with 216 rows, 1 columns and 136 nonzeros
Coefficient statistics:
  Matrix range    [1e+00, 1e+00]
  Objective range [1e+00, 1e+00]
  Bounds range    [0e+00, 0e+00]
  RHS range       [0e+00, 0e+00]
Found heuristic solution: objective 0
Presolve removed 216 rows and 1 columns
Presolve time: 0.00s
Presolve: All rows and columns removed

Explored 0 nodes (0 simplex iterations) in 0.00 seconds
Thread count was 1 (of 1 available processors)

Optimal solution found (tolerance 1.00e-04)
Best objective 0.000000000000e+00, best bound 0.000000000000e+00, gap 0.0%

Gurobi 6.5.0 (linux64) logging started Mon 06 Jun 2016 01:37:07 AM EDT

Optimize a model with 216 rows, 1 columns and 136 nonzeros
Coefficient statistics:
  Matrix range    [1e+00, 1e+00]
  Objective range [1e+00, 1e+00]
  Bounds range    [0e+00, 0e+00]
  RHS range       [0e+00, 0e+00]
Found heuristic solution: objective 0
Presolve removed 216 rows and 1 columns
Presolve time: 0.00s
Presolve: All rows and columns removed

Explored 0 nodes (0 simplex iterations) in 0.00 seconds
Thread count was 1 (of 1 available processors)

Optimal solution found (tolerance 1.00e-04)
Best objective 0.000000000000e+00, best bound 0.000000000000e+00, gap 0.0%

Gurobi 6.5.0 (linux64) logging started Mon 06 Jun 2016 01:37:08 AM EDT

Optimize a model with 216 rows, 1 columns and 136 nonzeros
Coefficient statistics:
  Matrix range    [1e+00, 1e+00]
  Objective range [1e+00, 1e+00]
  Bounds range    [0e+00, 0e+00]
  RHS range       [0e+00, 0e+00]
Found heuristic solution: objective 0
Presolve removed 216 rows and 1 columns
Presolve time: 0.00s
Presolve: All rows and columns removed

Explored 0 nodes (0 simplex iterations) in 0.00 seconds
Thread count was 1 (of 1 available processors)

Optimal solution found (tolerance 1.00e-04)
Best objective 0.000000000000e+00, best bound 0.000000000000e+00, gap 0.0%

Gurobi 6.5.0 (linux64) logging started Mon 06 Jun 2016 01:37:09 AM EDT

Optimize a model with 216 rows, 1 columns and 136 nonzeros
Coefficient statistics:
  Matrix range    [1e+00, 1e+00]
  Objective range [1e+00, 1e+00]
  Bounds range    [0e+00, 0e+00]
  RHS range       [0e+00, 0e+00]
Found heuristic solution: objective 0
Presolve removed 216 rows and 1 columns
Presolve time: 0.00s
Presolve: All rows and columns removed

Explored 0 nodes (0 simplex iterations) in 0.00 seconds
Thread count was 1 (of 1 available processors)

Optimal solution found (tolerance 1.00e-04)
Best objective 0.000000000000e+00, best bound 0.000000000000e+00, gap 0.0%

Gurobi 6.5.0 (linux64) logging started Mon 06 Jun 2016 01:37:09 AM EDT

Optimize a model with 216 rows, 1 columns and 136 nonzeros
Coefficient statistics:
  Matrix range    [1e+00, 1e+00]
  Objective range [1e+00, 1e+00]
  Bounds range    [0e+00, 0e+00]
  RHS range       [0e+00, 0e+00]
Found heuristic solution: objective 0
Presolve removed 216 rows and 1 columns
Presolve time: 0.00s
Presolve: All rows and columns removed

Explored 0 nodes (0 simplex iterations) in 0.00 seconds
Thread count was 1 (of 1 available processors)

Optimal solution found (tolerance 1.00e-04)
Best objective 0.000000000000e+00, best bound 0.000000000000e+00, gap 0.0%

Gurobi 6.5.0 (linux64) logging started Mon 06 Jun 2016 01:37:32 AM EDT

Optimize a model with 216 rows, 1 columns and 136 nonzeros
Coefficient statistics:
  Matrix range    [1e+00, 1e+00]
  Objective range [1e+00, 1e+00]
  Bounds range    [0e+00, 0e+00]
  RHS range       [0e+00, 0e+00]
Found heuristic solution: objective 0
Presolve removed 216 rows and 1 columns
Presolve time: 0.00s
Presolve: All rows and columns removed

Explored 0 nodes (0 simplex iterations) in 0.00 seconds
Thread count was 1 (of 1 available processors)

Optimal solution found (tolerance 1.00e-04)
Best objective 0.000000000000e+00, best bound 0.000000000000e+00, gap 0.0%

Gurobi 6.5.0 (linux64) logging started Mon 06 Jun 2016 01:37:33 AM EDT

Optimize a model with 216 rows, 1 columns and 136 nonzeros
Coefficient statistics:
  Matrix range    [1e+00, 1e+00]
  Objective range [1e+00, 1e+00]
  Bounds range    [0e+00, 0e+00]
  RHS range       [0e+00, 0e+00]
Found heuristic solution: objective 0
Presolve removed 216 rows and 1 columns
Presolve time: 0.00s
Presolve: All rows and columns removed

Explored 0 nodes (0 simplex iterations) in 0.00 seconds
Thread count was 1 (of 1 available processors)

Optimal solution found (tolerance 1.00e-04)
Best objective 0.000000000000e+00, best bound 0.000000000000e+00, gap 0.0%

Gurobi 6.5.0 (linux64) logging started Mon 06 Jun 2016 01:37:33 AM EDT

Optimize a model with 216 rows, 1 columns and 136 nonzeros
Coefficient statistics:
  Matrix range    [1e+00, 1e+00]
  Objective range [1e+00, 1e+00]
  Bounds range    [0e+00, 0e+00]
  RHS range       [0e+00, 0e+00]
Found heuristic solution: objective 0
Presolve removed 216 rows and 1 columns
Presolve time: 0.00s
Presolve: All rows and columns removed

Explored 0 nodes (0 simplex iterations) in 0.00 seconds
Thread count was 1 (of 1 available processors)

Optimal solution found (tolerance 1.00e-04)
Best objective 0.000000000000e+00, best bound 0.000000000000e+00, gap 0.0%

Gurobi 6.5.0 (linux64) logging started Mon 06 Jun 2016 01:37:34 AM EDT

Optimize a model with 216 rows, 1 columns and 136 nonzeros
Coefficient statistics:
  Matrix range    [1e+00, 1e+00]
  Objective range [1e+00, 1e+00]
  Bounds range    [0e+00, 0e+00]
  RHS range       [0e+00, 0e+00]
Found heuristic solution: objective 0
Presolve removed 216 rows and 1 columns
Presolve time: 0.00s
Presolve: All rows and columns removed

Explored 0 nodes (0 simplex iterations) in 0.00 seconds
Thread count was 1 (of 1 available processors)

Optimal solution found (tolerance 1.00e-04)
Best objective 0.000000000000e+00, best bound 0.000000000000e+00, gap 0.0%

Gurobi 6.5.0 (linux64) logging started Mon 06 Jun 2016 01:37:35 AM EDT

Optimize a model with 216 rows, 1 columns and 136 nonzeros
Coefficient statistics:
  Matrix range    [1e+00, 1e+00]
  Objective range [1e+00, 1e+00]
  Bounds range    [0e+00, 0e+00]
  RHS range       [0e+00, 0e+00]
Found heuristic solution: objective 0
Presolve removed 216 rows and 1 columns
Presolve time: 0.00s
Presolve: All rows and columns removed

Explored 0 nodes (0 simplex iterations) in 0.00 seconds
Thread count was 1 (of 1 available processors)

Optimal solution found (tolerance 1.00e-04)
Best objective 0.000000000000e+00, best bound 0.000000000000e+00, gap 0.0%

Gurobi 6.5.0 (linux64) logging started Mon 06 Jun 2016 01:40:17 AM EDT

Optimize a model with 216 rows, 1 columns and 136 nonzeros
Coefficient statistics:
  Matrix range    [1e+00, 1e+00]
  Objective range [1e+00, 1e+00]
  Bounds range    [0e+00, 0e+00]
  RHS range       [0e+00, 0e+00]
Found heuristic solution: objective 0
Presolve removed 216 rows and 1 columns
Presolve time: 0.00s
Presolve: All rows and columns removed

Explored 0 nodes (0 simplex iterations) in 0.00 seconds
Thread count was 1 (of 1 available processors)

Optimal solution found (tolerance 1.00e-04)
Best objective 0.000000000000e+00, best bound 0.000000000000e+00, gap 0.0%

Gurobi 6.5.0 (linux64) logging started Mon 06 Jun 2016 01:40:17 AM EDT

Optimize a model with 216 rows, 1 columns and 136 nonzeros
Coefficient statistics:
  Matrix range    [1e+00, 1e+00]
  Objective range [1e+00, 1e+00]
  Bounds range    [0e+00, 0e+00]
  RHS range       [0e+00, 0e+00]
Found heuristic solution: objective 0
Presolve removed 216 rows and 1 columns
Presolve time: 0.00s
Presolve: All rows and columns removed

Explored 0 nodes (0 simplex iterations) in 0.00 seconds
Thread count was 1 (of 1 available processors)

Optimal solution found (tolerance 1.00e-04)
Best objective 0.000000000000e+00, best bound 0.000000000000e+00, gap 0.0%

Gurobi 6.5.0 (linux64) logging started Mon 06 Jun 2016 01:40:18 AM EDT

Optimize a model with 216 rows, 1 columns and 136 nonzeros
Coefficient statistics:
  Matrix range    [1e+00, 1e+00]
  Objective range [1e+00, 1e+00]
  Bounds range    [0e+00, 0e+00]
  RHS range       [0e+00, 0e+00]
Found heuristic solution: objective 0
Presolve removed 216 rows and 1 columns
Presolve time: 0.00s
Presolve: All rows and columns removed

Explored 0 nodes (0 simplex iterations) in 0.00 seconds
Thread count was 1 (of 1 available processors)

Optimal solution found (tolerance 1.00e-04)
Best objective 0.000000000000e+00, best bound 0.000000000000e+00, gap 0.0%

Gurobi 6.5.0 (linux64) logging started Mon 06 Jun 2016 01:40:19 AM EDT

Optimize a model with 216 rows, 1 columns and 136 nonzeros
Coefficient statistics:
  Matrix range    [1e+00, 1e+00]
  Objective range [1e+00, 1e+00]
  Bounds range    [0e+00, 0e+00]
  RHS range       [0e+00, 0e+00]
Found heuristic solution: objective 0
Presolve removed 216 rows and 1 columns
Presolve time: 0.00s
Presolve: All rows and columns removed

Explored 0 nodes (0 simplex iterations) in 0.00 seconds
Thread count was 1 (of 1 available processors)

Optimal solution found (tolerance 1.00e-04)
Best objective 0.000000000000e+00, best bound 0.000000000000e+00, gap 0.0%

Gurobi 6.5.0 (linux64) logging started Mon 06 Jun 2016 01:40:20 AM EDT

Optimize a model with 216 rows, 1 columns and 136 nonzeros
Coefficient statistics:
  Matrix range    [1e+00, 1e+00]
  Objective range [1e+00, 1e+00]
  Bounds range    [0e+00, 0e+00]
  RHS range       [0e+00, 0e+00]
Found heuristic solution: objective 0
Presolve removed 216 rows and 1 columns
Presolve time: 0.00s
Presolve: All rows and columns removed

Explored 0 nodes (0 simplex iterations) in 0.00 seconds
Thread count was 1 (of 1 available processors)

Optimal solution found (tolerance 1.00e-04)
Best objective 0.000000000000e+00, best bound 0.000000000000e+00, gap 0.0%

Gurobi 6.5.0 (linux64) logging started Mon 06 Jun 2016 01:42:48 AM EDT

Optimize a model with 216 rows, 1 columns and 136 nonzeros
Coefficient statistics:
  Matrix range    [1e+00, 1e+00]
  Objective range [1e+00, 1e+00]
  Bounds range    [0e+00, 0e+00]
  RHS range       [0e+00, 0e+00]
Found heuristic solution: objective 0
Presolve removed 216 rows and 1 columns
Presolve time: 0.00s
Presolve: All rows and columns removed

Explored 0 nodes (0 simplex iterations) in 0.00 seconds
Thread count was 1 (of 1 available processors)

Optimal solution found (tolerance 1.00e-04)
Best objective 0.000000000000e+00, best bound 0.000000000000e+00, gap 0.0%

Gurobi 6.5.0 (linux64) logging started Mon 06 Jun 2016 01:45:42 AM EDT

Optimize a model with 216 rows, 1 columns and 136 nonzeros
Coefficient statistics:
  Matrix range    [1e+00, 1e+00]
  Objective range [1e+00, 1e+00]
  Bounds range    [0e+00, 0e+00]
  RHS range       [0e+00, 0e+00]
Found heuristic solution: objective 0
Presolve removed 216 rows and 1 columns
Presolve time: 0.00s
Presolve: All rows and columns removed

Explored 0 nodes (0 simplex iterations) in 0.00 seconds
Thread count was 1 (of 1 available processors)

Optimal solution found (tolerance 1.00e-04)
Best objective 0.000000000000e+00, best bound 0.000000000000e+00, gap 0.0%

Gurobi 6.5.0 (linux64) logging started Mon 06 Jun 2016 01:47:05 AM EDT

Optimize a model with 216 rows, 1 columns and 136 nonzeros
Coefficient statistics:
  Matrix range    [1e+00, 1e+00]
  Objective range [1e+00, 1e+00]
  Bounds range    [0e+00, 0e+00]
  RHS range       [0e+00, 0e+00]
Found heuristic solution: objective 0
Presolve removed 216 rows and 1 columns
Presolve time: 0.00s
Presolve: All rows and columns removed

Explored 0 nodes (0 simplex iterations) in 0.00 seconds
Thread count was 1 (of 1 available processors)

Optimal solution found (tolerance 1.00e-04)
Best objective 0.000000000000e+00, best bound 0.000000000000e+00, gap 0.0%

Gurobi 6.5.0 (linux64) logging started Mon 06 Jun 2016 01:47:06 AM EDT

Optimize a model with 216 rows, 1 columns and 136 nonzeros
Coefficient statistics:
  Matrix range    [1e+00, 1e+00]
  Objective range [1e+00, 1e+00]
  Bounds range    [0e+00, 0e+00]
  RHS range       [0e+00, 0e+00]
Found heuristic solution: objective 0
Presolve removed 216 rows and 1 columns
Presolve time: 0.00s
Presolve: All rows and columns removed

Explored 0 nodes (0 simplex iterations) in 0.00 seconds
Thread count was 1 (of 1 available processors)

Optimal solution found (tolerance 1.00e-04)
Best objective 0.000000000000e+00, best bound 0.000000000000e+00, gap 0.0%

Gurobi 6.5.0 (linux64) logging started Mon 06 Jun 2016 01:48:51 AM EDT

Optimize a model with 216 rows, 1 columns and 136 nonzeros
Coefficient statistics:
  Matrix range    [1e+00, 1e+00]
  Objective range [1e+00, 1e+00]
  Bounds range    [0e+00, 0e+00]
  RHS range       [0e+00, 0e+00]
Found heuristic solution: objective 0
Presolve removed 216 rows and 1 columns
Presolve time: 0.00s
Presolve: All rows and columns removed

Explored 0 nodes (0 simplex iterations) in 0.00 seconds
Thread count was 1 (of 1 available processors)

Optimal solution found (tolerance 1.00e-04)
Best objective 0.000000000000e+00, best bound 0.000000000000e+00, gap 0.0%

Gurobi 6.5.0 (linux64) logging started Mon 06 Jun 2016 01:54:29 AM EDT

Optimize a model with 216 rows, 1 columns and 136 nonzeros
Coefficient statistics:
  Matrix range    [1e+00, 1e+00]
  Objective range [1e+00, 1e+00]
  Bounds range    [0e+00, 0e+00]
  RHS range       [0e+00, 0e+00]
Found heuristic solution: objective 0
Presolve removed 216 rows and 1 columns
Presolve time: 0.00s
Presolve: All rows and columns removed

Explored 0 nodes (0 simplex iterations) in 0.00 seconds
Thread count was 1 (of 1 available processors)

Optimal solution found (tolerance 1.00e-04)
Best objective 0.000000000000e+00, best bound 0.000000000000e+00, gap 0.0%

Gurobi 6.5.0 (linux64) logging started Mon 06 Jun 2016 01:56:08 AM EDT

Optimize a model with 216 rows, 1 columns and 136 nonzeros
Coefficient statistics:
  Matrix range    [1e+00, 1e+00]
  Objective range [1e+00, 1e+00]
  Bounds range    [0e+00, 0e+00]
  RHS range       [0e+00, 0e+00]
Found heuristic solution: objective 0
Presolve removed 216 rows and 1 columns
Presolve time: 0.00s
Presolve: All rows and columns removed

Explored 0 nodes (0 simplex iterations) in 0.00 seconds
Thread count was 1 (of 1 available processors)

Optimal solution found (tolerance 1.00e-04)
Best objective 0.000000000000e+00, best bound 0.000000000000e+00, gap 0.0%

Gurobi 6.5.0 (linux64) logging started Mon 06 Jun 2016 01:59:42 AM EDT

Optimize a model with 216 rows, 1 columns and 136 nonzeros
Coefficient statistics:
  Matrix range    [1e+00, 1e+00]
  Objective range [1e+00, 1e+00]
  Bounds range    [0e+00, 0e+00]
  RHS range       [0e+00, 0e+00]
Found heuristic solution: objective 0
Presolve removed 216 rows and 1 columns
Presolve time: 0.00s
Presolve: All rows and columns removed

Explored 0 nodes (0 simplex iterations) in 0.00 seconds
Thread count was 1 (of 1 available processors)

Optimal solution found (tolerance 1.00e-04)
Best objective 0.000000000000e+00, best bound 0.000000000000e+00, gap 0.0%

Gurobi 6.5.0 (linux64) logging started Mon 06 Jun 2016 02:08:03 AM EDT

Optimize a model with 216 rows, 1 columns and 136 nonzeros
Coefficient statistics:
  Matrix range    [1e+00, 1e+00]
  Objective range [1e+00, 1e+00]
  Bounds range    [0e+00, 0e+00]
  RHS range       [0e+00, 0e+00]
Found heuristic solution: objective 0
Presolve removed 216 rows and 1 columns
Presolve time: 0.00s
Presolve: All rows and columns removed

Explored 0 nodes (0 simplex iterations) in 0.00 seconds
Thread count was 1 (of 1 available processors)

Optimal solution found (tolerance 1.00e-04)
Best objective 0.000000000000e+00, best bound 0.000000000000e+00, gap 0.0%

Gurobi 6.5.0 (linux64) logging started Mon 06 Jun 2016 02:08:04 AM EDT

Optimize a model with 216 rows, 1 columns and 136 nonzeros
Coefficient statistics:
  Matrix range    [1e+00, 1e+00]
  Objective range [1e+00, 1e+00]
  Bounds range    [0e+00, 0e+00]
  RHS range       [0e+00, 0e+00]
Found heuristic solution: objective 0
Presolve removed 216 rows and 1 columns
Presolve time: 0.00s
Presolve: All rows and columns removed

Explored 0 nodes (0 simplex iterations) in 0.00 seconds
Thread count was 1 (of 1 available processors)

Optimal solution found (tolerance 1.00e-04)
Best objective 0.000000000000e+00, best bound 0.000000000000e+00, gap 0.0%

Gurobi 6.5.0 (linux64) logging started Mon 06 Jun 2016 02:08:05 AM EDT

Optimize a model with 216 rows, 1 columns and 136 nonzeros
Coefficient statistics:
  Matrix range    [1e+00, 1e+00]
  Objective range [1e+00, 1e+00]
  Bounds range    [0e+00, 0e+00]
  RHS range       [0e+00, 0e+00]
Found heuristic solution: objective 0
Presolve removed 216 rows and 1 columns
Presolve time: 0.00s
Presolve: All rows and columns removed

Explored 0 nodes (0 simplex iterations) in 0.00 seconds
Thread count was 1 (of 1 available processors)

Optimal solution found (tolerance 1.00e-04)
Best objective 0.000000000000e+00, best bound 0.000000000000e+00, gap 0.0%

Gurobi 6.5.0 (linux64) logging started Mon 06 Jun 2016 02:08:06 AM EDT

Optimize a model with 216 rows, 1 columns and 136 nonzeros
Coefficient statistics:
  Matrix range    [1e+00, 1e+00]
  Objective range [1e+00, 1e+00]
  Bounds range    [0e+00, 0e+00]
  RHS range       [0e+00, 0e+00]
Found heuristic solution: objective 0
Presolve removed 216 rows and 1 columns
Presolve time: 0.00s
Presolve: All rows and columns removed

Explored 0 nodes (0 simplex iterations) in 0.00 seconds
Thread count was 1 (of 1 available processors)

Optimal solution found (tolerance 1.00e-04)
Best objective 0.000000000000e+00, best bound 0.000000000000e+00, gap 0.0%

Gurobi 6.5.0 (linux64) logging started Mon 06 Jun 2016 02:08:07 AM EDT

Optimize a model with 216 rows, 1 columns and 136 nonzeros
Coefficient statistics:
  Matrix range    [1e+00, 1e+00]
  Objective range [1e+00, 1e+00]
  Bounds range    [0e+00, 0e+00]
  RHS range       [0e+00, 0e+00]
Found heuristic solution: objective 0
Presolve removed 216 rows and 1 columns
Presolve time: 0.00s
Presolve: All rows and columns removed

Explored 0 nodes (0 simplex iterations) in 0.00 seconds
Thread count was 1 (of 1 available processors)

Optimal solution found (tolerance 1.00e-04)
Best objective 0.000000000000e+00, best bound 0.000000000000e+00, gap 0.0%

Gurobi 6.5.0 (linux64) logging started Mon 06 Jun 2016 02:08:08 AM EDT


Gurobi 6.5.0 (linux64) logging started Mon 06 Jun 2016 02:08:08 AM EDT

Optimize a model with 216 rows, 1 columns and 136 nonzeros
Coefficient statistics:
  Matrix range    [1e+00, 1e+00]
  Objective range [1e+00, 1e+00]
  Bounds range    [0e+00, 0e+00]
  RHS range       [0e+00, 0e+00]
Found heuristic solution: objective 0
Presolve removed 216 rows and 1 columns
Presolve time: 0.00s
Presolve: All rows and columns removed

Explored 0 nodes (0 simplex iterations) in 0.00 seconds
Thread count was 1 (of 1 available processors)

Optimal solution found (tolerance 1.00e-04)
Best objective 0.000000000000e+00, best bound 0.000000000000e+00, gap 0.0%
Optimize a model with 216 rows, 1 columns and 136 nonzeros
Coefficient statistics:
  Matrix range    [1e+00, 1e+00]
  Objective range [1e+00, 1e+00]
  Bounds range    [0e+00, 0e+00]
  RHS range       [0e+00, 0e+00]
Found heuristic solution: objective 0
Presolve removed 216 rows and 1 columns
Presolve time: 0.00s
Presolve: All rows and columns removed

Explored 0 nodes (0 simplex iterations) in 0.00 seconds
Thread count was 1 (of 1 available processors)

Optimal solution found (tolerance 1.00e-04)
Best objective 0.000000000000e+00, best bound 0.000000000000e+00, gap 0.0%

Gurobi 6.5.0 (linux64) logging started Mon 06 Jun 2016 02:10:04 AM EDT

Optimize a model with 216 rows, 1 columns and 136 nonzeros
Coefficient statistics:
  Matrix range    [1e+00, 1e+00]
  Objective range [1e+00, 1e+00]
  Bounds range    [0e+00, 0e+00]
  RHS range       [0e+00, 0e+00]
Found heuristic solution: objective 0
Presolve removed 216 rows and 1 columns
Presolve time: 0.00s
Presolve: All rows and columns removed

Explored 0 nodes (0 simplex iterations) in 0.00 seconds
Thread count was 1 (of 1 available processors)

Optimal solution found (tolerance 1.00e-04)
Best objective 0.000000000000e+00, best bound 0.000000000000e+00, gap 0.0%

Gurobi 6.5.0 (linux64) logging started Mon 06 Jun 2016 02:10:05 AM EDT

Optimize a model with 216 rows, 1 columns and 136 nonzeros
Coefficient statistics:
  Matrix range    [1e+00, 1e+00]
  Objective range [1e+00, 1e+00]
  Bounds range    [0e+00, 0e+00]
  RHS range       [0e+00, 0e+00]
Found heuristic solution: objective 0
Presolve removed 216 rows and 1 columns
Presolve time: 0.00s
Presolve: All rows and columns removed

Explored 0 nodes (0 simplex iterations) in 0.00 seconds
Thread count was 1 (of 1 available processors)

Optimal solution found (tolerance 1.00e-04)
Best objective 0.000000000000e+00, best bound 0.000000000000e+00, gap 0.0%

Gurobi 6.5.0 (linux64) logging started Mon 06 Jun 2016 02:10:06 AM EDT

Optimize a model with 216 rows, 1 columns and 136 nonzeros
Coefficient statistics:
  Matrix range    [1e+00, 1e+00]
  Objective range [1e+00, 1e+00]
  Bounds range    [0e+00, 0e+00]
  RHS range       [0e+00, 0e+00]
Found heuristic solution: objective 0
Presolve removed 216 rows and 1 columns
Presolve time: 0.00s
Presolve: All rows and columns removed

Explored 0 nodes (0 simplex iterations) in 0.00 seconds
Thread count was 1 (of 1 available processors)

Optimal solution found (tolerance 1.00e-04)
Best objective 0.000000000000e+00, best bound 0.000000000000e+00, gap 0.0%

Gurobi 6.5.0 (linux64) logging started Mon 06 Jun 2016 02:10:07 AM EDT

Optimize a model with 216 rows, 1 columns and 136 nonzeros
Coefficient statistics:
  Matrix range    [1e+00, 1e+00]
  Objective range [1e+00, 1e+00]
  Bounds range    [0e+00, 0e+00]
  RHS range       [0e+00, 0e+00]
Found heuristic solution: objective 0
Presolve removed 216 rows and 1 columns
Presolve time: 0.00s
Presolve: All rows and columns removed

Explored 0 nodes (0 simplex iterations) in 0.00 seconds
Thread count was 1 (of 1 available processors)

Optimal solution found (tolerance 1.00e-04)
Best objective 0.000000000000e+00, best bound 0.000000000000e+00, gap 0.0%

Gurobi 6.5.0 (linux64) logging started Mon 06 Jun 2016 02:11:46 AM EDT

Optimize a model with 216 rows, 1 columns and 136 nonzeros
Coefficient statistics:
  Matrix range    [1e+00, 1e+00]
  Objective range [1e+00, 1e+00]
  Bounds range    [0e+00, 0e+00]
  RHS range       [0e+00, 0e+00]
Found heuristic solution: objective 0
Presolve removed 216 rows and 1 columns
Presolve time: 0.00s
Presolve: All rows and columns removed

Explored 0 nodes (0 simplex iterations) in 0.00 seconds
Thread count was 1 (of 1 available processors)

Optimal solution found (tolerance 1.00e-04)
Best objective 0.000000000000e+00, best bound 0.000000000000e+00, gap 0.0%

Gurobi 6.5.0 (linux64) logging started Mon 06 Jun 2016 02:16:53 AM EDT

Optimize a model with 216 rows, 1 columns and 136 nonzeros
Coefficient statistics:
  Matrix range    [1e+00, 1e+00]
  Objective range [1e+00, 1e+00]
  Bounds range    [0e+00, 0e+00]
  RHS range       [0e+00, 0e+00]
Found heuristic solution: objective 0
Presolve removed 216 rows and 1 columns
Presolve time: 0.00s
Presolve: All rows and columns removed

Explored 0 nodes (0 simplex iterations) in 0.00 seconds
Thread count was 1 (of 1 available processors)

Optimal solution found (tolerance 1.00e-04)
Best objective 0.000000000000e+00, best bound 0.000000000000e+00, gap 0.0%

Gurobi 6.5.0 (linux64) logging started Mon 06 Jun 2016 02:26:28 AM EDT

Optimize a model with 216 rows, 1 columns and 136 nonzeros
Coefficient statistics:
  Matrix range    [1e+00, 1e+00]
  Objective range [1e+00, 1e+00]
  Bounds range    [0e+00, 0e+00]
  RHS range       [0e+00, 0e+00]
Found heuristic solution: objective 0
Presolve removed 216 rows and 1 columns
Presolve time: 0.00s
Presolve: All rows and columns removed

Explored 0 nodes (0 simplex iterations) in 0.00 seconds
Thread count was 1 (of 1 available processors)

Optimal solution found (tolerance 1.00e-04)
Best objective 0.000000000000e+00, best bound 0.000000000000e+00, gap 0.0%

Gurobi 6.5.0 (linux64) logging started Mon 06 Jun 2016 02:26:29 AM EDT

Optimize a model with 216 rows, 1 columns and 136 nonzeros
Coefficient statistics:
  Matrix range    [1e+00, 1e+00]
  Objective range [1e+00, 1e+00]
  Bounds range    [0e+00, 0e+00]
  RHS range       [0e+00, 0e+00]
Found heuristic solution: objective 0
Presolve removed 216 rows and 1 columns
Presolve time: 0.00s
Presolve: All rows and columns removed

Explored 0 nodes (0 simplex iterations) in 0.00 seconds
Thread count was 1 (of 1 available processors)

Optimal solution found (tolerance 1.00e-04)
Best objective 0.000000000000e+00, best bound 0.000000000000e+00, gap 0.0%

Gurobi 6.5.0 (linux64) logging started Mon 06 Jun 2016 02:26:30 AM EDT

Optimize a model with 216 rows, 1 columns and 136 nonzeros
Coefficient statistics:
  Matrix range    [1e+00, 1e+00]
  Objective range [1e+00, 1e+00]
  Bounds range    [0e+00, 0e+00]
  RHS range       [0e+00, 0e+00]
Found heuristic solution: objective 0
Presolve removed 216 rows and 1 columns
Presolve time: 0.00s
Presolve: All rows and columns removed

Explored 0 nodes (0 simplex iterations) in 0.00 seconds
Thread count was 1 (of 1 available processors)

Optimal solution found (tolerance 1.00e-04)
Best objective 0.000000000000e+00, best bound 0.000000000000e+00, gap 0.0%

Gurobi 6.5.0 (linux64) logging started Mon 06 Jun 2016 02:26:31 AM EDT

Optimize a model with 216 rows, 1 columns and 136 nonzeros
Coefficient statistics:
  Matrix range    [1e+00, 1e+00]
  Objective range [1e+00, 1e+00]
  Bounds range    [0e+00, 0e+00]
  RHS range       [0e+00, 0e+00]
Found heuristic solution: objective 0
Presolve removed 216 rows and 1 columns
Presolve time: 0.00s
Presolve: All rows and columns removed

Explored 0 nodes (0 simplex iterations) in 0.00 seconds
Thread count was 1 (of 1 available processors)

Optimal solution found (tolerance 1.00e-04)
Best objective 0.000000000000e+00, best bound 0.000000000000e+00, gap 0.0%

Gurobi 6.5.0 (linux64) logging started Mon 06 Jun 2016 02:26:32 AM EDT

Optimize a model with 216 rows, 1 columns and 136 nonzeros
Coefficient statistics:
  Matrix range    [1e+00, 1e+00]
  Objective range [1e+00, 1e+00]
  Bounds range    [0e+00, 0e+00]
  RHS range       [0e+00, 0e+00]
Found heuristic solution: objective 0
Presolve removed 216 rows and 1 columns
Presolve time: 0.00s
Presolve: All rows and columns removed

Explored 0 nodes (0 simplex iterations) in 0.00 seconds
Thread count was 1 (of 1 available processors)

Optimal solution found (tolerance 1.00e-04)
Best objective 0.000000000000e+00, best bound 0.000000000000e+00, gap 0.0%

Gurobi 6.5.0 (linux64) logging started Mon 06 Jun 2016 02:28:08 AM EDT

Optimize a model with 216 rows, 1 columns and 136 nonzeros
Coefficient statistics:
  Matrix range    [1e+00, 1e+00]
  Objective range [1e+00, 1e+00]
  Bounds range    [0e+00, 0e+00]
  RHS range       [0e+00, 0e+00]
Found heuristic solution: objective 0
Presolve removed 216 rows and 1 columns
Presolve time: 0.00s
Presolve: All rows and columns removed

Explored 0 nodes (0 simplex iterations) in 0.00 seconds
Thread count was 1 (of 1 available processors)

Optimal solution found (tolerance 1.00e-04)
Best objective 0.000000000000e+00, best bound 0.000000000000e+00, gap 0.0%

Gurobi 6.5.0 (linux64) logging started Mon 06 Jun 2016 02:28:09 AM EDT

Optimize a model with 216 rows, 1 columns and 136 nonzeros
Coefficient statistics:
  Matrix range    [1e+00, 1e+00]
  Objective range [1e+00, 1e+00]
  Bounds range    [0e+00, 0e+00]
  RHS range       [0e+00, 0e+00]
Found heuristic solution: objective 0
Presolve removed 216 rows and 1 columns
Presolve time: 0.00s
Presolve: All rows and columns removed

Explored 0 nodes (0 simplex iterations) in 0.00 seconds
Thread count was 1 (of 1 available processors)

Optimal solution found (tolerance 1.00e-04)
Best objective 0.000000000000e+00, best bound 0.000000000000e+00, gap 0.0%

Gurobi 6.5.0 (linux64) logging started Mon 06 Jun 2016 02:28:09 AM EDT

Optimize a model with 216 rows, 1 columns and 136 nonzeros
Coefficient statistics:
  Matrix range    [1e+00, 1e+00]
  Objective range [1e+00, 1e+00]
  Bounds range    [0e+00, 0e+00]
  RHS range       [0e+00, 0e+00]
Found heuristic solution: objective 0
Presolve removed 216 rows and 1 columns
Presolve time: 0.00s
Presolve: All rows and columns removed

Explored 0 nodes (0 simplex iterations) in 0.00 seconds
Thread count was 1 (of 1 available processors)

Optimal solution found (tolerance 1.00e-04)
Best objective 0.000000000000e+00, best bound 0.000000000000e+00, gap 0.0%

Gurobi 6.5.0 (linux64) logging started Mon 06 Jun 2016 02:28:11 AM EDT

Optimize a model with 216 rows, 1 columns and 136 nonzeros
Coefficient statistics:
  Matrix range    [1e+00, 1e+00]
  Objective range [1e+00, 1e+00]
  Bounds range    [0e+00, 0e+00]
  RHS range       [0e+00, 0e+00]
Found heuristic solution: objective 0
Presolve removed 216 rows and 1 columns
Presolve time: 0.00s
Presolve: All rows and columns removed

Explored 0 nodes (0 simplex iterations) in 0.00 seconds
Thread count was 1 (of 1 available processors)

Optimal solution found (tolerance 1.00e-04)
Best objective 0.000000000000e+00, best bound 0.000000000000e+00, gap 0.0%

Gurobi 6.5.0 (linux64) logging started Mon 06 Jun 2016 02:33:29 AM EDT

Optimize a model with 216 rows, 1 columns and 136 nonzeros
Coefficient statistics:
  Matrix range    [1e+00, 1e+00]
  Objective range [1e+00, 1e+00]
  Bounds range    [0e+00, 0e+00]
  RHS range       [0e+00, 0e+00]
Found heuristic solution: objective 0
Presolve removed 216 rows and 1 columns
Presolve time: 0.00s
Presolve: All rows and columns removed

Explored 0 nodes (0 simplex iterations) in 0.00 seconds
Thread count was 1 (of 1 available processors)

Optimal solution found (tolerance 1.00e-04)
Best objective 0.000000000000e+00, best bound 0.000000000000e+00, gap 0.0%

Gurobi 6.5.0 (linux64) logging started Mon 06 Jun 2016 02:50:29 AM EDT

Optimize a model with 216 rows, 1 columns and 136 nonzeros
Coefficient statistics:
  Matrix range    [1e+00, 1e+00]
  Objective range [1e+00, 1e+00]
  Bounds range    [0e+00, 0e+00]
  RHS range       [0e+00, 0e+00]
Found heuristic solution: objective 0
Presolve removed 216 rows and 1 columns
Presolve time: 0.00s
Presolve: All rows and columns removed

Explored 0 nodes (0 simplex iterations) in 0.00 seconds
Thread count was 1 (of 1 available processors)

Optimal solution found (tolerance 1.00e-04)
Best objective 0.000000000000e+00, best bound 0.000000000000e+00, gap 0.0%

Gurobi 6.5.0 (linux64) logging started Mon 06 Jun 2016 02:51:03 AM EDT

Optimize a model with 216 rows, 1 columns and 136 nonzeros
Coefficient statistics:
  Matrix range    [1e+00, 1e+00]
  Objective range [1e+00, 1e+00]
  Bounds range    [0e+00, 0e+00]
  RHS range       [0e+00, 0e+00]
Found heuristic solution: objective 0
Presolve removed 216 rows and 1 columns
Presolve time: 0.00s
Presolve: All rows and columns removed

Explored 0 nodes (0 simplex iterations) in 0.00 seconds
Thread count was 1 (of 1 available processors)

Optimal solution found (tolerance 1.00e-04)
Best objective 0.000000000000e+00, best bound 0.000000000000e+00, gap 0.0%

Gurobi 6.5.0 (linux64) logging started Mon 06 Jun 2016 02:57:21 AM EDT

Optimize a model with 216 rows, 1 columns and 136 nonzeros
Coefficient statistics:
  Matrix range    [1e+00, 1e+00]
  Objective range [1e+00, 1e+00]
  Bounds range    [0e+00, 0e+00]
  RHS range       [0e+00, 0e+00]
Found heuristic solution: objective 0
Presolve removed 216 rows and 1 columns
Presolve time: 0.00s
Presolve: All rows and columns removed

Explored 0 nodes (0 simplex iterations) in 0.00 seconds
Thread count was 1 (of 1 available processors)

Optimal solution found (tolerance 1.00e-04)
Best objective 0.000000000000e+00, best bound 0.000000000000e+00, gap 0.0%
